Bash JSON.sh 2016-08-12	IMPLEMENTATION_PASS	i_object_key_lone_2nd_surrogate.json
Bash JSON.sh 2016-08-12	IMPLEMENTATION_PASS	i_string_1st_surrogate_but_2nd_missing.json
Bash JSON.sh 2016-08-12	IMPLEMENTATION_PASS	i_string_1st_valid_surrogate_2nd_invalid.json
Bash JSON.sh 2016-08-12	IMPLEMENTATION_PASS	i_string_incomplete_surrogate_and_escape_valid.json
Bash JSON.sh 2016-08-12	IMPLEMENTATION_PASS	i_string_incomplete_surrogate_pair.json
Bash JSON.sh 2016-08-12	IMPLEMENTATION_PASS	i_string_incomplete_surrogates_escape_valid.json
Bash JSON.sh 2016-08-12	IMPLEMENTATION_PASS	i_string_invalid_lonely_surrogate.json
Bash JSON.sh 2016-08-12	IMPLEMENTATION_PASS	i_string_invalid_surrogate.json
Bash JSON.sh 2016-08-12	IMPLEMENTATION_PASS	i_string_inverted_surrogates_U+1D11E.json
Bash JSON.sh 2016-08-12	IMPLEMENTATION_PASS	i_string_lone_second_surrogate.json
Bash JSON.sh 2016-08-12	IMPLEMENTATION_FAIL	i_string_not_in_unicode_range.json
Bash JSON.sh 2016-08-12	IMPLEMENTATION_FAIL	i_string_truncated-utf-8.json
Bash JSON.sh 2016-08-12	IMPLEMENTATION_PASS	i_string_unicode_U+10FFFE_nonchar.json
Bash JSON.sh 2016-08-12	IMPLEMENTATION_PASS	i_string_unicode_U+1FFFE_nonchar.json
Bash JSON.sh 2016-08-12	IMPLEMENTATION_PASS	i_string_unicode_U+FDD0_nonchar.json
Bash JSON.sh 2016-08-12	IMPLEMENTATION_PASS	i_string_unicode_U+FFFE_nonchar.json
Bash JSON.sh 2016-08-12	IMPLEMENTATION_FAIL	i_string_UTF-16LE_with_BOM.json
Bash JSON.sh 2016-08-12	IMPLEMENTATION_FAIL	i_string_UTF-8_invalid_sequence.json
Bash JSON.sh 2016-08-12	CRASH	i_structure_500_nested_arrays.json
Bash JSON.sh 2016-08-12	IMPLEMENTATION_FAIL	i_structure_UTF-8_BOM_empty_object.json
Bash JSON.sh 2016-08-12	SHOULD_HAVE_FAILED	n_number_-2..json
Bash JSON.sh 2016-08-12	SHOULD_HAVE_FAILED	n_number_0.3e+.json
Bash JSON.sh 2016-08-12	SHOULD_HAVE_FAILED	n_number_0.3e.json
Bash JSON.sh 2016-08-12	SHOULD_HAVE_FAILED	n_number_0.e1.json
Bash JSON.sh 2016-08-12	SHOULD_HAVE_FAILED	n_number_0_capital_E+.json
Bash JSON.sh 2016-08-12	SHOULD_HAVE_FAILED	n_number_0_capital_E.json
Bash JSON.sh 2016-08-12	SHOULD_HAVE_FAILED	n_number_0e+.json
Bash JSON.sh 2016-08-12	SHOULD_HAVE_FAILED	n_number_0e.json
Bash JSON.sh 2016-08-12	SHOULD_HAVE_FAILED	n_number_1.0e+.json
Bash JSON.sh 2016-08-12	SHOULD_HAVE_FAILED	n_number_1.0e-.json
Bash JSON.sh 2016-08-12	SHOULD_HAVE_FAILED	n_number_1.0e.json
Bash JSON.sh 2016-08-12	SHOULD_HAVE_FAILED	n_number_2.e+3.json
Bash JSON.sh 2016-08-12	SHOULD_HAVE_FAILED	n_number_2.e-3.json
Bash JSON.sh 2016-08-12	SHOULD_HAVE_FAILED	n_number_2.e3.json
Bash JSON.sh 2016-08-12	SHOULD_HAVE_FAILED	n_number_9.e+.json
Bash JSON.sh 2016-08-12	SHOULD_HAVE_FAILED	n_number_real_without_fractional_part.json
Bash JSON.sh 2016-08-12	SHOULD_HAVE_FAILED	n_number_then_00.json
Bash JSON.sh 2016-08-12	SHOULD_HAVE_FAILED	n_string_backslash_00.json
Bash JSON.sh 2016-08-12	SHOULD_HAVE_FAILED	n_string_escape_x.json
Bash JSON.sh 2016-08-12	SHOULD_HAVE_FAILED	n_string_escaped_emoji.json
Bash JSON.sh 2016-08-12	SHOULD_HAVE_FAILED	n_string_incomplete_surrogate_escape_invalid.json
Bash JSON.sh 2016-08-12	SHOULD_HAVE_FAILED	n_string_invalid_backslash_esc.json
Bash JSON.sh 2016-08-12	SHOULD_HAVE_FAILED	n_string_unescaped_crtl_char.json
Bash JSON.sh 2016-08-12	SHOULD_HAVE_FAILED	n_string_unicode_CapitalU.json
Bash JSON.sh 2016-08-12	CRASH	n_structure_100000_opening_arrays.json
Bash JSON.sh 2016-08-12	SHOULD_HAVE_FAILED	n_structure_null-byte-outside-string.json
Bash JSON.sh 2016-08-12	CRASH	n_structure_open_array_object.json
Bash JSON.sh 2016-08-12	SHOULD_HAVE_FAILED	n_structure_whitespace_formfeed.json
Bash JSON.sh 2016-08-12	SHOULD_HAVE_PASSED	y_string_unescaped_char_delete.json
Bash JSON.sh 2016-08-12	SHOULD_HAVE_PASSED	y_string_with_del_character.json
C JSON Checker	IMPLEMENTATION_PASS	i_object_key_lone_2nd_surrogate.json
C JSON Checker	IMPLEMENTATION_PASS	i_string_1st_surrogate_but_2nd_missing.json
C JSON Checker	IMPLEMENTATION_PASS	i_string_1st_valid_surrogate_2nd_invalid.json
C JSON Checker	IMPLEMENTATION_PASS	i_string_incomplete_surrogate_and_escape_valid.json
C JSON Checker	IMPLEMENTATION_PASS	i_string_incomplete_surrogate_pair.json
C JSON Checker	IMPLEMENTATION_PASS	i_string_incomplete_surrogates_escape_valid.json
C JSON Checker	IMPLEMENTATION_PASS	i_string_invalid_lonely_surrogate.json
C JSON Checker	IMPLEMENTATION_PASS	i_string_invalid_surrogate.json
C JSON Checker	IMPLEMENTATION_PASS	i_string_inverted_surrogates_U+1D11E.json
C JSON Checker	IMPLEMENTATION_PASS	i_string_lone_second_surrogate.json
C JSON Checker	IMPLEMENTATION_FAIL	i_string_not_in_unicode_range.json
C JSON Checker	IMPLEMENTATION_FAIL	i_string_truncated-utf-8.json
C JSON Checker	IMPLEMENTATION_PASS	i_string_unicode_U+10FFFE_nonchar.json
C JSON Checker	IMPLEMENTATION_PASS	i_string_unicode_U+1FFFE_nonchar.json
C JSON Checker	IMPLEMENTATION_PASS	i_string_unicode_U+FDD0_nonchar.json
C JSON Checker	IMPLEMENTATION_PASS	i_string_unicode_U+FFFE_nonchar.json
C JSON Checker	IMPLEMENTATION_FAIL	i_string_UTF-16LE_with_BOM.json
C JSON Checker	IMPLEMENTATION_FAIL	i_string_UTF-8_invalid_sequence.json
C JSON Checker	IMPLEMENTATION_FAIL	i_structure_500_nested_arrays.json
C JSON Checker	IMPLEMENTATION_FAIL	i_structure_UTF-8_BOM_empty_object.json
C JSON Checker	SHOULD_HAVE_FAILED	n_number_-2..json
C JSON Checker	SHOULD_HAVE_FAILED	n_number_0.e1.json
C JSON Checker	SHOULD_HAVE_FAILED	n_number_2.e+3.json
C JSON Checker	SHOULD_HAVE_FAILED	n_number_2.e-3.json
C JSON Checker	SHOULD_HAVE_FAILED	n_number_2.e3.json
C JSON Checker	SHOULD_HAVE_FAILED	n_number_real_without_fractional_part.json
C JSON Checker	SHOULD_HAVE_PASSED	y_number_0e+1.json
C JSON Checker	SHOULD_HAVE_PASSED	y_number_0e1.json
C JSON Checker	SHOULD_HAVE_PASSED	y_string_nonCharacterInUTF-8_U+10FFFF.json
C JSON Checker	SHOULD_HAVE_PASSED	y_string_nonCharacterInUTF-8_U+1FFFF.json
C JSON Checker	SHOULD_HAVE_PASSED	y_string_nonCharacterInUTF-8_U+FFFF.json
C JSON Checker	SHOULD_HAVE_PASSED	y_string_pi.json
C JSON Checker	SHOULD_HAVE_PASSED	y_string_space.json
C JSON Checker	SHOULD_HAVE_PASSED	y_string_u+2028_line_sep.json
C JSON Checker	SHOULD_HAVE_PASSED	y_string_u+2029_par_sep.json
C JSON Checker	SHOULD_HAVE_PASSED	y_string_unicode_2.json
C JSON Checker	SHOULD_HAVE_PASSED	y_string_utf16BE_no_BOM.json
C JSON Checker	SHOULD_HAVE_PASSED	y_string_utf16LE_no_BOM.json
C JSON Checker	SHOULD_HAVE_PASSED	y_string_utf8.json
C JSON Checker	SHOULD_HAVE_PASSED	y_structure_lonely_false.json
C JSON Checker	SHOULD_HAVE_PASSED	y_structure_lonely_int.json
C JSON Checker	SHOULD_HAVE_PASSED	y_structure_lonely_negative_real.json
C JSON Checker	SHOULD_HAVE_PASSED	y_structure_lonely_null.json
C JSON Checker	SHOULD_HAVE_PASSED	y_structure_lonely_string.json
C JSON Checker	SHOULD_HAVE_PASSED	y_structure_lonely_true.json
C JSON Checker	SHOULD_HAVE_PASSED	y_structure_string_empty.json
C JSON Checker 2	IMPLEMENTATION_PASS	i_object_key_lone_2nd_surrogate.json
C JSON Checker 2	IMPLEMENTATION_PASS	i_string_1st_surrogate_but_2nd_missing.json
C JSON Checker 2	IMPLEMENTATION_PASS	i_string_1st_valid_surrogate_2nd_invalid.json
C JSON Checker 2	IMPLEMENTATION_PASS	i_string_incomplete_surrogate_and_escape_valid.json
C JSON Checker 2	IMPLEMENTATION_PASS	i_string_incomplete_surrogate_pair.json
C JSON Checker 2	IMPLEMENTATION_PASS	i_string_incomplete_surrogates_escape_valid.json
C JSON Checker 2	IMPLEMENTATION_PASS	i_string_invalid_lonely_surrogate.json
C JSON Checker 2	IMPLEMENTATION_PASS	i_string_invalid_surrogate.json
C JSON Checker 2	IMPLEMENTATION_PASS	i_string_inverted_surrogates_U+1D11E.json
C JSON Checker 2	IMPLEMENTATION_PASS	i_string_lone_second_surrogate.json
C JSON Checker 2	IMPLEMENTATION_FAIL	i_string_not_in_unicode_range.json
C JSON Checker 2	IMPLEMENTATION_FAIL	i_string_truncated-utf-8.json
C JSON Checker 2	IMPLEMENTATION_PASS	i_string_unicode_U+10FFFE_nonchar.json
C JSON Checker 2	IMPLEMENTATION_PASS	i_string_unicode_U+1FFFE_nonchar.json
C JSON Checker 2	IMPLEMENTATION_PASS	i_string_unicode_U+FDD0_nonchar.json
C JSON Checker 2	IMPLEMENTATION_PASS	i_string_unicode_U+FFFE_nonchar.json
C JSON Checker 2	IMPLEMENTATION_FAIL	i_string_UTF-16LE_with_BOM.json
C JSON Checker 2	IMPLEMENTATION_FAIL	i_string_UTF-8_invalid_sequence.json
C JSON Checker 2	IMPLEMENTATION_FAIL	i_structure_500_nested_arrays.json
C JSON Checker 2	IMPLEMENTATION_FAIL	i_structure_UTF-8_BOM_empty_object.json
C JSON Checker 2	SHOULD_HAVE_PASSED	y_string_nonCharacterInUTF-8_U+10FFFF.json
C JSON Checker 2	SHOULD_HAVE_PASSED	y_string_nonCharacterInUTF-8_U+1FFFF.json
C JSON Checker 2	SHOULD_HAVE_PASSED	y_string_nonCharacterInUTF-8_U+FFFF.json
C JSON Checker 2	SHOULD_HAVE_PASSED	y_string_pi.json
C JSON Checker 2	SHOULD_HAVE_PASSED	y_string_space.json
C JSON Checker 2	SHOULD_HAVE_PASSED	y_string_u+2028_line_sep.json
C JSON Checker 2	SHOULD_HAVE_PASSED	y_string_u+2029_par_sep.json
C JSON Checker 2	SHOULD_HAVE_PASSED	y_string_unicode_2.json
C JSON Checker 2	SHOULD_HAVE_PASSED	y_string_utf16BE_no_BOM.json
C JSON Checker 2	SHOULD_HAVE_PASSED	y_string_utf16LE_no_BOM.json
C JSON Checker 2	SHOULD_HAVE_PASSED	y_string_utf8.json
C JSON Checker 2	SHOULD_HAVE_PASSED	y_structure_lonely_false.json
C JSON Checker 2	SHOULD_HAVE_PASSED	y_structure_lonely_int.json
C JSON Checker 2	SHOULD_HAVE_PASSED	y_structure_lonely_negative_real.json
C JSON Checker 2	SHOULD_HAVE_PASSED	y_structure_lonely_null.json
C JSON Checker 2	SHOULD_HAVE_PASSED	y_structure_lonely_string.json
C JSON Checker 2	SHOULD_HAVE_PASSED	y_structure_lonely_true.json
C JSON Checker 2	SHOULD_HAVE_PASSED	y_structure_string_empty.json
C JSON Parser by udp	IMPLEMENTATION_FAIL	i_object_key_lone_2nd_surrogate.json
C JSON Parser by udp	IMPLEMENTATION_FAIL	i_string_1st_surrogate_but_2nd_missing.json
C JSON Parser by udp	IMPLEMENTATION_PASS	i_string_1st_valid_surrogate_2nd_invalid.json
C JSON Parser by udp	IMPLEMENTATION_FAIL	i_string_incomplete_surrogate_and_escape_valid.json
C JSON Parser by udp	IMPLEMENTATION_FAIL	i_string_incomplete_surrogate_pair.json
C JSON Parser by udp	IMPLEMENTATION_PASS	i_string_incomplete_surrogates_escape_valid.json
C JSON Parser by udp	IMPLEMENTATION_FAIL	i_string_invalid_lonely_surrogate.json
C JSON Parser by udp	IMPLEMENTATION_FAIL	i_string_invalid_surrogate.json
C JSON Parser by udp	IMPLEMENTATION_PASS	i_string_inverted_surrogates_U+1D11E.json
C JSON Parser by udp	IMPLEMENTATION_FAIL	i_string_lone_second_surrogate.json
C JSON Parser by udp	IMPLEMENTATION_PASS	i_string_not_in_unicode_range.json
C JSON Parser by udp	IMPLEMENTATION_PASS	i_string_truncated-utf-8.json
C JSON Parser by udp	IMPLEMENTATION_PASS	i_string_unicode_U+10FFFE_nonchar.json
C JSON Parser by udp	IMPLEMENTATION_PASS	i_string_unicode_U+1FFFE_nonchar.json
C JSON Parser by udp	IMPLEMENTATION_PASS	i_string_unicode_U+FDD0_nonchar.json
C JSON Parser by udp	IMPLEMENTATION_PASS	i_string_unicode_U+FFFE_nonchar.json
C JSON Parser by udp	IMPLEMENTATION_FAIL	i_string_UTF-16LE_with_BOM.json
C JSON Parser by udp	IMPLEMENTATION_PASS	i_string_UTF-8_invalid_sequence.json
C JSON Parser by udp	IMPLEMENTATION_PASS	i_structure_500_nested_arrays.json
C JSON Parser by udp	IMPLEMENTATION_PASS	i_structure_UTF-8_BOM_empty_object.json
C JSON Parser by udp	SHOULD_HAVE_FAILED	n_array_extra_comma.json
C JSON Parser by udp	SHOULD_HAVE_FAILED	n_array_just_minus.json
C JSON Parser by udp	SHOULD_HAVE_FAILED	n_array_number_and_comma.json
C JSON Parser by udp	SHOULD_HAVE_FAILED	n_number_then_00.json
C JSON Parser by udp	SHOULD_HAVE_FAILED	n_object_pi_in_key_and_trailing_comma.json
C JSON Parser by udp	SHOULD_HAVE_FAILED	n_object_trailing_comma.json
C JSON Parser by udp	SHOULD_HAVE_FAILED	n_string_escape_x.json
C JSON Parser by udp	SHOULD_HAVE_FAILED	n_string_escaped_ctrl_char_tab.json
C JSON Parser by udp	SHOULD_HAVE_FAILED	n_string_escaped_emoji.json
C JSON Parser by udp	SHOULD_HAVE_FAILED	n_string_incomplete_surrogate_escape_invalid.json
C JSON Parser by udp	SHOULD_HAVE_FAILED	n_string_invalid_backslash_esc.json
C JSON Parser by udp	SHOULD_HAVE_FAILED	n_string_invalid_utf-8.json
C JSON Parser by udp	SHOULD_HAVE_FAILED	n_string_invalid_utf8_after_escape.json
C JSON Parser by udp	SHOULD_HAVE_FAILED	n_string_iso_latin_1.json
C JSON Parser by udp	SHOULD_HAVE_FAILED	n_string_lone_utf8_continuation_byte.json
C JSON Parser by udp	SHOULD_HAVE_FAILED	n_string_overlong_sequence_2_bytes.json
C JSON Parser by udp	SHOULD_HAVE_FAILED	n_string_overlong_sequence_6_bytes.json
C JSON Parser by udp	SHOULD_HAVE_FAILED	n_string_overlong_sequence_6_bytes_null.json
C JSON Parser by udp	SHOULD_HAVE_FAILED	n_string_unescaped_newline.json
C JSON Parser by udp	SHOULD_HAVE_FAILED	n_string_unescaped_tab.json
C JSON Parser by udp	SHOULD_HAVE_FAILED	n_string_unicode_CapitalU.json
C JSON Parser by udp	SHOULD_HAVE_FAILED	n_string_UTF8_surrogate_U+D800.json
C JSON Parser by udp	SHOULD_HAVE_PASSED	y_string_utf16BE_no_BOM.json
C JSON Parser by udp	SHOULD_HAVE_PASSED	y_string_utf16LE_no_BOM.json
C cJSON	IMPLEMENTATION_FAIL	i_object_key_lone_2nd_surrogate.json
C cJSON	IMPLEMENTATION_FAIL	i_string_1st_surrogate_but_2nd_missing.json
C cJSON	IMPLEMENTATION_FAIL	i_string_1st_valid_surrogate_2nd_invalid.json
C cJSON	IMPLEMENTATION_FAIL	i_string_incomplete_surrogate_and_escape_valid.json
C cJSON	IMPLEMENTATION_FAIL	i_string_incomplete_surrogate_pair.json
C cJSON	IMPLEMENTATION_FAIL	i_string_incomplete_surrogates_escape_valid.json
C cJSON	IMPLEMENTATION_FAIL	i_string_invalid_lonely_surrogate.json
C cJSON	IMPLEMENTATION_FAIL	i_string_invalid_surrogate.json
C cJSON	IMPLEMENTATION_FAIL	i_string_inverted_surrogates_U+1D11E.json
C cJSON	IMPLEMENTATION_FAIL	i_string_lone_second_surrogate.json
C cJSON	IMPLEMENTATION_PASS	i_string_not_in_unicode_range.json
C cJSON	IMPLEMENTATION_PASS	i_string_truncated-utf-8.json
C cJSON	IMPLEMENTATION_PASS	i_string_unicode_U+10FFFE_nonchar.json
C cJSON	IMPLEMENTATION_PASS	i_string_unicode_U+1FFFE_nonchar.json
C cJSON	IMPLEMENTATION_PASS	i_string_unicode_U+FDD0_nonchar.json
C cJSON	IMPLEMENTATION_PASS	i_string_unicode_U+FFFE_nonchar.json
C cJSON	IMPLEMENTATION_FAIL	i_string_UTF-16LE_with_BOM.json
C cJSON	IMPLEMENTATION_PASS	i_string_UTF-8_invalid_sequence.json
C cJSON	IMPLEMENTATION_PASS	i_structure_500_nested_arrays.json
C cJSON	IMPLEMENTATION_FAIL	i_structure_UTF-8_BOM_empty_object.json
C cJSON	SHOULD_HAVE_FAILED	n_array_comma_after_close.json
C cJSON	SHOULD_HAVE_FAILED	n_array_extra_close.json
C cJSON	SHOULD_HAVE_FAILED	n_array_just_minus.json
C cJSON	SHOULD_HAVE_FAILED	n_number_-01.json
C cJSON	SHOULD_HAVE_FAILED	n_number_0.3e+.json
C cJSON	SHOULD_HAVE_FAILED	n_number_0.3e.json
C cJSON	SHOULD_HAVE_FAILED	n_number_0_capital_E+.json
C cJSON	SHOULD_HAVE_FAILED	n_number_0_capital_E.json
C cJSON	SHOULD_HAVE_FAILED	n_number_0e+.json
C cJSON	SHOULD_HAVE_FAILED	n_number_0e.json
C cJSON	SHOULD_HAVE_FAILED	n_number_1.0e+.json
C cJSON	SHOULD_HAVE_FAILED	n_number_1.0e-.json
C cJSON	SHOULD_HAVE_FAILED	n_number_1.0e.json
C cJSON	SHOULD_HAVE_FAILED	n_number_neg_int_starting_with_zero.json
C cJSON	SHOULD_HAVE_FAILED	n_number_neg_real_without_int_part.json
C cJSON	SHOULD_HAVE_FAILED	n_number_then_00.json
C cJSON	SHOULD_HAVE_FAILED	n_number_with_leading_zero.json
C cJSON	SHOULD_HAVE_FAILED	n_object_trailing_comment.json
C cJSON	SHOULD_HAVE_FAILED	n_object_trailing_comment_open.json
C cJSON	SHOULD_HAVE_FAILED	n_object_trailing_comment_slash_open.json
C cJSON	SHOULD_HAVE_FAILED	n_object_trailing_comment_slash_open_incomplete.json
C cJSON	SHOULD_HAVE_FAILED	n_object_with_trailing_garbage.json
C cJSON	SHOULD_HAVE_FAILED	n_string_backslash_00.json
C cJSON	SHOULD_HAVE_FAILED	n_string_escape_x.json
C cJSON	SHOULD_HAVE_FAILED	n_string_escaped_ctrl_char_tab.json
C cJSON	SHOULD_HAVE_FAILED	n_string_escaped_emoji.json
C cJSON	SHOULD_HAVE_FAILED	n_string_invalid_backslash_esc.json
C cJSON	SHOULD_HAVE_FAILED	n_string_invalid_utf-8.json
C cJSON	SHOULD_HAVE_FAILED	n_string_invalid_utf8_after_escape.json
C cJSON	SHOULD_HAVE_FAILED	n_string_iso_latin_1.json
C cJSON	SHOULD_HAVE_FAILED	n_string_lone_utf8_continuation_byte.json
C cJSON	SHOULD_HAVE_FAILED	n_string_overlong_sequence_2_bytes.json
C cJSON	SHOULD_HAVE_FAILED	n_string_overlong_sequence_6_bytes.json
C cJSON	SHOULD_HAVE_FAILED	n_string_overlong_sequence_6_bytes_null.json
C cJSON	SHOULD_HAVE_FAILED	n_string_single_doublequote.json
C cJSON	SHOULD_HAVE_FAILED	n_string_unescaped_newline.json
C cJSON	SHOULD_HAVE_FAILED	n_string_unescaped_tab.json
C cJSON	SHOULD_HAVE_FAILED	n_string_unicode_CapitalU.json
C cJSON	SHOULD_HAVE_FAILED	n_string_UTF8_surrogate_U+D800.json
C cJSON	SHOULD_HAVE_FAILED	n_string_with_trailing_garbage.json
C cJSON	CRASH	n_structure_100000_opening_arrays.json
C cJSON	SHOULD_HAVE_FAILED	n_structure_array_trailing_garbage.json
C cJSON	SHOULD_HAVE_FAILED	n_structure_array_with_extra_array_close.json
C cJSON	SHOULD_HAVE_FAILED	n_structure_close_unopened_array.json
C cJSON	SHOULD_HAVE_FAILED	n_structure_double_array.json
C cJSON	SHOULD_HAVE_FAILED	n_structure_number_with_trailing_garbage.json
C cJSON	SHOULD_HAVE_FAILED	n_structure_object_followed_by_closing_object.json
C cJSON	SHOULD_HAVE_FAILED	n_structure_object_with_trailing_garbage.json
C cJSON	CRASH	n_structure_open_array_object.json
C cJSON	SHOULD_HAVE_FAILED	n_structure_trailing_#.json
C cJSON	SHOULD_HAVE_FAILED	n_structure_whitespace_formfeed.json
C cJSON	SHOULD_HAVE_PASSED	y_object_escaped_null_in_key.json
C cJSON	SHOULD_HAVE_PASSED	y_string_null_escape.json
C cJSON	SHOULD_HAVE_PASSED	y_string_utf16BE_no_BOM.json
C cJSON	SHOULD_HAVE_PASSED	y_string_utf16LE_no_BOM.json
C ccan	IMPLEMENTATION_FAIL	i_object_key_lone_2nd_surrogate.json
C ccan	IMPLEMENTATION_FAIL	i_string_1st_surrogate_but_2nd_missing.json
C ccan	IMPLEMENTATION_FAIL	i_string_1st_valid_surrogate_2nd_invalid.json
C ccan	IMPLEMENTATION_FAIL	i_string_incomplete_surrogate_and_escape_valid.json
C ccan	IMPLEMENTATION_FAIL	i_string_incomplete_surrogate_pair.json
C ccan	IMPLEMENTATION_FAIL	i_string_incomplete_surrogates_escape_valid.json
C ccan	IMPLEMENTATION_FAIL	i_string_invalid_lonely_surrogate.json
C ccan	IMPLEMENTATION_FAIL	i_string_invalid_surrogate.json
C ccan	IMPLEMENTATION_FAIL	i_string_inverted_surrogates_U+1D11E.json
C ccan	IMPLEMENTATION_FAIL	i_string_lone_second_surrogate.json
C ccan	IMPLEMENTATION_FAIL	i_string_not_in_unicode_range.json
C ccan	IMPLEMENTATION_FAIL	i_string_truncated-utf-8.json
C ccan	IMPLEMENTATION_PASS	i_string_unicode_U+10FFFE_nonchar.json
C ccan	IMPLEMENTATION_PASS	i_string_unicode_U+1FFFE_nonchar.json
C ccan	IMPLEMENTATION_PASS	i_string_unicode_U+FDD0_nonchar.json
C ccan	IMPLEMENTATION_PASS	i_string_unicode_U+FFFE_nonchar.json
C ccan	IMPLEMENTATION_FAIL	i_string_UTF-16LE_with_BOM.json
C ccan	IMPLEMENTATION_FAIL	i_string_UTF-8_invalid_sequence.json
C ccan	IMPLEMENTATION_PASS	i_structure_500_nested_arrays.json
C ccan	IMPLEMENTATION_FAIL	i_structure_UTF-8_BOM_empty_object.json
C ccan	SHOULD_HAVE_FAILED	n_number_then_00.json
C ccan	CRASH	n_structure_100000_opening_arrays.json
C ccan	CRASH	n_structure_open_array_object.json
C ccan	SHOULD_HAVE_PASSED	y_object_escaped_null_in_key.json
C ccan	SHOULD_HAVE_PASSED	y_string_null_escape.json
C ccan	SHOULD_HAVE_PASSED	y_string_utf16BE_no_BOM.json
C ccan	SHOULD_HAVE_PASSED	y_string_utf16LE_no_BOM.json
C jansson	IMPLEMENTATION_FAIL	i_object_key_lone_2nd_surrogate.json
C jansson	IMPLEMENTATION_FAIL	i_string_1st_surrogate_but_2nd_missing.json
C jansson	IMPLEMENTATION_FAIL	i_string_1st_valid_surrogate_2nd_invalid.json
C jansson	IMPLEMENTATION_FAIL	i_string_incomplete_surrogate_and_escape_valid.json
C jansson	IMPLEMENTATION_FAIL	i_string_incomplete_surrogate_pair.json
C jansson	IMPLEMENTATION_FAIL	i_string_incomplete_surrogates_escape_valid.json
C jansson	IMPLEMENTATION_FAIL	i_string_invalid_lonely_surrogate.json
C jansson	IMPLEMENTATION_FAIL	i_string_invalid_surrogate.json
C jansson	IMPLEMENTATION_FAIL	i_string_inverted_surrogates_U+1D11E.json
C jansson	IMPLEMENTATION_FAIL	i_string_lone_second_surrogate.json
C jansson	IMPLEMENTATION_FAIL	i_string_not_in_unicode_range.json
C jansson	IMPLEMENTATION_FAIL	i_string_truncated-utf-8.json
C jansson	IMPLEMENTATION_PASS	i_string_unicode_U+10FFFE_nonchar.json
C jansson	IMPLEMENTATION_PASS	i_string_unicode_U+1FFFE_nonchar.json
C jansson	IMPLEMENTATION_PASS	i_string_unicode_U+FDD0_nonchar.json
C jansson	IMPLEMENTATION_PASS	i_string_unicode_U+FFFE_nonchar.json
C jansson	IMPLEMENTATION_FAIL	i_string_UTF-16LE_with_BOM.json
C jansson	IMPLEMENTATION_FAIL	i_string_UTF-8_invalid_sequence.json
C jansson	IMPLEMENTATION_PASS	i_structure_500_nested_arrays.json
C jansson	IMPLEMENTATION_FAIL	i_structure_UTF-8_BOM_empty_object.json
C jansson	SHOULD_HAVE_PASSED	y_number_huge_exp.json
C jansson	SHOULD_HAVE_PASSED	y_number_neg_int_huge_exp.json
C jansson	SHOULD_HAVE_PASSED	y_number_pos_double_huge_exp.json
C jansson	SHOULD_HAVE_PASSED	y_number_real_neg_overflow.json
C jansson	SHOULD_HAVE_PASSED	y_number_real_pos_overflow.json
C jansson	SHOULD_HAVE_PASSED	y_number_too_big_neg_int.json
C jansson	SHOULD_HAVE_PASSED	y_number_too_big_pos_int.json
C jansson	SHOULD_HAVE_PASSED	y_number_very_big_negative_int.json
C jansson	SHOULD_HAVE_PASSED	y_object_escaped_null_in_key.json
C jansson	SHOULD_HAVE_PASSED	y_string_null_escape.json
C jansson	SHOULD_HAVE_PASSED	y_string_space.json
C jansson	SHOULD_HAVE_PASSED	y_string_utf16BE_no_BOM.json
C jansson	SHOULD_HAVE_PASSED	y_string_utf16LE_no_BOM.json
C jansson	SHOULD_HAVE_PASSED	y_structure_lonely_false.json
C jansson	SHOULD_HAVE_PASSED	y_structure_lonely_int.json
C jansson	SHOULD_HAVE_PASSED	y_structure_lonely_negative_real.json
C jansson	SHOULD_HAVE_PASSED	y_structure_lonely_null.json
C jansson	SHOULD_HAVE_PASSED	y_structure_lonely_string.json
C jansson	SHOULD_HAVE_PASSED	y_structure_lonely_true.json
C jansson	SHOULD_HAVE_PASSED	y_structure_string_empty.json
C jsmn	IMPLEMENTATION_PASS	i_object_key_lone_2nd_surrogate.json
C jsmn	IMPLEMENTATION_PASS	i_string_1st_surrogate_but_2nd_missing.json
C jsmn	IMPLEMENTATION_PASS	i_string_1st_valid_surrogate_2nd_invalid.json
C jsmn	IMPLEMENTATION_PASS	i_string_incomplete_surrogate_and_escape_valid.json
C jsmn	IMPLEMENTATION_PASS	i_string_incomplete_surrogate_pair.json
C jsmn	IMPLEMENTATION_PASS	i_string_incomplete_surrogates_escape_valid.json
C jsmn	IMPLEMENTATION_PASS	i_string_invalid_lonely_surrogate.json
C jsmn	IMPLEMENTATION_PASS	i_string_invalid_surrogate.json
C jsmn	IMPLEMENTATION_PASS	i_string_inverted_surrogates_U+1D11E.json
C jsmn	IMPLEMENTATION_PASS	i_string_lone_second_surrogate.json
C jsmn	IMPLEMENTATION_PASS	i_string_not_in_unicode_range.json
C jsmn	IMPLEMENTATION_PASS	i_string_truncated-utf-8.json
C jsmn	IMPLEMENTATION_PASS	i_string_unicode_U+10FFFE_nonchar.json
C jsmn	IMPLEMENTATION_PASS	i_string_unicode_U+1FFFE_nonchar.json
C jsmn	IMPLEMENTATION_PASS	i_string_unicode_U+FDD0_nonchar.json
C jsmn	IMPLEMENTATION_PASS	i_string_unicode_U+FFFE_nonchar.json
C jsmn	IMPLEMENTATION_FAIL	i_string_UTF-16LE_with_BOM.json
C jsmn	IMPLEMENTATION_PASS	i_string_UTF-8_invalid_sequence.json
C jsmn	IMPLEMENTATION_FAIL	i_structure_500_nested_arrays.json
C jsmn	IMPLEMENTATION_FAIL	i_structure_UTF-8_BOM_empty_object.json
C jsmn	SHOULD_HAVE_FAILED	n_array_1_true_without_comma.json
C jsmn	SHOULD_HAVE_FAILED	n_array_colon_instead_of_comma.json
C jsmn	SHOULD_HAVE_FAILED	n_array_comma_after_close.json
C jsmn	SHOULD_HAVE_FAILED	n_array_comma_and_number.json
C jsmn	SHOULD_HAVE_FAILED	n_array_double_comma.json
C jsmn	SHOULD_HAVE_FAILED	n_array_double_extra_comma.json
C jsmn	SHOULD_HAVE_FAILED	n_array_extra_comma.json
C jsmn	SHOULD_HAVE_FAILED	n_array_items_separated_by_semicolon.json
C jsmn	SHOULD_HAVE_FAILED	n_array_just_comma.json
C jsmn	SHOULD_HAVE_FAILED	n_array_just_minus.json
C jsmn	SHOULD_HAVE_FAILED	n_array_missing_value.json
C jsmn	SHOULD_HAVE_FAILED	n_array_number_and_comma.json
C jsmn	SHOULD_HAVE_FAILED	n_array_number_and_several_commas.json
C jsmn	SHOULD_HAVE_FAILED	n_array_spaces_vertical_tab_formfeed.json
C jsmn	SHOULD_HAVE_FAILED	n_array_star_inside.json
C jsmn	SHOULD_HAVE_FAILED	n_incomplete_false.json
C jsmn	SHOULD_HAVE_FAILED	n_incomplete_null.json
C jsmn	SHOULD_HAVE_FAILED	n_incomplete_true.json
C jsmn	SHOULD_HAVE_FAILED	n_number_++.json
C jsmn	SHOULD_HAVE_FAILED	n_number_+1.json
C jsmn	SHOULD_HAVE_FAILED	n_number_+Inf.json
C jsmn	SHOULD_HAVE_FAILED	n_number_-01.json
C jsmn	SHOULD_HAVE_FAILED	n_number_-1.0..json
C jsmn	SHOULD_HAVE_FAILED	n_number_-2..json
C jsmn	SHOULD_HAVE_FAILED	n_number_-NaN.json
C jsmn	SHOULD_HAVE_FAILED	n_number_.-1.json
C jsmn	SHOULD_HAVE_FAILED	n_number_.2e-3.json
C jsmn	SHOULD_HAVE_FAILED	n_number_0.1.2.json
C jsmn	SHOULD_HAVE_FAILED	n_number_0.3e+.json
C jsmn	SHOULD_HAVE_FAILED	n_number_0.3e.json
C jsmn	SHOULD_HAVE_FAILED	n_number_0.e1.json
C jsmn	SHOULD_HAVE_FAILED	n_number_0_capital_E+.json
C jsmn	SHOULD_HAVE_FAILED	n_number_0_capital_E.json
C jsmn	SHOULD_HAVE_FAILED	n_number_0e+.json
C jsmn	SHOULD_HAVE_FAILED	n_number_0e.json
C jsmn	SHOULD_HAVE_FAILED	n_number_1.0e+.json
C jsmn	SHOULD_HAVE_FAILED	n_number_1.0e-.json
C jsmn	SHOULD_HAVE_FAILED	n_number_1.0e.json
C jsmn	SHOULD_HAVE_FAILED	n_number_1_000.json
C jsmn	SHOULD_HAVE_FAILED	n_number_1eE2.json
C jsmn	SHOULD_HAVE_FAILED	n_number_2.e+3.json
C jsmn	SHOULD_HAVE_FAILED	n_number_2.e-3.json
C jsmn	SHOULD_HAVE_FAILED	n_number_2.e3.json
C jsmn	SHOULD_HAVE_FAILED	n_number_9.e+.json
C jsmn	SHOULD_HAVE_FAILED	n_number_expression.json
C jsmn	SHOULD_HAVE_FAILED	n_number_hex_1_digit.json
C jsmn	SHOULD_HAVE_FAILED	n_number_hex_2_digits.json
C jsmn	SHOULD_HAVE_FAILED	n_number_Inf.json
C jsmn	SHOULD_HAVE_FAILED	n_number_infinity.json
C jsmn	SHOULD_HAVE_FAILED	n_number_invalid+-.json
C jsmn	SHOULD_HAVE_FAILED	n_number_invalid-negative-real.json
C jsmn	SHOULD_HAVE_FAILED	n_number_minus_infinity.json
C jsmn	SHOULD_HAVE_FAILED	n_number_minus_sign_with_trailing_garbage.json
C jsmn	SHOULD_HAVE_FAILED	n_number_minus_space_1.json
C jsmn	SHOULD_HAVE_FAILED	n_number_NaN.json
C jsmn	SHOULD_HAVE_FAILED	n_number_neg_int_starting_with_zero.json
C jsmn	SHOULD_HAVE_FAILED	n_number_neg_real_without_int_part.json
C jsmn	SHOULD_HAVE_FAILED	n_number_neg_with_garbage_at_end.json
C jsmn	SHOULD_HAVE_FAILED	n_number_real_garbage_after_e.json
C jsmn	SHOULD_HAVE_FAILED	n_number_real_without_fractional_part.json
C jsmn	SHOULD_HAVE_FAILED	n_number_starting_with_dot.json
C jsmn	SHOULD_HAVE_FAILED	n_number_then_00.json
C jsmn	SHOULD_HAVE_FAILED	n_number_with_alpha.json
C jsmn	SHOULD_HAVE_FAILED	n_number_with_alpha_char.json
C jsmn	SHOULD_HAVE_FAILED	n_number_with_leading_zero.json
C jsmn	SHOULD_HAVE_FAILED	n_object_bad_value.json
C jsmn	SHOULD_HAVE_FAILED	n_object_comma_instead_of_colon.json
C jsmn	SHOULD_HAVE_FAILED	n_object_double_colon.json
C jsmn	SHOULD_HAVE_FAILED	n_object_garbage_at_end.json
C jsmn	SHOULD_HAVE_FAILED	n_object_key_with_single_quotes.json
C jsmn	SHOULD_HAVE_FAILED	n_object_missing_colon.json
C jsmn	SHOULD_HAVE_FAILED	n_object_missing_key.json
C jsmn	SHOULD_HAVE_FAILED	n_object_missing_semicolon.json
C jsmn	SHOULD_HAVE_FAILED	n_object_non_string_key.json
C jsmn	SHOULD_HAVE_FAILED	n_object_non_string_key_but_huge_number_instead.json
C jsmn	SHOULD_HAVE_FAILED	n_object_pi_in_key_and_trailing_comma.json
C jsmn	SHOULD_HAVE_FAILED	n_object_repeated_null_null.json
C jsmn	SHOULD_HAVE_FAILED	n_object_several_trailing_commas.json
C jsmn	SHOULD_HAVE_FAILED	n_object_single_quote.json
C jsmn	SHOULD_HAVE_FAILED	n_object_trailing_comma.json
C jsmn	SHOULD_HAVE_FAILED	n_object_trailing_comment.json
C jsmn	SHOULD_HAVE_FAILED	n_object_trailing_comment_open.json
C jsmn	SHOULD_HAVE_FAILED	n_object_trailing_comment_slash_open.json
C jsmn	SHOULD_HAVE_FAILED	n_object_trailing_comment_slash_open_incomplete.json
C jsmn	SHOULD_HAVE_FAILED	n_object_two_commas_in_a_row.json
C jsmn	SHOULD_HAVE_FAILED	n_object_unquoted_key.json
C jsmn	SHOULD_HAVE_FAILED	n_object_with_single_string.json
C jsmn	SHOULD_HAVE_FAILED	n_object_with_trailing_garbage.json
C jsmn	SHOULD_HAVE_FAILED	n_string_invalid_utf-8.json
C jsmn	SHOULD_HAVE_FAILED	n_string_iso_latin_1.json
C jsmn	SHOULD_HAVE_FAILED	n_string_leading_uescaped_thinspace.json
C jsmn	SHOULD_HAVE_FAILED	n_string_lone_utf8_continuation_byte.json
C jsmn	SHOULD_HAVE_FAILED	n_string_no_quotes_with_bad_escape.json
C jsmn	SHOULD_HAVE_FAILED	n_string_overlong_sequence_2_bytes.json
C jsmn	SHOULD_HAVE_FAILED	n_string_overlong_sequence_6_bytes.json
C jsmn	SHOULD_HAVE_FAILED	n_string_overlong_sequence_6_bytes_null.json
C jsmn	SHOULD_HAVE_FAILED	n_string_single_quote.json
C jsmn	SHOULD_HAVE_FAILED	n_string_single_string_no_double_quotes.json
C jsmn	SHOULD_HAVE_FAILED	n_string_unescaped_newline.json
C jsmn	SHOULD_HAVE_FAILED	n_string_unescaped_tab.json
C jsmn	SHOULD_HAVE_FAILED	n_string_UTF8_surrogate_U+D800.json
C jsmn	SHOULD_HAVE_FAILED	n_string_with_trailing_garbage.json
C jsmn	SHOULD_HAVE_FAILED	n_structure_<.>.json
C jsmn	SHOULD_HAVE_FAILED	n_structure_<null>.json
C jsmn	SHOULD_HAVE_FAILED	n_structure_array_trailing_garbage.json
C jsmn	SHOULD_HAVE_FAILED	n_structure_capitalized_True.json
C jsmn	SHOULD_HAVE_FAILED	n_structure_double_array.json
C jsmn	SHOULD_HAVE_FAILED	n_structure_number_with_trailing_garbage.json
C jsmn	SHOULD_HAVE_FAILED	n_structure_object_with_comment.json
C jsmn	SHOULD_HAVE_FAILED	n_structure_object_with_trailing_garbage.json
C jsmn	SHOULD_HAVE_FAILED	n_structure_single_star.json
C jsmn	SHOULD_HAVE_FAILED	n_structure_uescaped_LF_before_string.json
C jsmn	SHOULD_HAVE_PASSED	y_number_huge_exp.json
C jsmn	SHOULD_HAVE_PASSED	y_object_long_strings.json
C jsmn	SHOULD_HAVE_PASSED	y_object_string_unicode.json
C jsmn	SHOULD_HAVE_PASSED	y_string_utf16BE_no_BOM.json
C jsmn	SHOULD_HAVE_PASSED	y_string_utf16LE_no_BOM.json
Go 1.7.1	IMPLEMENTATION_PASS	i_object_key_lone_2nd_surrogate.json
Go 1.7.1	IMPLEMENTATION_PASS	i_string_1st_surrogate_but_2nd_missing.json
Go 1.7.1	IMPLEMENTATION_PASS	i_string_1st_valid_surrogate_2nd_invalid.json
Go 1.7.1	IMPLEMENTATION_PASS	i_string_incomplete_surrogate_and_escape_valid.json
Go 1.7.1	IMPLEMENTATION_PASS	i_string_incomplete_surrogate_pair.json
Go 1.7.1	IMPLEMENTATION_PASS	i_string_incomplete_surrogates_escape_valid.json
Go 1.7.1	IMPLEMENTATION_PASS	i_string_invalid_lonely_surrogate.json
Go 1.7.1	IMPLEMENTATION_PASS	i_string_invalid_surrogate.json
Go 1.7.1	IMPLEMENTATION_PASS	i_string_inverted_surrogates_U+1D11E.json
Go 1.7.1	IMPLEMENTATION_PASS	i_string_lone_second_surrogate.json
Go 1.7.1	IMPLEMENTATION_PASS	i_string_not_in_unicode_range.json
Go 1.7.1	IMPLEMENTATION_PASS	i_string_truncated-utf-8.json
Go 1.7.1	IMPLEMENTATION_PASS	i_string_unicode_U+10FFFE_nonchar.json
Go 1.7.1	IMPLEMENTATION_PASS	i_string_unicode_U+1FFFE_nonchar.json
Go 1.7.1	IMPLEMENTATION_PASS	i_string_unicode_U+FDD0_nonchar.json
Go 1.7.1	IMPLEMENTATION_PASS	i_string_unicode_U+FFFE_nonchar.json
Go 1.7.1	IMPLEMENTATION_FAIL	i_string_UTF-16LE_with_BOM.json
Go 1.7.1	IMPLEMENTATION_PASS	i_string_UTF-8_invalid_sequence.json
Go 1.7.1	IMPLEMENTATION_PASS	i_structure_500_nested_arrays.json
Go 1.7.1	IMPLEMENTATION_FAIL	i_structure_UTF-8_BOM_empty_object.json
Go 1.7.1	SHOULD_HAVE_FAILED	n_string_invalid_utf-8.json
Go 1.7.1	SHOULD_HAVE_FAILED	n_string_iso_latin_1.json
Go 1.7.1	SHOULD_HAVE_FAILED	n_string_lone_utf8_continuation_byte.json
Go 1.7.1	SHOULD_HAVE_FAILED	n_string_overlong_sequence_2_bytes.json
Go 1.7.1	SHOULD_HAVE_FAILED	n_string_overlong_sequence_6_bytes.json
Go 1.7.1	SHOULD_HAVE_FAILED	n_string_overlong_sequence_6_bytes_null.json
Go 1.7.1	SHOULD_HAVE_FAILED	n_string_UTF8_surrogate_U+D800.json
Go 1.7.1	SHOULD_HAVE_PASSED	y_number_huge_exp.json
Go 1.7.1	SHOULD_HAVE_PASSED	y_number_neg_int_huge_exp.json
Go 1.7.1	SHOULD_HAVE_PASSED	y_number_pos_double_huge_exp.json
Go 1.7.1	SHOULD_HAVE_PASSED	y_number_real_neg_overflow.json
Go 1.7.1	SHOULD_HAVE_PASSED	y_number_real_pos_overflow.json
Go 1.7.1	SHOULD_HAVE_PASSED	y_string_utf16BE_no_BOM.json
Go 1.7.1	SHOULD_HAVE_PASSED	y_string_utf16LE_no_BOM.json
Java Jackson 2.8.4	IMPLEMENTATION_PASS	i_object_key_lone_2nd_surrogate.json
Java Jackson 2.8.4	IMPLEMENTATION_PASS	i_string_1st_surrogate_but_2nd_missing.json
Java Jackson 2.8.4	IMPLEMENTATION_PASS	i_string_1st_valid_surrogate_2nd_invalid.json
Java Jackson 2.8.4	IMPLEMENTATION_PASS	i_string_incomplete_surrogate_and_escape_valid.json
Java Jackson 2.8.4	IMPLEMENTATION_PASS	i_string_incomplete_surrogate_pair.json
Java Jackson 2.8.4	IMPLEMENTATION_PASS	i_string_incomplete_surrogates_escape_valid.json
Java Jackson 2.8.4	IMPLEMENTATION_PASS	i_string_invalid_lonely_surrogate.json
Java Jackson 2.8.4	IMPLEMENTATION_PASS	i_string_invalid_surrogate.json
Java Jackson 2.8.4	IMPLEMENTATION_PASS	i_string_inverted_surrogates_U+1D11E.json
Java Jackson 2.8.4	IMPLEMENTATION_PASS	i_string_lone_second_surrogate.json
Java Jackson 2.8.4	IMPLEMENTATION_PASS	i_string_not_in_unicode_range.json
Java Jackson 2.8.4	IMPLEMENTATION_PASS	i_string_truncated-utf-8.json
Java Jackson 2.8.4	IMPLEMENTATION_PASS	i_string_unicode_U+10FFFE_nonchar.json
Java Jackson 2.8.4	IMPLEMENTATION_PASS	i_string_unicode_U+1FFFE_nonchar.json
Java Jackson 2.8.4	IMPLEMENTATION_PASS	i_string_unicode_U+FDD0_nonchar.json
Java Jackson 2.8.4	IMPLEMENTATION_PASS	i_string_unicode_U+FFFE_nonchar.json
Java Jackson 2.8.4	IMPLEMENTATION_FAIL	i_string_UTF-16LE_with_BOM.json
Java Jackson 2.8.4	IMPLEMENTATION_PASS	i_string_UTF-8_invalid_sequence.json
Java Jackson 2.8.4	IMPLEMENTATION_PASS	i_structure_500_nested_arrays.json
Java Jackson 2.8.4	IMPLEMENTATION_FAIL	i_structure_UTF-8_BOM_empty_object.json
Java Jackson 2.8.4	SHOULD_HAVE_FAILED	n_array_comma_after_close.json
Java Jackson 2.8.4	SHOULD_HAVE_FAILED	n_array_extra_close.json
Java Jackson 2.8.4	SHOULD_HAVE_FAILED	n_object_trailing_comment.json
Java Jackson 2.8.4	SHOULD_HAVE_FAILED	n_object_trailing_comment_open.json
Java Jackson 2.8.4	SHOULD_HAVE_FAILED	n_object_trailing_comment_slash_open.json
Java Jackson 2.8.4	SHOULD_HAVE_FAILED	n_object_trailing_comment_slash_open_incomplete.json
Java Jackson 2.8.4	SHOULD_HAVE_FAILED	n_object_with_trailing_garbage.json
Java Jackson 2.8.4	SHOULD_HAVE_FAILED	n_string_invalid_utf-8.json
Java Jackson 2.8.4	SHOULD_HAVE_FAILED	n_string_iso_latin_1.json
Java Jackson 2.8.4	SHOULD_HAVE_FAILED	n_string_lone_utf8_continuation_byte.json
Java Jackson 2.8.4	SHOULD_HAVE_FAILED	n_string_overlong_sequence_2_bytes.json
Java Jackson 2.8.4	SHOULD_HAVE_FAILED	n_string_overlong_sequence_6_bytes.json
Java Jackson 2.8.4	SHOULD_HAVE_FAILED	n_string_overlong_sequence_6_bytes_null.json
Java Jackson 2.8.4	SHOULD_HAVE_FAILED	n_string_UTF8_surrogate_U+D800.json
Java Jackson 2.8.4	SHOULD_HAVE_FAILED	n_string_with_trailing_garbage.json
Java Jackson 2.8.4	SHOULD_HAVE_FAILED	n_structure_array_trailing_garbage.json
Java Jackson 2.8.4	SHOULD_HAVE_FAILED	n_structure_array_with_extra_array_close.json
Java Jackson 2.8.4	SHOULD_HAVE_FAILED	n_structure_double_array.json
Java Jackson 2.8.4	SHOULD_HAVE_FAILED	n_structure_object_followed_by_closing_object.json
Java Jackson 2.8.4	SHOULD_HAVE_FAILED	n_structure_object_with_trailing_garbage.json
Java Jackson 2.8.4	SHOULD_HAVE_FAILED	n_structure_trailing_#.json
Java Jackson 2.8.4	SHOULD_HAVE_PASSED	y_string_utf16BE_no_BOM.json
Java Jackson 2.8.4	SHOULD_HAVE_PASSED	y_string_utf16LE_no_BOM.json
Java com.leastfixedpoint.json 1.0	IMPLEMENTATION_PASS	i_object_key_lone_2nd_surrogate.json
Java com.leastfixedpoint.json 1.0	IMPLEMENTATION_PASS	i_string_1st_surrogate_but_2nd_missing.json
Java com.leastfixedpoint.json 1.0	IMPLEMENTATION_PASS	i_string_1st_valid_surrogate_2nd_invalid.json
Java com.leastfixedpoint.json 1.0	IMPLEMENTATION_PASS	i_string_incomplete_surrogate_and_escape_valid.json
Java com.leastfixedpoint.json 1.0	IMPLEMENTATION_PASS	i_string_incomplete_surrogate_pair.json
Java com.leastfixedpoint.json 1.0	IMPLEMENTATION_PASS	i_string_incomplete_surrogates_escape_valid.json
Java com.leastfixedpoint.json 1.0	IMPLEMENTATION_PASS	i_string_invalid_lonely_surrogate.json
Java com.leastfixedpoint.json 1.0	IMPLEMENTATION_PASS	i_string_invalid_surrogate.json
Java com.leastfixedpoint.json 1.0	IMPLEMENTATION_PASS	i_string_inverted_surrogates_U+1D11E.json
Java com.leastfixedpoint.json 1.0	IMPLEMENTATION_PASS	i_string_lone_second_surrogate.json
Java com.leastfixedpoint.json 1.0	IMPLEMENTATION_PASS	i_string_not_in_unicode_range.json
Java com.leastfixedpoint.json 1.0	IMPLEMENTATION_PASS	i_string_truncated-utf-8.json
Java com.leastfixedpoint.json 1.0	IMPLEMENTATION_PASS	i_string_unicode_U+10FFFE_nonchar.json
Java com.leastfixedpoint.json 1.0	IMPLEMENTATION_PASS	i_string_unicode_U+1FFFE_nonchar.json
Java com.leastfixedpoint.json 1.0	IMPLEMENTATION_PASS	i_string_unicode_U+FDD0_nonchar.json
Java com.leastfixedpoint.json 1.0	IMPLEMENTATION_PASS	i_string_unicode_U+FFFE_nonchar.json
Java com.leastfixedpoint.json 1.0	IMPLEMENTATION_FAIL	i_string_UTF-16LE_with_BOM.json
Java com.leastfixedpoint.json 1.0	IMPLEMENTATION_PASS	i_string_UTF-8_invalid_sequence.json
Java com.leastfixedpoint.json 1.0	IMPLEMENTATION_PASS	i_structure_500_nested_arrays.json
Java com.leastfixedpoint.json 1.0	IMPLEMENTATION_PASS	i_structure_UTF-8_BOM_empty_object.json
Java com.leastfixedpoint.json 1.0	SHOULD_HAVE_FAILED	n_number_-01.json
Java com.leastfixedpoint.json 1.0	SHOULD_HAVE_FAILED	n_number_-2..json
Java com.leastfixedpoint.json 1.0	SHOULD_HAVE_FAILED	n_number_0.e1.json
Java com.leastfixedpoint.json 1.0	SHOULD_HAVE_FAILED	n_number_2.e+3.json
Java com.leastfixedpoint.json 1.0	SHOULD_HAVE_FAILED	n_number_2.e-3.json
Java com.leastfixedpoint.json 1.0	SHOULD_HAVE_FAILED	n_number_2.e3.json
Java com.leastfixedpoint.json 1.0	SHOULD_HAVE_FAILED	n_number_neg_int_starting_with_zero.json
Java com.leastfixedpoint.json 1.0	SHOULD_HAVE_FAILED	n_number_neg_real_without_int_part.json
Java com.leastfixedpoint.json 1.0	SHOULD_HAVE_FAILED	n_number_real_without_fractional_part.json
Java com.leastfixedpoint.json 1.0	SHOULD_HAVE_FAILED	n_number_U+FF11_fullwidth_digit_one.json
Java com.leastfixedpoint.json 1.0	SHOULD_HAVE_FAILED	n_number_with_leading_zero.json
Java com.leastfixedpoint.json 1.0	SHOULD_HAVE_FAILED	n_object_single_quote.json
Java com.leastfixedpoint.json 1.0	SHOULD_HAVE_FAILED	n_object_trailing_comment_slash_open.json
Java com.leastfixedpoint.json 1.0	SHOULD_HAVE_FAILED	n_string_invalid_unicode_escape.json
Java com.leastfixedpoint.json 1.0	SHOULD_HAVE_FAILED	n_string_invalid_utf-8.json
Java com.leastfixedpoint.json 1.0	SHOULD_HAVE_FAILED	n_string_iso_latin_1.json
Java com.leastfixedpoint.json 1.0	SHOULD_HAVE_FAILED	n_string_lone_utf8_continuation_byte.json
Java com.leastfixedpoint.json 1.0	SHOULD_HAVE_FAILED	n_string_overlong_sequence_2_bytes.json
Java com.leastfixedpoint.json 1.0	SHOULD_HAVE_FAILED	n_string_overlong_sequence_6_bytes.json
Java com.leastfixedpoint.json 1.0	SHOULD_HAVE_FAILED	n_string_overlong_sequence_6_bytes_null.json
Java com.leastfixedpoint.json 1.0	SHOULD_HAVE_FAILED	n_string_single_quote.json
Java com.leastfixedpoint.json 1.0	SHOULD_HAVE_FAILED	n_string_unescaped_crtl_char.json
Java com.leastfixedpoint.json 1.0	SHOULD_HAVE_FAILED	n_string_unescaped_newline.json
Java com.leastfixedpoint.json 1.0	SHOULD_HAVE_FAILED	n_string_unescaped_tab.json
Java com.leastfixedpoint.json 1.0	SHOULD_HAVE_FAILED	n_string_UTF8_surrogate_U+D800.json
Java com.leastfixedpoint.json 1.0	SHOULD_HAVE_FAILED	n_structure_whitespace_formfeed.json
Java com.leastfixedpoint.json 1.0	SHOULD_HAVE_PASSED	y_number_huge_exp.json
Java com.leastfixedpoint.json 1.0	SHOULD_HAVE_PASSED	y_string_utf16BE_no_BOM.json
Java com.leastfixedpoint.json 1.0	SHOULD_HAVE_PASSED	y_string_utf16LE_no_BOM.json
Java gson 2.7	IMPLEMENTATION_PASS	i_object_key_lone_2nd_surrogate.json
Java gson 2.7	IMPLEMENTATION_PASS	i_string_1st_surrogate_but_2nd_missing.json
Java gson 2.7	IMPLEMENTATION_PASS	i_string_1st_valid_surrogate_2nd_invalid.json
Java gson 2.7	IMPLEMENTATION_PASS	i_string_incomplete_surrogate_and_escape_valid.json
Java gson 2.7	IMPLEMENTATION_PASS	i_string_incomplete_surrogate_pair.json
Java gson 2.7	IMPLEMENTATION_PASS	i_string_incomplete_surrogates_escape_valid.json
Java gson 2.7	IMPLEMENTATION_PASS	i_string_invalid_lonely_surrogate.json
Java gson 2.7	IMPLEMENTATION_PASS	i_string_invalid_surrogate.json
Java gson 2.7	IMPLEMENTATION_PASS	i_string_inverted_surrogates_U+1D11E.json
Java gson 2.7	IMPLEMENTATION_PASS	i_string_lone_second_surrogate.json
Java gson 2.7	IMPLEMENTATION_PASS	i_string_not_in_unicode_range.json
Java gson 2.7	IMPLEMENTATION_PASS	i_string_truncated-utf-8.json
Java gson 2.7	IMPLEMENTATION_PASS	i_string_unicode_U+10FFFE_nonchar.json
Java gson 2.7	IMPLEMENTATION_PASS	i_string_unicode_U+1FFFE_nonchar.json
Java gson 2.7	IMPLEMENTATION_PASS	i_string_unicode_U+FDD0_nonchar.json
Java gson 2.7	IMPLEMENTATION_PASS	i_string_unicode_U+FFFE_nonchar.json
Java gson 2.7	IMPLEMENTATION_FAIL	i_string_UTF-16LE_with_BOM.json
Java gson 2.7	IMPLEMENTATION_PASS	i_string_UTF-8_invalid_sequence.json
Java gson 2.7	IMPLEMENTATION_PASS	i_structure_500_nested_arrays.json
Java gson 2.7	IMPLEMENTATION_PASS	i_structure_UTF-8_BOM_empty_object.json
Java gson 2.7	SHOULD_HAVE_FAILED	n_array_a_invalid_utf8.json
Java gson 2.7	SHOULD_HAVE_FAILED	n_array_comma_and_number.json
Java gson 2.7	SHOULD_HAVE_FAILED	n_array_double_comma.json
Java gson 2.7	SHOULD_HAVE_FAILED	n_array_double_extra_comma.json
Java gson 2.7	SHOULD_HAVE_FAILED	n_array_extra_comma.json
Java gson 2.7	SHOULD_HAVE_FAILED	n_array_invalid_utf8.json
Java gson 2.7	SHOULD_HAVE_FAILED	n_array_just_comma.json
Java gson 2.7	SHOULD_HAVE_FAILED	n_array_just_minus.json
Java gson 2.7	SHOULD_HAVE_FAILED	n_array_missing_value.json
Java gson 2.7	SHOULD_HAVE_FAILED	n_array_number_and_comma.json
Java gson 2.7	SHOULD_HAVE_FAILED	n_array_number_and_several_commas.json
Java gson 2.7	SHOULD_HAVE_FAILED	n_array_star_inside.json
Java gson 2.7	SHOULD_HAVE_FAILED	n_incomplete_false.json
Java gson 2.7	SHOULD_HAVE_FAILED	n_incomplete_null.json
Java gson 2.7	SHOULD_HAVE_FAILED	n_incomplete_true.json
Java gson 2.7	SHOULD_HAVE_FAILED	n_number_++.json
Java gson 2.7	SHOULD_HAVE_FAILED	n_number_+1.json
Java gson 2.7	SHOULD_HAVE_FAILED	n_number_+Inf.json
Java gson 2.7	SHOULD_HAVE_FAILED	n_number_-01.json
Java gson 2.7	SHOULD_HAVE_FAILED	n_number_-1.0..json
Java gson 2.7	SHOULD_HAVE_FAILED	n_number_-2..json
Java gson 2.7	SHOULD_HAVE_FAILED	n_number_-NaN.json
Java gson 2.7	SHOULD_HAVE_FAILED	n_number_.-1.json
Java gson 2.7	SHOULD_HAVE_FAILED	n_number_.2e-3.json
Java gson 2.7	SHOULD_HAVE_FAILED	n_number_0.1.2.json
Java gson 2.7	SHOULD_HAVE_FAILED	n_number_0.3e+.json
Java gson 2.7	SHOULD_HAVE_FAILED	n_number_0.3e.json
Java gson 2.7	SHOULD_HAVE_FAILED	n_number_0.e1.json
Java gson 2.7	SHOULD_HAVE_FAILED	n_number_0_capital_E+.json
Java gson 2.7	SHOULD_HAVE_FAILED	n_number_0_capital_E.json
Java gson 2.7	SHOULD_HAVE_FAILED	n_number_0e+.json
Java gson 2.7	SHOULD_HAVE_FAILED	n_number_0e.json
Java gson 2.7	SHOULD_HAVE_FAILED	n_number_1.0e+.json
Java gson 2.7	SHOULD_HAVE_FAILED	n_number_1.0e-.json
Java gson 2.7	SHOULD_HAVE_FAILED	n_number_1.0e.json
Java gson 2.7	SHOULD_HAVE_FAILED	n_number_1eE2.json
Java gson 2.7	SHOULD_HAVE_FAILED	n_number_2.e+3.json
Java gson 2.7	SHOULD_HAVE_FAILED	n_number_2.e-3.json
Java gson 2.7	SHOULD_HAVE_FAILED	n_number_2.e3.json
Java gson 2.7	SHOULD_HAVE_FAILED	n_number_9.e+.json
Java gson 2.7	SHOULD_HAVE_FAILED	n_number_expression.json
Java gson 2.7	SHOULD_HAVE_FAILED	n_number_hex_1_digit.json
Java gson 2.7	SHOULD_HAVE_FAILED	n_number_hex_2_digits.json
Java gson 2.7	SHOULD_HAVE_FAILED	n_number_Inf.json
Java gson 2.7	SHOULD_HAVE_FAILED	n_number_infinity.json
Java gson 2.7	SHOULD_HAVE_FAILED	n_number_invalid+-.json
Java gson 2.7	SHOULD_HAVE_FAILED	n_number_invalid-negative-real.json
Java gson 2.7	SHOULD_HAVE_FAILED	n_number_invalid-utf-8-in-bigger-int.json
Java gson 2.7	SHOULD_HAVE_FAILED	n_number_invalid-utf-8-in-exponent.json
Java gson 2.7	SHOULD_HAVE_FAILED	n_number_invalid-utf-8-in-int.json
Java gson 2.7	SHOULD_HAVE_FAILED	n_number_minus_infinity.json
Java gson 2.7	SHOULD_HAVE_FAILED	n_number_minus_sign_with_trailing_garbage.json
Java gson 2.7	SHOULD_HAVE_FAILED	n_number_NaN.json
Java gson 2.7	SHOULD_HAVE_FAILED	n_number_neg_int_starting_with_zero.json
Java gson 2.7	SHOULD_HAVE_FAILED	n_number_neg_real_without_int_part.json
Java gson 2.7	SHOULD_HAVE_FAILED	n_number_neg_with_garbage_at_end.json
Java gson 2.7	SHOULD_HAVE_FAILED	n_number_real_garbage_after_e.json
Java gson 2.7	SHOULD_HAVE_FAILED	n_number_real_with_invalid_utf8_after_e.json
Java gson 2.7	SHOULD_HAVE_FAILED	n_number_real_without_fractional_part.json
Java gson 2.7	SHOULD_HAVE_FAILED	n_number_starting_with_dot.json
Java gson 2.7	SHOULD_HAVE_FAILED	n_number_then_00.json
Java gson 2.7	SHOULD_HAVE_FAILED	n_number_U+FF11_fullwidth_digit_one.json
Java gson 2.7	SHOULD_HAVE_FAILED	n_number_with_alpha.json
Java gson 2.7	SHOULD_HAVE_FAILED	n_number_with_alpha_char.json
Java gson 2.7	SHOULD_HAVE_FAILED	n_number_with_leading_zero.json
Java gson 2.7	SHOULD_HAVE_FAILED	n_object_bad_value.json
Java gson 2.7	SHOULD_HAVE_FAILED	n_object_key_with_single_quotes.json
Java gson 2.7	SHOULD_HAVE_FAILED	n_object_non_string_key.json
Java gson 2.7	SHOULD_HAVE_FAILED	n_object_non_string_key_but_huge_number_instead.json
Java gson 2.7	SHOULD_HAVE_FAILED	n_object_repeated_null_null.json
Java gson 2.7	SHOULD_HAVE_FAILED	n_object_single_quote.json
Java gson 2.7	SHOULD_HAVE_FAILED	n_object_unquoted_key.json
Java gson 2.7	SHOULD_HAVE_FAILED	n_string_accentuated_char_no_quotes.json
Java gson 2.7	SHOULD_HAVE_FAILED	n_string_invalid_utf-8.json
Java gson 2.7	SHOULD_HAVE_FAILED	n_string_iso_latin_1.json
Java gson 2.7	SHOULD_HAVE_FAILED	n_string_lone_utf8_continuation_byte.json
Java gson 2.7	SHOULD_HAVE_FAILED	n_string_overlong_sequence_2_bytes.json
Java gson 2.7	SHOULD_HAVE_FAILED	n_string_overlong_sequence_6_bytes.json
Java gson 2.7	SHOULD_HAVE_FAILED	n_string_overlong_sequence_6_bytes_null.json
Java gson 2.7	SHOULD_HAVE_FAILED	n_string_single_quote.json
Java gson 2.7	SHOULD_HAVE_FAILED	n_string_single_string_no_double_quotes.json
Java gson 2.7	SHOULD_HAVE_FAILED	n_string_unescaped_crtl_char.json
Java gson 2.7	SHOULD_HAVE_FAILED	n_string_unescaped_newline.json
Java gson 2.7	SHOULD_HAVE_FAILED	n_string_unescaped_tab.json
Java gson 2.7	SHOULD_HAVE_FAILED	n_string_UTF8_surrogate_U+D800.json
Java gson 2.7	SHOULD_HAVE_FAILED	n_structure_<.>.json
Java gson 2.7	SHOULD_HAVE_FAILED	n_structure_<null>.json
Java gson 2.7	SHOULD_HAVE_FAILED	n_structure_ascii-unicode-identifier.json
Java gson 2.7	SHOULD_HAVE_FAILED	n_structure_capitalized_True.json
Java gson 2.7	SHOULD_HAVE_FAILED	n_structure_lone-invalid-utf-8.json
Java gson 2.7	SHOULD_HAVE_FAILED	n_structure_null-byte-outside-string.json
Java gson 2.7	SHOULD_HAVE_FAILED	n_structure_number_with_trailing_garbage.json
Java gson 2.7	SHOULD_HAVE_FAILED	n_structure_object_with_comment.json
Java gson 2.7	SHOULD_HAVE_FAILED	n_structure_single_point.json
Java gson 2.7	SHOULD_HAVE_FAILED	n_structure_single_star.json
Java gson 2.7	SHOULD_HAVE_FAILED	n_structure_U+2060_word_joined.json
Java gson 2.7	SHOULD_HAVE_FAILED	n_structure_unicode-identifier.json
Java gson 2.7	SHOULD_HAVE_FAILED	n_structure_whitespace_U+2060_word_joiner.json
Java gson 2.7	SHOULD_HAVE_PASSED	y_string_utf16BE_no_BOM.json
Java gson 2.7	SHOULD_HAVE_PASSED	y_string_utf16LE_no_BOM.json
Java gson 2.7	SHOULD_HAVE_PASSED	y_structure_lonely_null.json
Java json-simple 1.1.1	IMPLEMENTATION_PASS	i_object_key_lone_2nd_surrogate.json
Java json-simple 1.1.1	IMPLEMENTATION_PASS	i_string_1st_surrogate_but_2nd_missing.json
Java json-simple 1.1.1	IMPLEMENTATION_PASS	i_string_1st_valid_surrogate_2nd_invalid.json
Java json-simple 1.1.1	IMPLEMENTATION_PASS	i_string_incomplete_surrogate_and_escape_valid.json
Java json-simple 1.1.1	IMPLEMENTATION_PASS	i_string_incomplete_surrogate_pair.json
Java json-simple 1.1.1	IMPLEMENTATION_PASS	i_string_incomplete_surrogates_escape_valid.json
Java json-simple 1.1.1	IMPLEMENTATION_PASS	i_string_invalid_lonely_surrogate.json
Java json-simple 1.1.1	IMPLEMENTATION_PASS	i_string_invalid_surrogate.json
Java json-simple 1.1.1	IMPLEMENTATION_PASS	i_string_inverted_surrogates_U+1D11E.json
Java json-simple 1.1.1	IMPLEMENTATION_PASS	i_string_lone_second_surrogate.json
Java json-simple 1.1.1	IMPLEMENTATION_PASS	i_string_not_in_unicode_range.json
Java json-simple 1.1.1	IMPLEMENTATION_PASS	i_string_truncated-utf-8.json
Java json-simple 1.1.1	IMPLEMENTATION_PASS	i_string_unicode_U+10FFFE_nonchar.json
Java json-simple 1.1.1	IMPLEMENTATION_PASS	i_string_unicode_U+1FFFE_nonchar.json
Java json-simple 1.1.1	IMPLEMENTATION_PASS	i_string_unicode_U+FDD0_nonchar.json
Java json-simple 1.1.1	IMPLEMENTATION_PASS	i_string_unicode_U+FFFE_nonchar.json
Java json-simple 1.1.1	IMPLEMENTATION_FAIL	i_string_UTF-16LE_with_BOM.json
Java json-simple 1.1.1	IMPLEMENTATION_PASS	i_string_UTF-8_invalid_sequence.json
Java json-simple 1.1.1	IMPLEMENTATION_PASS	i_structure_500_nested_arrays.json
Java json-simple 1.1.1	IMPLEMENTATION_FAIL	i_structure_UTF-8_BOM_empty_object.json
Java json-simple 1.1.1	SHOULD_HAVE_FAILED	n_array_1_true_without_comma.json
Java json-simple 1.1.1	SHOULD_HAVE_FAILED	n_array_comma_and_number.json
Java json-simple 1.1.1	SHOULD_HAVE_FAILED	n_array_double_comma.json
Java json-simple 1.1.1	SHOULD_HAVE_FAILED	n_array_double_extra_comma.json
Java json-simple 1.1.1	SHOULD_HAVE_FAILED	n_array_extra_comma.json
Java json-simple 1.1.1	SHOULD_HAVE_FAILED	n_array_inner_array_no_comma.json
Java json-simple 1.1.1	SHOULD_HAVE_FAILED	n_array_just_comma.json
Java json-simple 1.1.1	SHOULD_HAVE_FAILED	n_array_missing_value.json
Java json-simple 1.1.1	SHOULD_HAVE_FAILED	n_array_number_and_comma.json
Java json-simple 1.1.1	SHOULD_HAVE_FAILED	n_array_number_and_several_commas.json
Java json-simple 1.1.1	SHOULD_HAVE_FAILED	n_number_-01.json
Java json-simple 1.1.1	SHOULD_HAVE_FAILED	n_number_1_000.json
Java json-simple 1.1.1	SHOULD_HAVE_FAILED	n_number_neg_int_starting_with_zero.json
Java json-simple 1.1.1	SHOULD_HAVE_FAILED	n_number_with_leading_zero.json
Java json-simple 1.1.1	SHOULD_HAVE_FAILED	n_object_double_colon.json
Java json-simple 1.1.1	SHOULD_HAVE_FAILED	n_object_missing_semicolon.json
Java json-simple 1.1.1	SHOULD_HAVE_FAILED	n_object_pi_in_key_and_trailing_comma.json
Java json-simple 1.1.1	SHOULD_HAVE_FAILED	n_object_several_trailing_commas.json
Java json-simple 1.1.1	SHOULD_HAVE_FAILED	n_object_trailing_comma.json
Java json-simple 1.1.1	SHOULD_HAVE_FAILED	n_object_two_commas_in_a_row.json
Java json-simple 1.1.1	SHOULD_HAVE_FAILED	n_string_1_surrogate_then_escape u.json
Java json-simple 1.1.1	SHOULD_HAVE_FAILED	n_string_1_surrogate_then_escape u1.json
Java json-simple 1.1.1	SHOULD_HAVE_FAILED	n_string_1_surrogate_then_escape u1x.json
Java json-simple 1.1.1	SHOULD_HAVE_FAILED	n_string_backslash_00.json
Java json-simple 1.1.1	SHOULD_HAVE_FAILED	n_string_escape_x.json
Java json-simple 1.1.1	SHOULD_HAVE_FAILED	n_string_escaped_ctrl_char_tab.json
Java json-simple 1.1.1	SHOULD_HAVE_FAILED	n_string_escaped_emoji.json
Java json-simple 1.1.1	SHOULD_HAVE_FAILED	n_string_incomplete_escaped_character.json
Java json-simple 1.1.1	SHOULD_HAVE_FAILED	n_string_incomplete_surrogate.json
Java json-simple 1.1.1	SHOULD_HAVE_FAILED	n_string_incomplete_surrogate_escape_invalid.json
Java json-simple 1.1.1	SHOULD_HAVE_FAILED	n_string_invalid-utf-8-in-escape.json
Java json-simple 1.1.1	SHOULD_HAVE_FAILED	n_string_invalid_backslash_esc.json
Java json-simple 1.1.1	SHOULD_HAVE_FAILED	n_string_invalid_unicode_escape.json
Java json-simple 1.1.1	SHOULD_HAVE_FAILED	n_string_invalid_utf-8.json
Java json-simple 1.1.1	SHOULD_HAVE_FAILED	n_string_invalid_utf8_after_escape.json
Java json-simple 1.1.1	SHOULD_HAVE_FAILED	n_string_iso_latin_1.json
Java json-simple 1.1.1	SHOULD_HAVE_FAILED	n_string_lone_utf8_continuation_byte.json
Java json-simple 1.1.1	SHOULD_HAVE_FAILED	n_string_overlong_sequence_2_bytes.json
Java json-simple 1.1.1	SHOULD_HAVE_FAILED	n_string_overlong_sequence_6_bytes.json
Java json-simple 1.1.1	SHOULD_HAVE_FAILED	n_string_overlong_sequence_6_bytes_null.json
Java json-simple 1.1.1	SHOULD_HAVE_FAILED	n_string_unescaped_crtl_char.json
Java json-simple 1.1.1	SHOULD_HAVE_FAILED	n_string_unescaped_newline.json
Java json-simple 1.1.1	SHOULD_HAVE_FAILED	n_string_unescaped_tab.json
Java json-simple 1.1.1	SHOULD_HAVE_FAILED	n_string_unicode_CapitalU.json
Java json-simple 1.1.1	SHOULD_HAVE_FAILED	n_string_UTF8_surrogate_U+D800.json
Java json-simple 1.1.1	SHOULD_HAVE_PASSED	y_number_too_big_neg_int.json
Java json-simple 1.1.1	SHOULD_HAVE_PASSED	y_number_too_big_pos_int.json
Java json-simple 1.1.1	SHOULD_HAVE_PASSED	y_number_very_big_negative_int.json
Java json-simple 1.1.1	SHOULD_HAVE_PASSED	y_string_utf16BE_no_BOM.json
Java json-simple 1.1.1	SHOULD_HAVE_PASSED	y_string_utf16LE_no_BOM.json
Java nanojson 1.0	IMPLEMENTATION_PASS	i_object_key_lone_2nd_surrogate.json
Java nanojson 1.0	IMPLEMENTATION_PASS	i_string_1st_surrogate_but_2nd_missing.json
Java nanojson 1.0	IMPLEMENTATION_PASS	i_string_1st_valid_surrogate_2nd_invalid.json
Java nanojson 1.0	IMPLEMENTATION_PASS	i_string_incomplete_surrogate_and_escape_valid.json
Java nanojson 1.0	IMPLEMENTATION_PASS	i_string_incomplete_surrogate_pair.json
Java nanojson 1.0	IMPLEMENTATION_PASS	i_string_incomplete_surrogates_escape_valid.json
Java nanojson 1.0	IMPLEMENTATION_PASS	i_string_invalid_lonely_surrogate.json
Java nanojson 1.0	IMPLEMENTATION_PASS	i_string_invalid_surrogate.json
Java nanojson 1.0	IMPLEMENTATION_PASS	i_string_inverted_surrogates_U+1D11E.json
Java nanojson 1.0	IMPLEMENTATION_PASS	i_string_lone_second_surrogate.json
Java nanojson 1.0	IMPLEMENTATION_FAIL	i_string_not_in_unicode_range.json
Java nanojson 1.0	IMPLEMENTATION_FAIL	i_string_truncated-utf-8.json
Java nanojson 1.0	IMPLEMENTATION_PASS	i_string_unicode_U+10FFFE_nonchar.json
Java nanojson 1.0	IMPLEMENTATION_PASS	i_string_unicode_U+1FFFE_nonchar.json
Java nanojson 1.0	IMPLEMENTATION_PASS	i_string_unicode_U+FDD0_nonchar.json
Java nanojson 1.0	IMPLEMENTATION_PASS	i_string_unicode_U+FFFE_nonchar.json
Java nanojson 1.0	IMPLEMENTATION_PASS	i_string_UTF-16LE_with_BOM.json
Java nanojson 1.0	IMPLEMENTATION_FAIL	i_string_UTF-8_invalid_sequence.json
Java nanojson 1.0	IMPLEMENTATION_PASS	i_structure_500_nested_arrays.json
Java nanojson 1.0	IMPLEMENTATION_PASS	i_structure_UTF-8_BOM_empty_object.json
Java nanojson 1.0	SHOULD_HAVE_FAILED	n_number_-2..json
Java nanojson 1.0	SHOULD_HAVE_FAILED	n_number_0.e1.json
Java nanojson 1.0	SHOULD_HAVE_FAILED	n_number_2.e+3.json
Java nanojson 1.0	SHOULD_HAVE_FAILED	n_number_2.e-3.json
Java nanojson 1.0	SHOULD_HAVE_FAILED	n_number_2.e3.json
Java nanojson 1.0	SHOULD_HAVE_FAILED	n_number_real_without_fractional_part.json
Java nanojson 1.0	SHOULD_HAVE_FAILED	n_string_UTF8_surrogate_U+D800.json
JavaScript	IMPLEMENTATION_PASS	i_object_key_lone_2nd_surrogate.json
JavaScript	IMPLEMENTATION_PASS	i_string_1st_surrogate_but_2nd_missing.json
JavaScript	IMPLEMENTATION_PASS	i_string_1st_valid_surrogate_2nd_invalid.json
JavaScript	IMPLEMENTATION_PASS	i_string_incomplete_surrogate_and_escape_valid.json
JavaScript	IMPLEMENTATION_PASS	i_string_incomplete_surrogate_pair.json
JavaScript	IMPLEMENTATION_PASS	i_string_incomplete_surrogates_escape_valid.json
JavaScript	IMPLEMENTATION_PASS	i_string_invalid_lonely_surrogate.json
JavaScript	IMPLEMENTATION_PASS	i_string_invalid_surrogate.json
JavaScript	IMPLEMENTATION_PASS	i_string_inverted_surrogates_U+1D11E.json
JavaScript	IMPLEMENTATION_PASS	i_string_lone_second_surrogate.json
JavaScript	IMPLEMENTATION_PASS	i_string_not_in_unicode_range.json
JavaScript	IMPLEMENTATION_PASS	i_string_truncated-utf-8.json
JavaScript	IMPLEMENTATION_PASS	i_string_unicode_U+10FFFE_nonchar.json
JavaScript	IMPLEMENTATION_PASS	i_string_unicode_U+1FFFE_nonchar.json
JavaScript	IMPLEMENTATION_PASS	i_string_unicode_U+FDD0_nonchar.json
JavaScript	IMPLEMENTATION_PASS	i_string_unicode_U+FFFE_nonchar.json
JavaScript	IMPLEMENTATION_FAIL	i_string_UTF-16LE_with_BOM.json
JavaScript	IMPLEMENTATION_PASS	i_string_UTF-8_invalid_sequence.json
JavaScript	IMPLEMENTATION_PASS	i_structure_500_nested_arrays.json
JavaScript	IMPLEMENTATION_FAIL	i_structure_UTF-8_BOM_empty_object.json
JavaScript	SHOULD_HAVE_FAILED	n_string_invalid_utf-8.json
JavaScript	SHOULD_HAVE_FAILED	n_string_iso_latin_1.json
JavaScript	SHOULD_HAVE_FAILED	n_string_lone_utf8_continuation_byte.json
JavaScript	SHOULD_HAVE_FAILED	n_string_overlong_sequence_2_bytes.json
JavaScript	SHOULD_HAVE_FAILED	n_string_overlong_sequence_6_bytes.json
JavaScript	SHOULD_HAVE_FAILED	n_string_overlong_sequence_6_bytes_null.json
JavaScript	SHOULD_HAVE_FAILED	n_string_UTF8_surrogate_U+D800.json
JavaScript	SHOULD_HAVE_PASSED	y_string_utf16BE_no_BOM.json
JavaScript	SHOULD_HAVE_PASSED	y_string_utf16LE_no_BOM.json
Lua JSON 20160916.19	IMPLEMENTATION_PASS	i_object_key_lone_2nd_surrogate.json
Lua JSON 20160916.19	IMPLEMENTATION_PASS	i_string_1st_surrogate_but_2nd_missing.json
Lua JSON 20160916.19	IMPLEMENTATION_PASS	i_string_1st_valid_surrogate_2nd_invalid.json
Lua JSON 20160916.19	IMPLEMENTATION_PASS	i_string_incomplete_surrogate_and_escape_valid.json
Lua JSON 20160916.19	IMPLEMENTATION_PASS	i_string_incomplete_surrogate_pair.json
Lua JSON 20160916.19	IMPLEMENTATION_PASS	i_string_incomplete_surrogates_escape_valid.json
Lua JSON 20160916.19	IMPLEMENTATION_PASS	i_string_invalid_lonely_surrogate.json
Lua JSON 20160916.19	IMPLEMENTATION_PASS	i_string_invalid_surrogate.json
Lua JSON 20160916.19	IMPLEMENTATION_PASS	i_string_inverted_surrogates_U+1D11E.json
Lua JSON 20160916.19	IMPLEMENTATION_PASS	i_string_lone_second_surrogate.json
Lua JSON 20160916.19	IMPLEMENTATION_PASS	i_string_not_in_unicode_range.json
Lua JSON 20160916.19	IMPLEMENTATION_PASS	i_string_truncated-utf-8.json
Lua JSON 20160916.19	IMPLEMENTATION_PASS	i_string_unicode_U+10FFFE_nonchar.json
Lua JSON 20160916.19	IMPLEMENTATION_PASS	i_string_unicode_U+1FFFE_nonchar.json
Lua JSON 20160916.19	IMPLEMENTATION_PASS	i_string_unicode_U+FDD0_nonchar.json
Lua JSON 20160916.19	IMPLEMENTATION_PASS	i_string_unicode_U+FFFE_nonchar.json
Lua JSON 20160916.19	IMPLEMENTATION_FAIL	i_string_UTF-16LE_with_BOM.json
Lua JSON 20160916.19	IMPLEMENTATION_PASS	i_string_UTF-8_invalid_sequence.json
Lua JSON 20160916.19	IMPLEMENTATION_PASS	i_structure_500_nested_arrays.json
Lua JSON 20160916.19	IMPLEMENTATION_FAIL	i_structure_UTF-8_BOM_empty_object.json
Lua JSON 20160916.19	SHOULD_HAVE_FAILED	n_array_comma_after_close.json
Lua JSON 20160916.19	SHOULD_HAVE_FAILED	n_array_extra_close.json
Lua JSON 20160916.19	SHOULD_HAVE_FAILED	n_object_trailing_comment.json
Lua JSON 20160916.19	SHOULD_HAVE_FAILED	n_object_trailing_comment_open.json
Lua JSON 20160916.19	SHOULD_HAVE_FAILED	n_object_trailing_comment_slash_open.json
Lua JSON 20160916.19	SHOULD_HAVE_FAILED	n_object_trailing_comment_slash_open_incomplete.json
Lua JSON 20160916.19	SHOULD_HAVE_FAILED	n_object_with_trailing_garbage.json
Lua JSON 20160916.19	SHOULD_HAVE_FAILED	n_string_1_surrogate_then_escape u.json
Lua JSON 20160916.19	SHOULD_HAVE_FAILED	n_string_1_surrogate_then_escape u1.json
Lua JSON 20160916.19	SHOULD_HAVE_FAILED	n_string_1_surrogate_then_escape u1x.json
Lua JSON 20160916.19	SHOULD_HAVE_FAILED	n_string_backslash_00.json
Lua JSON 20160916.19	SHOULD_HAVE_FAILED	n_string_escape_x.json
Lua JSON 20160916.19	SHOULD_HAVE_FAILED	n_string_escaped_ctrl_char_tab.json
Lua JSON 20160916.19	SHOULD_HAVE_FAILED	n_string_escaped_emoji.json
Lua JSON 20160916.19	SHOULD_HAVE_FAILED	n_string_incomplete_escaped_character.json
Lua JSON 20160916.19	SHOULD_HAVE_FAILED	n_string_incomplete_surrogate.json
Lua JSON 20160916.19	SHOULD_HAVE_FAILED	n_string_incomplete_surrogate_escape_invalid.json
Lua JSON 20160916.19	SHOULD_HAVE_FAILED	n_string_invalid-utf-8-in-escape.json
Lua JSON 20160916.19	SHOULD_HAVE_FAILED	n_string_invalid_backslash_esc.json
Lua JSON 20160916.19	SHOULD_HAVE_FAILED	n_string_invalid_unicode_escape.json
Lua JSON 20160916.19	SHOULD_HAVE_FAILED	n_string_invalid_utf-8.json
Lua JSON 20160916.19	SHOULD_HAVE_FAILED	n_string_invalid_utf8_after_escape.json
Lua JSON 20160916.19	SHOULD_HAVE_FAILED	n_string_iso_latin_1.json
Lua JSON 20160916.19	SHOULD_HAVE_FAILED	n_string_lone_utf8_continuation_byte.json
Lua JSON 20160916.19	SHOULD_HAVE_FAILED	n_string_overlong_sequence_2_bytes.json
Lua JSON 20160916.19	SHOULD_HAVE_FAILED	n_string_overlong_sequence_6_bytes.json
Lua JSON 20160916.19	SHOULD_HAVE_FAILED	n_string_overlong_sequence_6_bytes_null.json
Lua JSON 20160916.19	SHOULD_HAVE_FAILED	n_string_unescaped_crtl_char.json
Lua JSON 20160916.19	SHOULD_HAVE_FAILED	n_string_unescaped_newline.json
Lua JSON 20160916.19	SHOULD_HAVE_FAILED	n_string_unescaped_tab.json
Lua JSON 20160916.19	SHOULD_HAVE_FAILED	n_string_unicode_CapitalU.json
Lua JSON 20160916.19	SHOULD_HAVE_FAILED	n_string_UTF8_surrogate_U+D800.json
Lua JSON 20160916.19	SHOULD_HAVE_FAILED	n_string_with_trailing_garbage.json
Lua JSON 20160916.19	SHOULD_HAVE_FAILED	n_structure_array_trailing_garbage.json
Lua JSON 20160916.19	SHOULD_HAVE_FAILED	n_structure_array_with_extra_array_close.json
Lua JSON 20160916.19	SHOULD_HAVE_FAILED	n_structure_close_unopened_array.json
Lua JSON 20160916.19	SHOULD_HAVE_FAILED	n_structure_double_array.json
Lua JSON 20160916.19	SHOULD_HAVE_FAILED	n_structure_number_with_trailing_garbage.json
Lua JSON 20160916.19	SHOULD_HAVE_FAILED	n_structure_object_followed_by_closing_object.json
Lua JSON 20160916.19	SHOULD_HAVE_FAILED	n_structure_object_with_trailing_garbage.json
Lua JSON 20160916.19	SHOULD_HAVE_FAILED	n_structure_trailing_#.json
Lua JSON 20160916.19	SHOULD_HAVE_PASSED	y_string_utf16BE_no_BOM.json
Lua JSON 20160916.19	SHOULD_HAVE_PASSED	y_string_utf16LE_no_BOM.json
Lua JSON 20160916.19	SHOULD_HAVE_PASSED	y_structure_lonely_null.json
Lua dkjson	IMPLEMENTATION_PASS	i_object_key_lone_2nd_surrogate.json
Lua dkjson	IMPLEMENTATION_PASS	i_string_1st_surrogate_but_2nd_missing.json
Lua dkjson	IMPLEMENTATION_PASS	i_string_1st_valid_surrogate_2nd_invalid.json
Lua dkjson	IMPLEMENTATION_PASS	i_string_incomplete_surrogate_and_escape_valid.json
Lua dkjson	IMPLEMENTATION_PASS	i_string_incomplete_surrogate_pair.json
Lua dkjson	IMPLEMENTATION_PASS	i_string_incomplete_surrogates_escape_valid.json
Lua dkjson	IMPLEMENTATION_PASS	i_string_invalid_lonely_surrogate.json
Lua dkjson	IMPLEMENTATION_PASS	i_string_invalid_surrogate.json
Lua dkjson	IMPLEMENTATION_PASS	i_string_inverted_surrogates_U+1D11E.json
Lua dkjson	IMPLEMENTATION_PASS	i_string_lone_second_surrogate.json
Lua dkjson	IMPLEMENTATION_PASS	i_string_not_in_unicode_range.json
Lua dkjson	IMPLEMENTATION_PASS	i_string_truncated-utf-8.json
Lua dkjson	IMPLEMENTATION_PASS	i_string_unicode_U+10FFFE_nonchar.json
Lua dkjson	IMPLEMENTATION_PASS	i_string_unicode_U+1FFFE_nonchar.json
Lua dkjson	IMPLEMENTATION_PASS	i_string_unicode_U+FDD0_nonchar.json
Lua dkjson	IMPLEMENTATION_PASS	i_string_unicode_U+FFFE_nonchar.json
Lua dkjson	IMPLEMENTATION_FAIL	i_string_UTF-16LE_with_BOM.json
Lua dkjson	IMPLEMENTATION_PASS	i_string_UTF-8_invalid_sequence.json
Lua dkjson	IMPLEMENTATION_PASS	i_structure_500_nested_arrays.json
Lua dkjson	IMPLEMENTATION_PASS	i_structure_UTF-8_BOM_empty_object.json
Lua dkjson	SHOULD_HAVE_FAILED	n_array_1_true_without_comma.json
Lua dkjson	SHOULD_HAVE_FAILED	n_array_colon_instead_of_comma.json
Lua dkjson	SHOULD_HAVE_FAILED	n_array_comma_after_close.json
Lua dkjson	SHOULD_HAVE_FAILED	n_array_extra_close.json
Lua dkjson	SHOULD_HAVE_FAILED	n_array_extra_comma.json
Lua dkjson	SHOULD_HAVE_FAILED	n_array_inner_array_no_comma.json
Lua dkjson	SHOULD_HAVE_FAILED	n_array_items_separated_by_semicolon.json
Lua dkjson	SHOULD_HAVE_FAILED	n_array_number_and_comma.json
Lua dkjson	SHOULD_HAVE_FAILED	n_number_-01.json
Lua dkjson	SHOULD_HAVE_FAILED	n_number_-2..json
Lua dkjson	SHOULD_HAVE_FAILED	n_number_.2e-3.json
Lua dkjson	SHOULD_HAVE_FAILED	n_number_0.e1.json
Lua dkjson	SHOULD_HAVE_FAILED	n_number_1_000.json
Lua dkjson	SHOULD_HAVE_FAILED	n_number_2.e+3.json
Lua dkjson	SHOULD_HAVE_FAILED	n_number_2.e-3.json
Lua dkjson	SHOULD_HAVE_FAILED	n_number_2.e3.json
Lua dkjson	SHOULD_HAVE_FAILED	n_number_neg_int_starting_with_zero.json
Lua dkjson	SHOULD_HAVE_FAILED	n_number_neg_real_without_int_part.json
Lua dkjson	SHOULD_HAVE_FAILED	n_number_real_without_fractional_part.json
Lua dkjson	SHOULD_HAVE_FAILED	n_number_starting_with_dot.json
Lua dkjson	SHOULD_HAVE_FAILED	n_number_then_00.json
Lua dkjson	SHOULD_HAVE_FAILED	n_number_with_leading_zero.json
Lua dkjson	SHOULD_HAVE_FAILED	n_object_comma_instead_of_colon.json
Lua dkjson	SHOULD_HAVE_FAILED	n_object_garbage_at_end.json
Lua dkjson	SHOULD_HAVE_FAILED	n_object_missing_semicolon.json
Lua dkjson	SHOULD_HAVE_FAILED	n_object_non_string_key.json
Lua dkjson	SHOULD_HAVE_FAILED	n_object_non_string_key_but_huge_number_instead.json
Lua dkjson	SHOULD_HAVE_FAILED	n_object_pi_in_key_and_trailing_comma.json
Lua dkjson	SHOULD_HAVE_FAILED	n_object_trailing_comma.json
Lua dkjson	SHOULD_HAVE_FAILED	n_object_trailing_comment.json
Lua dkjson	SHOULD_HAVE_FAILED	n_object_trailing_comment_open.json
Lua dkjson	SHOULD_HAVE_FAILED	n_object_trailing_comment_slash_open.json
Lua dkjson	SHOULD_HAVE_FAILED	n_object_trailing_comment_slash_open_incomplete.json
Lua dkjson	SHOULD_HAVE_FAILED	n_object_with_single_string.json
Lua dkjson	SHOULD_HAVE_FAILED	n_object_with_trailing_garbage.json
Lua dkjson	SHOULD_HAVE_FAILED	n_string_1_surrogate_then_escape u.json
Lua dkjson	SHOULD_HAVE_FAILED	n_string_1_surrogate_then_escape u1.json
Lua dkjson	SHOULD_HAVE_FAILED	n_string_1_surrogate_then_escape u1x.json
Lua dkjson	SHOULD_HAVE_FAILED	n_string_backslash_00.json
Lua dkjson	SHOULD_HAVE_FAILED	n_string_escape_x.json
Lua dkjson	SHOULD_HAVE_FAILED	n_string_escaped_ctrl_char_tab.json
Lua dkjson	SHOULD_HAVE_FAILED	n_string_escaped_emoji.json
Lua dkjson	SHOULD_HAVE_FAILED	n_string_incomplete_escaped_character.json
Lua dkjson	SHOULD_HAVE_FAILED	n_string_incomplete_surrogate.json
Lua dkjson	SHOULD_HAVE_FAILED	n_string_incomplete_surrogate_escape_invalid.json
Lua dkjson	SHOULD_HAVE_FAILED	n_string_invalid-utf-8-in-escape.json
Lua dkjson	SHOULD_HAVE_FAILED	n_string_invalid_backslash_esc.json
Lua dkjson	SHOULD_HAVE_FAILED	n_string_invalid_unicode_escape.json
Lua dkjson	SHOULD_HAVE_FAILED	n_string_invalid_utf-8.json
Lua dkjson	SHOULD_HAVE_FAILED	n_string_invalid_utf8_after_escape.json
Lua dkjson	SHOULD_HAVE_FAILED	n_string_iso_latin_1.json
Lua dkjson	SHOULD_HAVE_FAILED	n_string_lone_utf8_continuation_byte.json
Lua dkjson	SHOULD_HAVE_FAILED	n_string_overlong_sequence_2_bytes.json
Lua dkjson	SHOULD_HAVE_FAILED	n_string_overlong_sequence_6_bytes.json
Lua dkjson	SHOULD_HAVE_FAILED	n_string_overlong_sequence_6_bytes_null.json
Lua dkjson	SHOULD_HAVE_FAILED	n_string_unescaped_crtl_char.json
Lua dkjson	SHOULD_HAVE_FAILED	n_string_unescaped_newline.json
Lua dkjson	SHOULD_HAVE_FAILED	n_string_unescaped_tab.json
Lua dkjson	SHOULD_HAVE_FAILED	n_string_unicode_CapitalU.json
Lua dkjson	SHOULD_HAVE_FAILED	n_string_UTF8_surrogate_U+D800.json
Lua dkjson	SHOULD_HAVE_FAILED	n_string_with_trailing_garbage.json
Lua dkjson	SHOULD_HAVE_FAILED	n_structure_array_trailing_garbage.json
Lua dkjson	SHOULD_HAVE_FAILED	n_structure_array_with_extra_array_close.json
Lua dkjson	SHOULD_HAVE_FAILED	n_structure_close_unopened_array.json
Lua dkjson	SHOULD_HAVE_FAILED	n_structure_double_array.json
Lua dkjson	SHOULD_HAVE_FAILED	n_structure_number_with_trailing_garbage.json
Lua dkjson	SHOULD_HAVE_FAILED	n_structure_object_followed_by_closing_object.json
Lua dkjson	SHOULD_HAVE_FAILED	n_structure_object_with_comment.json
Lua dkjson	SHOULD_HAVE_FAILED	n_structure_object_with_trailing_garbage.json
Lua dkjson	SHOULD_HAVE_FAILED	n_structure_trailing_#.json
Lua dkjson	SHOULD_HAVE_FAILED	n_structure_whitespace_formfeed.json
Lua dkjson	SHOULD_HAVE_PASSED	y_string_utf16BE_no_BOM.json
Lua dkjson	SHOULD_HAVE_PASSED	y_string_utf16LE_no_BOM.json
Obj-C Apple NSJSONSerialization	IMPLEMENTATION_FAIL	i_object_key_lone_2nd_surrogate.json
Obj-C Apple NSJSONSerialization	IMPLEMENTATION_FAIL	i_string_1st_surrogate_but_2nd_missing.json
Obj-C Apple NSJSONSerialization	IMPLEMENTATION_FAIL	i_string_1st_valid_surrogate_2nd_invalid.json
Obj-C Apple NSJSONSerialization	IMPLEMENTATION_FAIL	i_string_incomplete_surrogate_and_escape_valid.json
Obj-C Apple NSJSONSerialization	IMPLEMENTATION_FAIL	i_string_incomplete_surrogate_pair.json
Obj-C Apple NSJSONSerialization	IMPLEMENTATION_FAIL	i_string_incomplete_surrogates_escape_valid.json
Obj-C Apple NSJSONSerialization	IMPLEMENTATION_FAIL	i_string_invalid_lonely_surrogate.json
Obj-C Apple NSJSONSerialization	IMPLEMENTATION_FAIL	i_string_invalid_surrogate.json
Obj-C Apple NSJSONSerialization	IMPLEMENTATION_FAIL	i_string_inverted_surrogates_U+1D11E.json
Obj-C Apple NSJSONSerialization	IMPLEMENTATION_FAIL	i_string_lone_second_surrogate.json
Obj-C Apple NSJSONSerialization	IMPLEMENTATION_FAIL	i_string_not_in_unicode_range.json
Obj-C Apple NSJSONSerialization	IMPLEMENTATION_FAIL	i_string_truncated-utf-8.json
Obj-C Apple NSJSONSerialization	IMPLEMENTATION_PASS	i_string_unicode_U+10FFFE_nonchar.json
Obj-C Apple NSJSONSerialization	IMPLEMENTATION_PASS	i_string_unicode_U+1FFFE_nonchar.json
Obj-C Apple NSJSONSerialization	IMPLEMENTATION_PASS	i_string_unicode_U+FDD0_nonchar.json
Obj-C Apple NSJSONSerialization	IMPLEMENTATION_PASS	i_string_unicode_U+FFFE_nonchar.json
Obj-C Apple NSJSONSerialization	IMPLEMENTATION_PASS	i_string_UTF-16LE_with_BOM.json
Obj-C Apple NSJSONSerialization	IMPLEMENTATION_FAIL	i_string_UTF-8_invalid_sequence.json
Obj-C Apple NSJSONSerialization	IMPLEMENTATION_PASS	i_structure_500_nested_arrays.json
Obj-C Apple NSJSONSerialization	IMPLEMENTATION_PASS	i_structure_UTF-8_BOM_empty_object.json
Obj-C Apple NSJSONSerialization	SHOULD_HAVE_FAILED	n_array_extra_comma.json
Obj-C Apple NSJSONSerialization	SHOULD_HAVE_FAILED	n_array_number_and_comma.json
Obj-C Apple NSJSONSerialization	SHOULD_HAVE_FAILED	n_object_trailing_comma.json
Obj-C Apple NSJSONSerialization	SHOULD_HAVE_PASSED	y_number_double_huge_neg_exp.json
Obj-C Apple NSJSONSerialization	SHOULD_HAVE_PASSED	y_number_huge_exp.json
Obj-C Apple NSJSONSerialization	SHOULD_HAVE_PASSED	y_number_neg_int_huge_exp.json
Obj-C Apple NSJSONSerialization	SHOULD_HAVE_PASSED	y_number_pos_double_huge_exp.json
Obj-C Apple NSJSONSerialization	SHOULD_HAVE_PASSED	y_number_real_pos_overflow.json
Obj-C Apple NSJSONSerialization	SHOULD_HAVE_PASSED	y_number_real_underflow.json
Obj-C JSONKit	IMPLEMENTATION_FAIL	i_object_key_lone_2nd_surrogate.json
Obj-C JSONKit	IMPLEMENTATION_FAIL	i_string_1st_surrogate_but_2nd_missing.json
Obj-C JSONKit	IMPLEMENTATION_FAIL	i_string_1st_valid_surrogate_2nd_invalid.json
Obj-C JSONKit	IMPLEMENTATION_FAIL	i_string_incomplete_surrogate_and_escape_valid.json
Obj-C JSONKit	IMPLEMENTATION_FAIL	i_string_incomplete_surrogate_pair.json
Obj-C JSONKit	IMPLEMENTATION_FAIL	i_string_incomplete_surrogates_escape_valid.json
Obj-C JSONKit	IMPLEMENTATION_FAIL	i_string_invalid_lonely_surrogate.json
Obj-C JSONKit	IMPLEMENTATION_FAIL	i_string_invalid_surrogate.json
Obj-C JSONKit	IMPLEMENTATION_FAIL	i_string_inverted_surrogates_U+1D11E.json
Obj-C JSONKit	IMPLEMENTATION_FAIL	i_string_lone_second_surrogate.json
Obj-C JSONKit	IMPLEMENTATION_FAIL	i_string_not_in_unicode_range.json
Obj-C JSONKit	IMPLEMENTATION_FAIL	i_string_truncated-utf-8.json
Obj-C JSONKit	IMPLEMENTATION_FAIL	i_string_unicode_U+10FFFE_nonchar.json
Obj-C JSONKit	IMPLEMENTATION_FAIL	i_string_unicode_U+1FFFE_nonchar.json
Obj-C JSONKit	IMPLEMENTATION_FAIL	i_string_unicode_U+FDD0_nonchar.json
Obj-C JSONKit	IMPLEMENTATION_FAIL	i_string_unicode_U+FFFE_nonchar.json
Obj-C JSONKit	IMPLEMENTATION_FAIL	i_string_UTF-16LE_with_BOM.json
Obj-C JSONKit	IMPLEMENTATION_FAIL	i_string_UTF-8_invalid_sequence.json
Obj-C JSONKit	IMPLEMENTATION_PASS	i_structure_500_nested_arrays.json
Obj-C JSONKit	IMPLEMENTATION_FAIL	i_structure_UTF-8_BOM_empty_object.json
Obj-C JSONKit	CRASH	n_structure_100000_opening_arrays.json
Obj-C JSONKit	CRASH	n_structure_no_data.json
Obj-C JSONKit	CRASH	n_structure_open_array_object.json
Obj-C JSONKit	SHOULD_HAVE_PASSED	y_number_double_huge_neg_exp.json
Obj-C JSONKit	SHOULD_HAVE_PASSED	y_number_huge_exp.json
Obj-C JSONKit	SHOULD_HAVE_PASSED	y_number_neg_int_huge_exp.json
Obj-C JSONKit	SHOULD_HAVE_PASSED	y_number_pos_double_huge_exp.json
Obj-C JSONKit	SHOULD_HAVE_PASSED	y_number_real_neg_overflow.json
Obj-C JSONKit	SHOULD_HAVE_PASSED	y_number_real_pos_overflow.json
Obj-C JSONKit	SHOULD_HAVE_PASSED	y_number_real_underflow.json
Obj-C JSONKit	SHOULD_HAVE_PASSED	y_number_too_big_neg_int.json
Obj-C JSONKit	SHOULD_HAVE_PASSED	y_number_too_big_pos_int.json
Obj-C JSONKit	SHOULD_HAVE_PASSED	y_number_very_big_negative_int.json
Obj-C JSONKit	SHOULD_HAVE_PASSED	y_object_escaped_null_in_key.json
Obj-C JSONKit	SHOULD_HAVE_PASSED	y_string_escaped_noncharacter.json
Obj-C JSONKit	SHOULD_HAVE_PASSED	y_string_last_surrogates_1_and_2.json
Obj-C JSONKit	SHOULD_HAVE_PASSED	y_string_nonCharacterInUTF-8_U+10FFFF.json
Obj-C JSONKit	SHOULD_HAVE_PASSED	y_string_nonCharacterInUTF-8_U+FFFF.json
Obj-C JSONKit	SHOULD_HAVE_PASSED	y_string_null_escape.json
Obj-C JSONKit	SHOULD_HAVE_PASSED	y_string_space.json
Obj-C JSONKit	SHOULD_HAVE_PASSED	y_string_utf16BE_no_BOM.json
Obj-C JSONKit	SHOULD_HAVE_PASSED	y_string_utf16LE_no_BOM.json
Obj-C JSONKit	SHOULD_HAVE_PASSED	y_structure_lonely_false.json
Obj-C JSONKit	SHOULD_HAVE_PASSED	y_structure_lonely_int.json
Obj-C JSONKit	SHOULD_HAVE_PASSED	y_structure_lonely_negative_real.json
Obj-C JSONKit	SHOULD_HAVE_PASSED	y_structure_lonely_null.json
Obj-C JSONKit	SHOULD_HAVE_PASSED	y_structure_lonely_string.json
Obj-C JSONKit	SHOULD_HAVE_PASSED	y_structure_lonely_true.json
Obj-C JSONKit	SHOULD_HAVE_PASSED	y_structure_string_empty.json
Obj-C SBJSON 4.0.3	IMPLEMENTATION_FAIL	i_object_key_lone_2nd_surrogate.json
Obj-C SBJSON 4.0.3	IMPLEMENTATION_FAIL	i_string_1st_surrogate_but_2nd_missing.json
Obj-C SBJSON 4.0.3	IMPLEMENTATION_FAIL	i_string_1st_valid_surrogate_2nd_invalid.json
Obj-C SBJSON 4.0.3	IMPLEMENTATION_FAIL	i_string_incomplete_surrogate_and_escape_valid.json
Obj-C SBJSON 4.0.3	IMPLEMENTATION_FAIL	i_string_incomplete_surrogate_pair.json
Obj-C SBJSON 4.0.3	IMPLEMENTATION_FAIL	i_string_incomplete_surrogates_escape_valid.json
Obj-C SBJSON 4.0.3	IMPLEMENTATION_FAIL	i_string_invalid_lonely_surrogate.json
Obj-C SBJSON 4.0.3	IMPLEMENTATION_FAIL	i_string_invalid_surrogate.json
Obj-C SBJSON 4.0.3	IMPLEMENTATION_FAIL	i_string_inverted_surrogates_U+1D11E.json
Obj-C SBJSON 4.0.3	IMPLEMENTATION_FAIL	i_string_lone_second_surrogate.json
Obj-C SBJSON 4.0.3	CRASH	i_string_not_in_unicode_range.json
Obj-C SBJSON 4.0.3	CRASH	i_string_truncated-utf-8.json
Obj-C SBJSON 4.0.3	IMPLEMENTATION_PASS	i_string_unicode_U+10FFFE_nonchar.json
Obj-C SBJSON 4.0.3	IMPLEMENTATION_PASS	i_string_unicode_U+1FFFE_nonchar.json
Obj-C SBJSON 4.0.3	IMPLEMENTATION_PASS	i_string_unicode_U+FDD0_nonchar.json
Obj-C SBJSON 4.0.3	IMPLEMENTATION_PASS	i_string_unicode_U+FFFE_nonchar.json
Obj-C SBJSON 4.0.3	IMPLEMENTATION_FAIL	i_string_UTF-16LE_with_BOM.json
Obj-C SBJSON 4.0.3	CRASH	i_string_UTF-8_invalid_sequence.json
Obj-C SBJSON 4.0.3	IMPLEMENTATION_FAIL	i_structure_500_nested_arrays.json
Obj-C SBJSON 4.0.3	IMPLEMENTATION_FAIL	i_structure_UTF-8_BOM_empty_object.json
Obj-C SBJSON 4.0.3	SHOULD_HAVE_FAILED	n_array_comma_after_close.json
Obj-C SBJSON 4.0.3	SHOULD_HAVE_FAILED	n_array_extra_close.json
Obj-C SBJSON 4.0.3	SHOULD_HAVE_FAILED	n_number_neg_real_without_int_part.json
Obj-C SBJSON 4.0.3	CRASH	n_object_pi_in_key_and_trailing_comma.json
Obj-C SBJSON 4.0.3	SHOULD_HAVE_FAILED	n_object_trailing_comment.json
Obj-C SBJSON 4.0.3	SHOULD_HAVE_FAILED	n_object_trailing_comment_open.json
Obj-C SBJSON 4.0.3	SHOULD_HAVE_FAILED	n_object_trailing_comment_slash_open.json
Obj-C SBJSON 4.0.3	SHOULD_HAVE_FAILED	n_object_trailing_comment_slash_open_incomplete.json
Obj-C SBJSON 4.0.3	SHOULD_HAVE_FAILED	n_object_with_trailing_garbage.json
Obj-C SBJSON 4.0.3	CRASH	n_string_invalid_utf-8.json
Obj-C SBJSON 4.0.3	CRASH	n_string_iso_latin_1.json
Obj-C SBJSON 4.0.3	CRASH	n_string_lone_utf8_continuation_byte.json
Obj-C SBJSON 4.0.3	CRASH	n_string_overlong_sequence_2_bytes.json
Obj-C SBJSON 4.0.3	CRASH	n_string_overlong_sequence_6_bytes.json
Obj-C SBJSON 4.0.3	CRASH	n_string_overlong_sequence_6_bytes_null.json
Obj-C SBJSON 4.0.3	CRASH	n_string_UTF8_surrogate_U+D800.json
Obj-C SBJSON 4.0.3	SHOULD_HAVE_FAILED	n_structure_array_trailing_garbage.json
Obj-C SBJSON 4.0.3	SHOULD_HAVE_FAILED	n_structure_array_with_extra_array_close.json
Obj-C SBJSON 4.0.3	SHOULD_HAVE_FAILED	n_structure_double_array.json
Obj-C SBJSON 4.0.3	SHOULD_HAVE_FAILED	n_structure_object_followed_by_closing_object.json
Obj-C SBJSON 4.0.3	SHOULD_HAVE_FAILED	n_structure_object_with_trailing_garbage.json
Obj-C SBJSON 4.0.3	SHOULD_HAVE_FAILED	n_structure_trailing_#.json
Obj-C SBJSON 4.0.3	SHOULD_HAVE_PASSED	y_string_space.json
Obj-C SBJSON 4.0.3	SHOULD_HAVE_PASSED	y_string_utf16BE_no_BOM.json
Obj-C SBJSON 4.0.3	SHOULD_HAVE_PASSED	y_string_utf16LE_no_BOM.json
Obj-C SBJSON 4.0.3	SHOULD_HAVE_PASSED	y_structure_lonely_false.json
Obj-C SBJSON 4.0.3	SHOULD_HAVE_PASSED	y_structure_lonely_int.json
Obj-C SBJSON 4.0.3	SHOULD_HAVE_PASSED	y_structure_lonely_negative_real.json
Obj-C SBJSON 4.0.3	SHOULD_HAVE_PASSED	y_structure_lonely_null.json
Obj-C SBJSON 4.0.3	SHOULD_HAVE_PASSED	y_structure_lonely_string.json
Obj-C SBJSON 4.0.3	SHOULD_HAVE_PASSED	y_structure_lonely_true.json
Obj-C SBJSON 4.0.3	SHOULD_HAVE_PASSED	y_structure_string_empty.json
Obj-C TouchJSON	IMPLEMENTATION_FAIL	i_object_key_lone_2nd_surrogate.json
Obj-C TouchJSON	IMPLEMENTATION_FAIL	i_string_1st_surrogate_but_2nd_missing.json
Obj-C TouchJSON	IMPLEMENTATION_FAIL	i_string_1st_valid_surrogate_2nd_invalid.json
Obj-C TouchJSON	IMPLEMENTATION_FAIL	i_string_incomplete_surrogate_and_escape_valid.json
Obj-C TouchJSON	IMPLEMENTATION_FAIL	i_string_incomplete_surrogate_pair.json
Obj-C TouchJSON	IMPLEMENTATION_FAIL	i_string_incomplete_surrogates_escape_valid.json
Obj-C TouchJSON	IMPLEMENTATION_FAIL	i_string_invalid_lonely_surrogate.json
Obj-C TouchJSON	IMPLEMENTATION_FAIL	i_string_invalid_surrogate.json
Obj-C TouchJSON	IMPLEMENTATION_FAIL	i_string_inverted_surrogates_U+1D11E.json
Obj-C TouchJSON	IMPLEMENTATION_FAIL	i_string_lone_second_surrogate.json
Obj-C TouchJSON	IMPLEMENTATION_FAIL	i_string_not_in_unicode_range.json
Obj-C TouchJSON	IMPLEMENTATION_FAIL	i_string_truncated-utf-8.json
Obj-C TouchJSON	IMPLEMENTATION_PASS	i_string_unicode_U+10FFFE_nonchar.json
Obj-C TouchJSON	IMPLEMENTATION_PASS	i_string_unicode_U+1FFFE_nonchar.json
Obj-C TouchJSON	IMPLEMENTATION_PASS	i_string_unicode_U+FDD0_nonchar.json
Obj-C TouchJSON	IMPLEMENTATION_PASS	i_string_unicode_U+FFFE_nonchar.json
Obj-C TouchJSON	IMPLEMENTATION_PASS	i_string_UTF-16LE_with_BOM.json
Obj-C TouchJSON	IMPLEMENTATION_FAIL	i_string_UTF-8_invalid_sequence.json
Obj-C TouchJSON	IMPLEMENTATION_PASS	i_structure_500_nested_arrays.json
Obj-C TouchJSON	IMPLEMENTATION_FAIL	i_structure_UTF-8_BOM_empty_object.json
Obj-C TouchJSON	SHOULD_HAVE_FAILED	n_array_extra_comma.json
Obj-C TouchJSON	SHOULD_HAVE_FAILED	n_array_number_and_comma.json
Obj-C TouchJSON	SHOULD_HAVE_FAILED	n_number_-01.json
Obj-C TouchJSON	SHOULD_HAVE_FAILED	n_number_-2..json
Obj-C TouchJSON	SHOULD_HAVE_FAILED	n_number_0.3e+.json
Obj-C TouchJSON	SHOULD_HAVE_FAILED	n_number_0.3e.json
Obj-C TouchJSON	SHOULD_HAVE_FAILED	n_number_0.e1.json
Obj-C TouchJSON	SHOULD_HAVE_FAILED	n_number_0_capital_E+.json
Obj-C TouchJSON	SHOULD_HAVE_FAILED	n_number_0_capital_E.json
Obj-C TouchJSON	SHOULD_HAVE_FAILED	n_number_0e+.json
Obj-C TouchJSON	SHOULD_HAVE_FAILED	n_number_0e.json
Obj-C TouchJSON	SHOULD_HAVE_FAILED	n_number_1.0e+.json
Obj-C TouchJSON	SHOULD_HAVE_FAILED	n_number_1.0e-.json
Obj-C TouchJSON	SHOULD_HAVE_FAILED	n_number_1.0e.json
Obj-C TouchJSON	SHOULD_HAVE_FAILED	n_number_2.e+3.json
Obj-C TouchJSON	SHOULD_HAVE_FAILED	n_number_2.e-3.json
Obj-C TouchJSON	SHOULD_HAVE_FAILED	n_number_2.e3.json
Obj-C TouchJSON	SHOULD_HAVE_FAILED	n_number_9.e+.json
Obj-C TouchJSON	SHOULD_HAVE_FAILED	n_number_neg_int_starting_with_zero.json
Obj-C TouchJSON	SHOULD_HAVE_FAILED	n_number_neg_real_without_int_part.json
Obj-C TouchJSON	SHOULD_HAVE_FAILED	n_number_real_without_fractional_part.json
Obj-C TouchJSON	SHOULD_HAVE_FAILED	n_number_with_leading_zero.json
Obj-C TouchJSON	SHOULD_HAVE_FAILED	n_object_trailing_comma.json
Obj-C TouchJSON	SHOULD_HAVE_FAILED	n_string_unescaped_crtl_char.json
Obj-C TouchJSON	SHOULD_HAVE_FAILED	n_string_unescaped_newline.json
Obj-C TouchJSON	SHOULD_HAVE_FAILED	n_string_unescaped_tab.json
Obj-C TouchJSON	CRASH	n_structure_100000_opening_arrays.json
Obj-C TouchJSON	CRASH	n_structure_open_array_object.json
Obj-C TouchJSON	SHOULD_HAVE_FAILED	n_structure_whitespace_formfeed.json
PHP 5.5.36	IMPLEMENTATION_PASS	i_object_key_lone_2nd_surrogate.json
PHP 5.5.36	IMPLEMENTATION_PASS	i_string_1st_surrogate_but_2nd_missing.json
PHP 5.5.36	IMPLEMENTATION_PASS	i_string_1st_valid_surrogate_2nd_invalid.json
PHP 5.5.36	IMPLEMENTATION_PASS	i_string_incomplete_surrogate_and_escape_valid.json
PHP 5.5.36	IMPLEMENTATION_PASS	i_string_incomplete_surrogate_pair.json
PHP 5.5.36	IMPLEMENTATION_PASS	i_string_incomplete_surrogates_escape_valid.json
PHP 5.5.36	IMPLEMENTATION_PASS	i_string_invalid_lonely_surrogate.json
PHP 5.5.36	IMPLEMENTATION_PASS	i_string_invalid_surrogate.json
PHP 5.5.36	IMPLEMENTATION_PASS	i_string_inverted_surrogates_U+1D11E.json
PHP 5.5.36	IMPLEMENTATION_PASS	i_string_lone_second_surrogate.json
PHP 5.5.36	IMPLEMENTATION_FAIL	i_string_not_in_unicode_range.json
PHP 5.5.36	IMPLEMENTATION_FAIL	i_string_truncated-utf-8.json
PHP 5.5.36	IMPLEMENTATION_PASS	i_string_unicode_U+10FFFE_nonchar.json
PHP 5.5.36	IMPLEMENTATION_PASS	i_string_unicode_U+1FFFE_nonchar.json
PHP 5.5.36	IMPLEMENTATION_PASS	i_string_unicode_U+FDD0_nonchar.json
PHP 5.5.36	IMPLEMENTATION_PASS	i_string_unicode_U+FFFE_nonchar.json
PHP 5.5.36	IMPLEMENTATION_FAIL	i_string_UTF-16LE_with_BOM.json
PHP 5.5.36	IMPLEMENTATION_FAIL	i_string_UTF-8_invalid_sequence.json
PHP 5.5.36	IMPLEMENTATION_PASS	i_structure_500_nested_arrays.json
PHP 5.5.36	IMPLEMENTATION_FAIL	i_structure_UTF-8_BOM_empty_object.json
PHP 5.5.36	SHOULD_HAVE_FAILED	n_number_-2..json
PHP 5.5.36	SHOULD_HAVE_FAILED	n_number_0.e1.json
PHP 5.5.36	SHOULD_HAVE_FAILED	n_number_2.e+3.json
PHP 5.5.36	SHOULD_HAVE_FAILED	n_number_2.e-3.json
PHP 5.5.36	SHOULD_HAVE_FAILED	n_number_2.e3.json
PHP 5.5.36	SHOULD_HAVE_FAILED	n_number_real_without_fractional_part.json
PHP 5.5.36	SHOULD_HAVE_FAILED	n_structure_no_data.json
PHP 5.5.36	SHOULD_HAVE_PASSED	y_string_utf16BE_no_BOM.json
PHP 5.5.36	SHOULD_HAVE_PASSED	y_string_utf16LE_no_BOM.json
Perl JSON	IMPLEMENTATION_FAIL	i_object_key_lone_2nd_surrogate.json
Perl JSON	IMPLEMENTATION_FAIL	i_string_1st_surrogate_but_2nd_missing.json
Perl JSON	IMPLEMENTATION_FAIL	i_string_1st_valid_surrogate_2nd_invalid.json
Perl JSON	IMPLEMENTATION_FAIL	i_string_incomplete_surrogate_and_escape_valid.json
Perl JSON	IMPLEMENTATION_FAIL	i_string_incomplete_surrogate_pair.json
Perl JSON	IMPLEMENTATION_FAIL	i_string_incomplete_surrogates_escape_valid.json
Perl JSON	IMPLEMENTATION_FAIL	i_string_invalid_lonely_surrogate.json
Perl JSON	IMPLEMENTATION_FAIL	i_string_invalid_surrogate.json
Perl JSON	IMPLEMENTATION_FAIL	i_string_inverted_surrogates_U+1D11E.json
Perl JSON	IMPLEMENTATION_FAIL	i_string_lone_second_surrogate.json
Perl JSON	IMPLEMENTATION_PASS	i_string_not_in_unicode_range.json
Perl JSON	IMPLEMENTATION_FAIL	i_string_truncated-utf-8.json
Perl JSON	IMPLEMENTATION_PASS	i_string_unicode_U+10FFFE_nonchar.json
Perl JSON	IMPLEMENTATION_PASS	i_string_unicode_U+1FFFE_nonchar.json
Perl JSON	IMPLEMENTATION_PASS	i_string_unicode_U+FDD0_nonchar.json
Perl JSON	IMPLEMENTATION_PASS	i_string_unicode_U+FFFE_nonchar.json
Perl JSON	IMPLEMENTATION_FAIL	i_string_UTF-16LE_with_BOM.json
Perl JSON	IMPLEMENTATION_FAIL	i_string_UTF-8_invalid_sequence.json
Perl JSON	IMPLEMENTATION_PASS	i_structure_500_nested_arrays.json
Perl JSON	IMPLEMENTATION_FAIL	i_structure_UTF-8_BOM_empty_object.json
Perl JSON	SHOULD_HAVE_FAILED	n_array_extra_comma.json
Perl JSON	SHOULD_HAVE_FAILED	n_array_number_and_comma.json
Perl JSON	SHOULD_HAVE_FAILED	n_number_then_00.json
Perl JSON	SHOULD_HAVE_FAILED	n_object_trailing_comma.json
Perl JSON	SHOULD_HAVE_FAILED	n_object_with_trailing_garbage.json
Perl JSON	SHOULD_HAVE_FAILED	n_string_unescaped_tab.json
Perl JSON	SHOULD_HAVE_FAILED	n_string_UTF8_surrogate_U+D800.json
Perl JSON	SHOULD_HAVE_FAILED	n_structure_trailing_#.json
Perl JSON	SHOULD_HAVE_PASSED	y_array_with_1_and_newline.json
Perl JSON	SHOULD_HAVE_PASSED	y_object_with_newlines.json
Perl JSON	SHOULD_HAVE_PASSED	y_string_utf16BE_no_BOM.json
Perl JSON	SHOULD_HAVE_PASSED	y_string_utf16LE_no_BOM.json
Perl JSON	SHOULD_HAVE_PASSED	y_structure_lonely_null.json
Perl JSON	SHOULD_HAVE_PASSED	y_structure_string_empty.json
Perl JSON::XS	IMPLEMENTATION_FAIL	i_object_key_lone_2nd_surrogate.json
Perl JSON::XS	IMPLEMENTATION_FAIL	i_string_1st_surrogate_but_2nd_missing.json
Perl JSON::XS	IMPLEMENTATION_FAIL	i_string_1st_valid_surrogate_2nd_invalid.json
Perl JSON::XS	IMPLEMENTATION_FAIL	i_string_incomplete_surrogate_and_escape_valid.json
Perl JSON::XS	IMPLEMENTATION_FAIL	i_string_incomplete_surrogate_pair.json
Perl JSON::XS	IMPLEMENTATION_FAIL	i_string_incomplete_surrogates_escape_valid.json
Perl JSON::XS	IMPLEMENTATION_FAIL	i_string_invalid_lonely_surrogate.json
Perl JSON::XS	IMPLEMENTATION_FAIL	i_string_invalid_surrogate.json
Perl JSON::XS	IMPLEMENTATION_FAIL	i_string_inverted_surrogates_U+1D11E.json
Perl JSON::XS	IMPLEMENTATION_FAIL	i_string_lone_second_surrogate.json
Perl JSON::XS	IMPLEMENTATION_PASS	i_string_not_in_unicode_range.json
Perl JSON::XS	IMPLEMENTATION_FAIL	i_string_truncated-utf-8.json
Perl JSON::XS	IMPLEMENTATION_PASS	i_string_unicode_U+10FFFE_nonchar.json
Perl JSON::XS	IMPLEMENTATION_PASS	i_string_unicode_U+1FFFE_nonchar.json
Perl JSON::XS	IMPLEMENTATION_PASS	i_string_unicode_U+FDD0_nonchar.json
Perl JSON::XS	IMPLEMENTATION_PASS	i_string_unicode_U+FFFE_nonchar.json
Perl JSON::XS	IMPLEMENTATION_FAIL	i_string_UTF-16LE_with_BOM.json
Perl JSON::XS	IMPLEMENTATION_FAIL	i_string_UTF-8_invalid_sequence.json
Perl JSON::XS	IMPLEMENTATION_PASS	i_structure_500_nested_arrays.json
Perl JSON::XS	IMPLEMENTATION_FAIL	i_structure_UTF-8_BOM_empty_object.json
Perl JSON::XS	SHOULD_HAVE_FAILED	n_array_newlines_unclosed.json
Perl JSON::XS	SHOULD_HAVE_FAILED	n_array_unclosed_with_new_lines.json
Perl JSON::XS	SHOULD_HAVE_FAILED	n_number_then_00.json
Perl JSON::XS	SHOULD_HAVE_FAILED	n_string_UTF8_surrogate_U+D800.json
Perl JSON::XS	SHOULD_HAVE_PASSED	y_array_with_1_and_newline.json
Perl JSON::XS	SHOULD_HAVE_PASSED	y_object_with_newlines.json
Perl JSON::XS	SHOULD_HAVE_PASSED	y_string_space.json
Perl JSON::XS	SHOULD_HAVE_PASSED	y_string_utf16BE_no_BOM.json
Perl JSON::XS	SHOULD_HAVE_PASSED	y_string_utf16LE_no_BOM.json
Perl JSON::XS	SHOULD_HAVE_PASSED	y_structure_lonely_false.json
Perl JSON::XS	SHOULD_HAVE_PASSED	y_structure_lonely_null.json
Perl JSON::XS	SHOULD_HAVE_PASSED	y_structure_lonely_string.json
Perl JSON::XS	SHOULD_HAVE_PASSED	y_structure_string_empty.json
Python 2.7.10	IMPLEMENTATION_PASS	i_object_key_lone_2nd_surrogate.json
Python 2.7.10	IMPLEMENTATION_PASS	i_string_1st_surrogate_but_2nd_missing.json
Python 2.7.10	IMPLEMENTATION_PASS	i_string_1st_valid_surrogate_2nd_invalid.json
Python 2.7.10	IMPLEMENTATION_PASS	i_string_incomplete_surrogate_and_escape_valid.json
Python 2.7.10	IMPLEMENTATION_PASS	i_string_incomplete_surrogate_pair.json
Python 2.7.10	IMPLEMENTATION_PASS	i_string_incomplete_surrogates_escape_valid.json
Python 2.7.10	IMPLEMENTATION_PASS	i_string_invalid_lonely_surrogate.json
Python 2.7.10	IMPLEMENTATION_PASS	i_string_invalid_surrogate.json
Python 2.7.10	IMPLEMENTATION_PASS	i_string_inverted_surrogates_U+1D11E.json
Python 2.7.10	IMPLEMENTATION_PASS	i_string_lone_second_surrogate.json
Python 2.7.10	IMPLEMENTATION_FAIL	i_string_not_in_unicode_range.json
Python 2.7.10	IMPLEMENTATION_FAIL	i_string_truncated-utf-8.json
Python 2.7.10	IMPLEMENTATION_PASS	i_string_unicode_U+10FFFE_nonchar.json
Python 2.7.10	IMPLEMENTATION_PASS	i_string_unicode_U+1FFFE_nonchar.json
Python 2.7.10	IMPLEMENTATION_PASS	i_string_unicode_U+FDD0_nonchar.json
Python 2.7.10	IMPLEMENTATION_PASS	i_string_unicode_U+FFFE_nonchar.json
Python 2.7.10	IMPLEMENTATION_FAIL	i_string_UTF-16LE_with_BOM.json
Python 2.7.10	IMPLEMENTATION_FAIL	i_string_UTF-8_invalid_sequence.json
Python 2.7.10	IMPLEMENTATION_PASS	i_structure_500_nested_arrays.json
Python 2.7.10	IMPLEMENTATION_FAIL	i_structure_UTF-8_BOM_empty_object.json
Python 2.7.10	SHOULD_HAVE_FAILED	n_number_infinity.json
Python 2.7.10	SHOULD_HAVE_FAILED	n_number_minus_infinity.json
Python 2.7.10	SHOULD_HAVE_FAILED	n_number_NaN.json
Python 2.7.10	SHOULD_HAVE_FAILED	n_string_UTF8_surrogate_U+D800.json
Python 2.7.10	SHOULD_HAVE_PASSED	y_string_utf16BE_no_BOM.json
Python 2.7.10	SHOULD_HAVE_PASSED	y_string_utf16LE_no_BOM.json
R jsonlite	IMPLEMENTATION_PASS	i_object_key_lone_2nd_surrogate.json
R jsonlite	IMPLEMENTATION_PASS	i_string_1st_surrogate_but_2nd_missing.json
R jsonlite	IMPLEMENTATION_PASS	i_string_1st_valid_surrogate_2nd_invalid.json
R jsonlite	IMPLEMENTATION_PASS	i_string_incomplete_surrogate_and_escape_valid.json
R jsonlite	IMPLEMENTATION_PASS	i_string_incomplete_surrogate_pair.json
R jsonlite	IMPLEMENTATION_PASS	i_string_incomplete_surrogates_escape_valid.json
R jsonlite	IMPLEMENTATION_PASS	i_string_invalid_lonely_surrogate.json
R jsonlite	IMPLEMENTATION_PASS	i_string_invalid_surrogate.json
R jsonlite	IMPLEMENTATION_PASS	i_string_inverted_surrogates_U+1D11E.json
R jsonlite	IMPLEMENTATION_PASS	i_string_lone_second_surrogate.json
R jsonlite	IMPLEMENTATION_PASS	i_string_not_in_unicode_range.json
R jsonlite	IMPLEMENTATION_FAIL	i_string_truncated-utf-8.json
R jsonlite	IMPLEMENTATION_PASS	i_string_unicode_U+10FFFE_nonchar.json
R jsonlite	IMPLEMENTATION_PASS	i_string_unicode_U+1FFFE_nonchar.json
R jsonlite	IMPLEMENTATION_PASS	i_string_unicode_U+FDD0_nonchar.json
R jsonlite	IMPLEMENTATION_PASS	i_string_unicode_U+FFFE_nonchar.json
R jsonlite	IMPLEMENTATION_FAIL	i_string_UTF-16LE_with_BOM.json
R jsonlite	IMPLEMENTATION_FAIL	i_string_UTF-8_invalid_sequence.json
R jsonlite	IMPLEMENTATION_PASS	i_structure_500_nested_arrays.json
R jsonlite	IMPLEMENTATION_PASS	i_structure_UTF-8_BOM_empty_object.json
R jsonlite	SHOULD_HAVE_FAILED	n_object_trailing_comment.json
R jsonlite	SHOULD_HAVE_FAILED	n_object_trailing_comment_slash_open.json
R jsonlite	SHOULD_HAVE_FAILED	n_string_overlong_sequence_2_bytes.json
R jsonlite	SHOULD_HAVE_FAILED	n_string_UTF8_surrogate_U+D800.json
R jsonlite	SHOULD_HAVE_FAILED	n_structure_object_with_comment.json
R jsonlite	SHOULD_HAVE_FAILED	n_structure_whitespace_formfeed.json
R jsonlite	SHOULD_HAVE_PASSED	y_string_utf16BE_no_BOM.json
R jsonlite	SHOULD_HAVE_PASSED	y_string_utf16LE_no_BOM.json
R rjson	IMPLEMENTATION_PASS	i_object_key_lone_2nd_surrogate.json
R rjson	IMPLEMENTATION_PASS	i_string_1st_surrogate_but_2nd_missing.json
R rjson	IMPLEMENTATION_PASS	i_string_1st_valid_surrogate_2nd_invalid.json
R rjson	IMPLEMENTATION_PASS	i_string_incomplete_surrogate_and_escape_valid.json
R rjson	IMPLEMENTATION_PASS	i_string_incomplete_surrogate_pair.json
R rjson	IMPLEMENTATION_PASS	i_string_incomplete_surrogates_escape_valid.json
R rjson	IMPLEMENTATION_PASS	i_string_invalid_lonely_surrogate.json
R rjson	IMPLEMENTATION_PASS	i_string_invalid_surrogate.json
R rjson	IMPLEMENTATION_PASS	i_string_inverted_surrogates_U+1D11E.json
R rjson	IMPLEMENTATION_PASS	i_string_lone_second_surrogate.json
R rjson	IMPLEMENTATION_PASS	i_string_not_in_unicode_range.json
R rjson	IMPLEMENTATION_PASS	i_string_truncated-utf-8.json
R rjson	IMPLEMENTATION_PASS	i_string_unicode_U+10FFFE_nonchar.json
R rjson	IMPLEMENTATION_PASS	i_string_unicode_U+1FFFE_nonchar.json
R rjson	IMPLEMENTATION_PASS	i_string_unicode_U+FDD0_nonchar.json
R rjson	IMPLEMENTATION_PASS	i_string_unicode_U+FFFE_nonchar.json
R rjson	IMPLEMENTATION_FAIL	i_string_UTF-16LE_with_BOM.json
R rjson	IMPLEMENTATION_PASS	i_string_UTF-8_invalid_sequence.json
R rjson	IMPLEMENTATION_PASS	i_structure_500_nested_arrays.json
R rjson	IMPLEMENTATION_PASS	i_structure_UTF-8_BOM_empty_object.json
R rjson	SHOULD_HAVE_FAILED	n_array_comma_after_close.json
R rjson	SHOULD_HAVE_FAILED	n_array_extra_close.json
R rjson	SHOULD_HAVE_FAILED	n_array_extra_comma.json
R rjson	SHOULD_HAVE_FAILED	n_array_just_minus.json
R rjson	SHOULD_HAVE_FAILED	n_array_number_and_comma.json
R rjson	SHOULD_HAVE_FAILED	n_number_-2..json
R rjson	SHOULD_HAVE_FAILED	n_number_0.3e+.json
R rjson	SHOULD_HAVE_FAILED	n_number_0.3e.json
R rjson	SHOULD_HAVE_FAILED	n_number_0.e1.json
R rjson	SHOULD_HAVE_FAILED	n_number_0_capital_E+.json
R rjson	SHOULD_HAVE_FAILED	n_number_0_capital_E.json
R rjson	SHOULD_HAVE_FAILED	n_number_0e+.json
R rjson	SHOULD_HAVE_FAILED	n_number_0e.json
R rjson	SHOULD_HAVE_FAILED	n_number_1.0e+.json
R rjson	SHOULD_HAVE_FAILED	n_number_1.0e-.json
R rjson	SHOULD_HAVE_FAILED	n_number_1.0e.json
R rjson	SHOULD_HAVE_FAILED	n_number_2.e+3.json
R rjson	SHOULD_HAVE_FAILED	n_number_2.e-3.json
R rjson	SHOULD_HAVE_FAILED	n_number_2.e3.json
R rjson	SHOULD_HAVE_FAILED	n_number_9.e+.json
R rjson	SHOULD_HAVE_FAILED	n_number_neg_real_without_int_part.json
R rjson	SHOULD_HAVE_FAILED	n_number_real_without_fractional_part.json
R rjson	SHOULD_HAVE_FAILED	n_number_then_00.json
R rjson	SHOULD_HAVE_FAILED	n_object_trailing_comment.json
R rjson	SHOULD_HAVE_FAILED	n_object_trailing_comment_open.json
R rjson	SHOULD_HAVE_FAILED	n_object_trailing_comment_slash_open.json
R rjson	SHOULD_HAVE_FAILED	n_object_trailing_comment_slash_open_incomplete.json
R rjson	SHOULD_HAVE_FAILED	n_object_with_trailing_garbage.json
R rjson	SHOULD_HAVE_FAILED	n_string_invalid_utf-8.json
R rjson	SHOULD_HAVE_FAILED	n_string_iso_latin_1.json
R rjson	SHOULD_HAVE_FAILED	n_string_lone_utf8_continuation_byte.json
R rjson	SHOULD_HAVE_FAILED	n_string_overlong_sequence_2_bytes.json
R rjson	SHOULD_HAVE_FAILED	n_string_overlong_sequence_6_bytes.json
R rjson	SHOULD_HAVE_FAILED	n_string_overlong_sequence_6_bytes_null.json
R rjson	SHOULD_HAVE_FAILED	n_string_unescaped_newline.json
R rjson	SHOULD_HAVE_FAILED	n_string_unescaped_tab.json
R rjson	SHOULD_HAVE_FAILED	n_string_UTF8_surrogate_U+D800.json
R rjson	SHOULD_HAVE_FAILED	n_string_with_trailing_garbage.json
R rjson	SHOULD_HAVE_FAILED	n_structure_array_trailing_garbage.json
R rjson	SHOULD_HAVE_FAILED	n_structure_array_with_extra_array_close.json
R rjson	SHOULD_HAVE_FAILED	n_structure_close_unopened_array.json
R rjson	SHOULD_HAVE_FAILED	n_structure_double_array.json
R rjson	SHOULD_HAVE_FAILED	n_structure_number_with_trailing_garbage.json
R rjson	SHOULD_HAVE_FAILED	n_structure_object_followed_by_closing_object.json
R rjson	SHOULD_HAVE_FAILED	n_structure_object_with_trailing_garbage.json
R rjson	SHOULD_HAVE_FAILED	n_structure_trailing_#.json
R rjson	SHOULD_HAVE_PASSED	y_string_utf16BE_no_BOM.json
R rjson	SHOULD_HAVE_PASSED	y_string_utf16LE_no_BOM.json
Ruby	IMPLEMENTATION_PASS	i_object_key_lone_2nd_surrogate.json
Ruby	IMPLEMENTATION_PASS	i_string_1st_surrogate_but_2nd_missing.json
Ruby	IMPLEMENTATION_PASS	i_string_1st_valid_surrogate_2nd_invalid.json
Ruby	IMPLEMENTATION_PASS	i_string_incomplete_surrogate_and_escape_valid.json
Ruby	IMPLEMENTATION_PASS	i_string_incomplete_surrogate_pair.json
Ruby	IMPLEMENTATION_PASS	i_string_incomplete_surrogates_escape_valid.json
Ruby	IMPLEMENTATION_PASS	i_string_invalid_lonely_surrogate.json
Ruby	IMPLEMENTATION_PASS	i_string_invalid_surrogate.json
Ruby	IMPLEMENTATION_PASS	i_string_inverted_surrogates_U+1D11E.json
Ruby	IMPLEMENTATION_PASS	i_string_lone_second_surrogate.json
Ruby	IMPLEMENTATION_PASS	i_string_not_in_unicode_range.json
Ruby	IMPLEMENTATION_PASS	i_string_truncated-utf-8.json
Ruby	IMPLEMENTATION_PASS	i_string_unicode_U+10FFFE_nonchar.json
Ruby	IMPLEMENTATION_PASS	i_string_unicode_U+1FFFE_nonchar.json
Ruby	IMPLEMENTATION_PASS	i_string_unicode_U+FDD0_nonchar.json
Ruby	IMPLEMENTATION_PASS	i_string_unicode_U+FFFE_nonchar.json
Ruby	IMPLEMENTATION_FAIL	i_string_UTF-16LE_with_BOM.json
Ruby	IMPLEMENTATION_PASS	i_string_UTF-8_invalid_sequence.json
Ruby	IMPLEMENTATION_FAIL	i_structure_500_nested_arrays.json
Ruby	IMPLEMENTATION_FAIL	i_structure_UTF-8_BOM_empty_object.json
Ruby	SHOULD_HAVE_FAILED	n_object_trailing_comment.json
Ruby	SHOULD_HAVE_FAILED	n_string_escape_x.json
Ruby	SHOULD_HAVE_FAILED	n_string_escaped_emoji.json
Ruby	SHOULD_HAVE_FAILED	n_string_incomplete_surrogate_escape_invalid.json
Ruby	SHOULD_HAVE_FAILED	n_string_invalid_backslash_esc.json
Ruby	SHOULD_HAVE_FAILED	n_string_invalid_utf-8.json
Ruby	SHOULD_HAVE_FAILED	n_string_invalid_utf8_after_escape.json
Ruby	SHOULD_HAVE_FAILED	n_string_iso_latin_1.json
Ruby	SHOULD_HAVE_FAILED	n_string_lone_utf8_continuation_byte.json
Ruby	SHOULD_HAVE_FAILED	n_string_overlong_sequence_2_bytes.json
Ruby	SHOULD_HAVE_FAILED	n_string_overlong_sequence_6_bytes.json
Ruby	SHOULD_HAVE_FAILED	n_string_overlong_sequence_6_bytes_null.json
Ruby	SHOULD_HAVE_FAILED	n_string_unicode_CapitalU.json
Ruby	SHOULD_HAVE_FAILED	n_string_UTF8_surrogate_U+D800.json
Ruby	SHOULD_HAVE_FAILED	n_structure_object_with_comment.json
Ruby	SHOULD_HAVE_PASSED	y_string_utf16BE_no_BOM.json
Ruby	SHOULD_HAVE_PASSED	y_string_utf16LE_no_BOM.json
Ruby	SHOULD_HAVE_PASSED	y_structure_lonely_null.json
Ruby regex	IMPLEMENTATION_FAIL	i_object_key_lone_2nd_surrogate.json
Ruby regex	IMPLEMENTATION_FAIL	i_string_1st_surrogate_but_2nd_missing.json
Ruby regex	IMPLEMENTATION_FAIL	i_string_1st_valid_surrogate_2nd_invalid.json
Ruby regex	IMPLEMENTATION_FAIL	i_string_incomplete_surrogate_and_escape_valid.json
Ruby regex	IMPLEMENTATION_FAIL	i_string_incomplete_surrogate_pair.json
Ruby regex	IMPLEMENTATION_FAIL	i_string_incomplete_surrogates_escape_valid.json
Ruby regex	IMPLEMENTATION_FAIL	i_string_invalid_lonely_surrogate.json
Ruby regex	IMPLEMENTATION_FAIL	i_string_invalid_surrogate.json
Ruby regex	IMPLEMENTATION_FAIL	i_string_inverted_surrogates_U+1D11E.json
Ruby regex	IMPLEMENTATION_FAIL	i_string_lone_second_surrogate.json
Ruby regex	IMPLEMENTATION_FAIL	i_string_not_in_unicode_range.json
Ruby regex	IMPLEMENTATION_FAIL	i_string_truncated-utf-8.json
Ruby regex	IMPLEMENTATION_FAIL	i_string_unicode_U+10FFFE_nonchar.json
Ruby regex	IMPLEMENTATION_FAIL	i_string_unicode_U+1FFFE_nonchar.json
Ruby regex	IMPLEMENTATION_FAIL	i_string_unicode_U+FDD0_nonchar.json
Ruby regex	IMPLEMENTATION_FAIL	i_string_unicode_U+FFFE_nonchar.json
Ruby regex	IMPLEMENTATION_FAIL	i_string_UTF-16LE_with_BOM.json
Ruby regex	IMPLEMENTATION_FAIL	i_string_UTF-8_invalid_sequence.json
Ruby regex	IMPLEMENTATION_PASS	i_structure_500_nested_arrays.json
Ruby regex	IMPLEMENTATION_FAIL	i_structure_UTF-8_BOM_empty_object.json
Ruby regex	SHOULD_HAVE_FAILED	n_string_unescaped_crtl_char.json
Ruby regex	SHOULD_HAVE_FAILED	n_string_unescaped_newline.json
Ruby regex	SHOULD_HAVE_FAILED	n_string_unescaped_tab.json
Ruby regex	SHOULD_HAVE_FAILED	n_structure_capitalized_True.json
Ruby regex	CRASH	n_structure_open_array_object.json
Ruby regex	SHOULD_HAVE_FAILED	n_structure_whitespace_formfeed.json
Ruby regex	SHOULD_HAVE_PASSED	y_object_escaped_null_in_key.json
Ruby regex	SHOULD_HAVE_PASSED	y_object_string_unicode.json
Ruby regex	SHOULD_HAVE_PASSED	y_string_1_2_3_bytes_UTF-8_sequences.json
Ruby regex	SHOULD_HAVE_PASSED	y_string_accepted_surrogate_pair.json
Ruby regex	SHOULD_HAVE_PASSED	y_string_accepted_surrogate_pairs.json
Ruby regex	SHOULD_HAVE_PASSED	y_string_allowed_escapes.json
Ruby regex	SHOULD_HAVE_PASSED	y_string_backslash_and_u_escaped_zero.json
Ruby regex	SHOULD_HAVE_PASSED	y_string_backslash_doublequotes.json
Ruby regex	SHOULD_HAVE_PASSED	y_string_double_escape_a.json
Ruby regex	SHOULD_HAVE_PASSED	y_string_double_escape_n.json
Ruby regex	SHOULD_HAVE_PASSED	y_string_escaped_control_character.json
Ruby regex	SHOULD_HAVE_PASSED	y_string_escaped_noncharacter.json
Ruby regex	SHOULD_HAVE_PASSED	y_string_last_surrogates_1_and_2.json
Ruby regex	SHOULD_HAVE_PASSED	y_string_newline_uescaped.json
Ruby regex	SHOULD_HAVE_PASSED	y_string_null_escape.json
Ruby regex	SHOULD_HAVE_PASSED	y_string_one-byte-utf-8.json
Ruby regex	SHOULD_HAVE_PASSED	y_string_surrogates_U+1D11E_MUSICAL_SYMBOL_G_CLEF.json
Ruby regex	SHOULD_HAVE_PASSED	y_string_three-byte-utf-8.json
Ruby regex	SHOULD_HAVE_PASSED	y_string_two-byte-utf-8.json
Ruby regex	SHOULD_HAVE_PASSED	y_string_uEscape.json
Ruby regex	SHOULD_HAVE_PASSED	y_string_unicode.json
Ruby regex	SHOULD_HAVE_PASSED	y_string_unicode_escaped_double_quote.json
Ruby regex	SHOULD_HAVE_PASSED	y_string_unicode_U+200B_ZERO_WIDTH_SPACE.json
Ruby regex	SHOULD_HAVE_PASSED	y_string_unicode_U+2064_invisible_plus.json
Ruby regex	SHOULD_HAVE_PASSED	y_string_unicodeEscapedBackslash.json
Ruby regex	SHOULD_HAVE_PASSED	y_string_utf16BE_no_BOM.json
Ruby regex	SHOULD_HAVE_PASSED	y_string_utf16LE_no_BOM.json
Rust json-rust	IMPLEMENTATION_FAIL	i_object_key_lone_2nd_surrogate.json
Rust json-rust	IMPLEMENTATION_FAIL	i_string_1st_surrogate_but_2nd_missing.json
Rust json-rust	IMPLEMENTATION_FAIL	i_string_1st_valid_surrogate_2nd_invalid.json
Rust json-rust	IMPLEMENTATION_FAIL	i_string_incomplete_surrogate_and_escape_valid.json
Rust json-rust	IMPLEMENTATION_FAIL	i_string_incomplete_surrogate_pair.json
Rust json-rust	IMPLEMENTATION_FAIL	i_string_incomplete_surrogates_escape_valid.json
Rust json-rust	IMPLEMENTATION_FAIL	i_string_invalid_lonely_surrogate.json
Rust json-rust	IMPLEMENTATION_FAIL	i_string_invalid_surrogate.json
Rust json-rust	IMPLEMENTATION_FAIL	i_string_inverted_surrogates_U+1D11E.json
Rust json-rust	IMPLEMENTATION_FAIL	i_string_lone_second_surrogate.json
Rust json-rust	IMPLEMENTATION_FAIL	i_string_not_in_unicode_range.json
Rust json-rust	IMPLEMENTATION_FAIL	i_string_truncated-utf-8.json
Rust json-rust	IMPLEMENTATION_PASS	i_string_unicode_U+10FFFE_nonchar.json
Rust json-rust	IMPLEMENTATION_PASS	i_string_unicode_U+1FFFE_nonchar.json
Rust json-rust	IMPLEMENTATION_PASS	i_string_unicode_U+FDD0_nonchar.json
Rust json-rust	IMPLEMENTATION_PASS	i_string_unicode_U+FFFE_nonchar.json
Rust json-rust	IMPLEMENTATION_FAIL	i_string_UTF-16LE_with_BOM.json
Rust json-rust	IMPLEMENTATION_FAIL	i_string_UTF-8_invalid_sequence.json
Rust json-rust	CRASH	i_structure_500_nested_arrays.json
Rust json-rust	IMPLEMENTATION_FAIL	i_structure_UTF-8_BOM_empty_object.json
Rust json-rust	SHOULD_HAVE_FAILED	n_number_-2..json
Rust json-rust	SHOULD_HAVE_FAILED	n_number_0.e1.json
Rust json-rust	SHOULD_HAVE_FAILED	n_number_2.e+3.json
Rust json-rust	SHOULD_HAVE_FAILED	n_number_2.e-3.json
Rust json-rust	SHOULD_HAVE_FAILED	n_number_2.e3.json
Rust json-rust	SHOULD_HAVE_FAILED	n_number_real_without_fractional_part.json
Rust json-rust	CRASH	n_string_accentuated_char_no_quotes.json
Rust json-rust	CRASH	n_structure_100000_opening_arrays.json
Rust json-rust	CRASH	n_structure_open_array_object.json
Rust json-rust	CRASH	n_structure_unicode-identifier.json
Rust json-rust	SHOULD_HAVE_FAILED	n_structure_whitespace_formfeed.json
Rust json-rust	CRASH	y_number_huge_exp.json
Rust json-rust	SHOULD_HAVE_PASSED	y_string_utf16BE_no_BOM.json
Rust json-rust	SHOULD_HAVE_PASSED	y_string_utf16LE_no_BOM.json
Rust rustc_serialize::json	IMPLEMENTATION_FAIL	i_object_key_lone_2nd_surrogate.json
Rust rustc_serialize::json	IMPLEMENTATION_FAIL	i_string_1st_surrogate_but_2nd_missing.json
Rust rustc_serialize::json	IMPLEMENTATION_FAIL	i_string_1st_valid_surrogate_2nd_invalid.json
Rust rustc_serialize::json	IMPLEMENTATION_FAIL	i_string_incomplete_surrogate_and_escape_valid.json
Rust rustc_serialize::json	IMPLEMENTATION_FAIL	i_string_incomplete_surrogate_pair.json
Rust rustc_serialize::json	IMPLEMENTATION_FAIL	i_string_incomplete_surrogates_escape_valid.json
Rust rustc_serialize::json	IMPLEMENTATION_FAIL	i_string_invalid_lonely_surrogate.json
Rust rustc_serialize::json	IMPLEMENTATION_FAIL	i_string_invalid_surrogate.json
Rust rustc_serialize::json	IMPLEMENTATION_FAIL	i_string_inverted_surrogates_U+1D11E.json
Rust rustc_serialize::json	IMPLEMENTATION_FAIL	i_string_lone_second_surrogate.json
Rust rustc_serialize::json	IMPLEMENTATION_FAIL	i_string_not_in_unicode_range.json
Rust rustc_serialize::json	IMPLEMENTATION_FAIL	i_string_truncated-utf-8.json
Rust rustc_serialize::json	IMPLEMENTATION_PASS	i_string_unicode_U+10FFFE_nonchar.json
Rust rustc_serialize::json	IMPLEMENTATION_PASS	i_string_unicode_U+1FFFE_nonchar.json
Rust rustc_serialize::json	IMPLEMENTATION_PASS	i_string_unicode_U+FDD0_nonchar.json
Rust rustc_serialize::json	IMPLEMENTATION_PASS	i_string_unicode_U+FFFE_nonchar.json
Rust rustc_serialize::json	IMPLEMENTATION_FAIL	i_string_UTF-16LE_with_BOM.json
Rust rustc_serialize::json	IMPLEMENTATION_FAIL	i_string_UTF-8_invalid_sequence.json
Rust rustc_serialize::json	IMPLEMENTATION_PASS	i_structure_500_nested_arrays.json
Rust rustc_serialize::json	IMPLEMENTATION_FAIL	i_structure_UTF-8_BOM_empty_object.json
Rust rustc_serialize::json	CRASH	n_structure_100000_opening_arrays.json
Rust rustc_serialize::json	CRASH	n_structure_open_array_object.json
Rust rustc_serialize::json	CRASH	y_number_huge_exp.json
Rust rustc_serialize::json	SHOULD_HAVE_PASSED	y_number_too_big_neg_int.json
Rust rustc_serialize::json	SHOULD_HAVE_PASSED	y_number_too_big_pos_int.json
Rust rustc_serialize::json	SHOULD_HAVE_PASSED	y_number_very_big_negative_int.json
Rust rustc_serialize::json	SHOULD_HAVE_PASSED	y_string_utf16BE_no_BOM.json
Rust rustc_serialize::json	SHOULD_HAVE_PASSED	y_string_utf16LE_no_BOM.json
Squeak JSON-tonyg	IMPLEMENTATION_PASS	i_object_key_lone_2nd_surrogate.json
Squeak JSON-tonyg	IMPLEMENTATION_PASS	i_string_1st_surrogate_but_2nd_missing.json
Squeak JSON-tonyg	IMPLEMENTATION_PASS	i_string_1st_valid_surrogate_2nd_invalid.json
Squeak JSON-tonyg	IMPLEMENTATION_PASS	i_string_incomplete_surrogate_and_escape_valid.json
Squeak JSON-tonyg	IMPLEMENTATION_PASS	i_string_incomplete_surrogate_pair.json
Squeak JSON-tonyg	IMPLEMENTATION_PASS	i_string_incomplete_surrogates_escape_valid.json
Squeak JSON-tonyg	IMPLEMENTATION_PASS	i_string_invalid_lonely_surrogate.json
Squeak JSON-tonyg	IMPLEMENTATION_PASS	i_string_invalid_surrogate.json
Squeak JSON-tonyg	IMPLEMENTATION_PASS	i_string_inverted_surrogates_U+1D11E.json
Squeak JSON-tonyg	IMPLEMENTATION_PASS	i_string_lone_second_surrogate.json
Squeak JSON-tonyg	CRASH	i_string_not_in_unicode_range.json
Squeak JSON-tonyg	IMPLEMENTATION_FAIL	i_string_truncated-utf-8.json
Squeak JSON-tonyg	IMPLEMENTATION_PASS	i_string_unicode_U+10FFFE_nonchar.json
Squeak JSON-tonyg	IMPLEMENTATION_PASS	i_string_unicode_U+1FFFE_nonchar.json
Squeak JSON-tonyg	IMPLEMENTATION_PASS	i_string_unicode_U+FDD0_nonchar.json
Squeak JSON-tonyg	IMPLEMENTATION_PASS	i_string_unicode_U+FFFE_nonchar.json
Squeak JSON-tonyg	CRASH	i_string_UTF-16LE_with_BOM.json
Squeak JSON-tonyg	CRASH	i_string_UTF-8_invalid_sequence.json
Squeak JSON-tonyg	IMPLEMENTATION_PASS	i_structure_500_nested_arrays.json
Squeak JSON-tonyg	IMPLEMENTATION_PASS	i_structure_UTF-8_BOM_empty_object.json
Squeak JSON-tonyg	SHOULD_HAVE_FAILED	n_array_comma_after_close.json
Squeak JSON-tonyg	SHOULD_HAVE_FAILED	n_array_extra_close.json
Squeak JSON-tonyg	CRASH	n_array_invalid_utf8.json
Squeak JSON-tonyg	SHOULD_HAVE_FAILED	n_number_+1.json
Squeak JSON-tonyg	SHOULD_HAVE_FAILED	n_number_-01.json
Squeak JSON-tonyg	SHOULD_HAVE_FAILED	n_number_-1.0..json
Squeak JSON-tonyg	SHOULD_HAVE_FAILED	n_number_-2..json
Squeak JSON-tonyg	SHOULD_HAVE_FAILED	n_number_.2e-3.json
Squeak JSON-tonyg	SHOULD_HAVE_FAILED	n_number_0.1.2.json
Squeak JSON-tonyg	SHOULD_HAVE_FAILED	n_number_0.3e+.json
Squeak JSON-tonyg	SHOULD_HAVE_FAILED	n_number_0.3e.json
Squeak JSON-tonyg	SHOULD_HAVE_FAILED	n_number_0.e1.json
Squeak JSON-tonyg	SHOULD_HAVE_FAILED	n_number_0_capital_E+.json
Squeak JSON-tonyg	SHOULD_HAVE_FAILED	n_number_0_capital_E.json
Squeak JSON-tonyg	SHOULD_HAVE_FAILED	n_number_0e+.json
Squeak JSON-tonyg	SHOULD_HAVE_FAILED	n_number_0e.json
Squeak JSON-tonyg	SHOULD_HAVE_FAILED	n_number_1.0e+.json
Squeak JSON-tonyg	SHOULD_HAVE_FAILED	n_number_1.0e-.json
Squeak JSON-tonyg	SHOULD_HAVE_FAILED	n_number_1.0e.json
Squeak JSON-tonyg	SHOULD_HAVE_FAILED	n_number_1eE2.json
Squeak JSON-tonyg	SHOULD_HAVE_FAILED	n_number_2.e+3.json
Squeak JSON-tonyg	SHOULD_HAVE_FAILED	n_number_2.e-3.json
Squeak JSON-tonyg	SHOULD_HAVE_FAILED	n_number_2.e3.json
Squeak JSON-tonyg	SHOULD_HAVE_FAILED	n_number_9.e+.json
Squeak JSON-tonyg	SHOULD_HAVE_FAILED	n_number_expression.json
Squeak JSON-tonyg	SHOULD_HAVE_FAILED	n_number_invalid+-.json
Squeak JSON-tonyg	CRASH	n_number_invalid-utf-8-in-bigger-int.json
Squeak JSON-tonyg	CRASH	n_number_invalid-utf-8-in-exponent.json
Squeak JSON-tonyg	SHOULD_HAVE_FAILED	n_number_neg_int_starting_with_zero.json
Squeak JSON-tonyg	SHOULD_HAVE_FAILED	n_number_neg_real_without_int_part.json
Squeak JSON-tonyg	CRASH	n_number_real_with_invalid_utf8_after_e.json
Squeak JSON-tonyg	SHOULD_HAVE_FAILED	n_number_real_without_fractional_part.json
Squeak JSON-tonyg	SHOULD_HAVE_FAILED	n_number_starting_with_dot.json
Squeak JSON-tonyg	SHOULD_HAVE_FAILED	n_number_then_00.json
Squeak JSON-tonyg	SHOULD_HAVE_FAILED	n_number_U+FF11_fullwidth_digit_one.json
Squeak JSON-tonyg	SHOULD_HAVE_FAILED	n_number_with_leading_zero.json
Squeak JSON-tonyg	CRASH	n_object_pi_in_key_and_trailing_comma.json
Squeak JSON-tonyg	SHOULD_HAVE_FAILED	n_object_trailing_comment.json
Squeak JSON-tonyg	SHOULD_HAVE_FAILED	n_object_trailing_comment_open.json
Squeak JSON-tonyg	SHOULD_HAVE_FAILED	n_object_trailing_comment_slash_open.json
Squeak JSON-tonyg	SHOULD_HAVE_FAILED	n_object_trailing_comment_slash_open_incomplete.json
Squeak JSON-tonyg	SHOULD_HAVE_FAILED	n_object_with_trailing_garbage.json
Squeak JSON-tonyg	SHOULD_HAVE_FAILED	n_string_backslash_00.json
Squeak JSON-tonyg	SHOULD_HAVE_FAILED	n_string_escape_x.json
Squeak JSON-tonyg	SHOULD_HAVE_FAILED	n_string_escaped_ctrl_char_tab.json
Squeak JSON-tonyg	SHOULD_HAVE_FAILED	n_string_escaped_emoji.json
Squeak JSON-tonyg	SHOULD_HAVE_FAILED	n_string_incomplete_surrogate_escape_invalid.json
Squeak JSON-tonyg	SHOULD_HAVE_FAILED	n_string_invalid_backslash_esc.json
Squeak JSON-tonyg	CRASH	n_string_invalid_utf-8.json
Squeak JSON-tonyg	CRASH	n_string_lone_utf8_continuation_byte.json
Squeak JSON-tonyg	SHOULD_HAVE_FAILED	n_string_overlong_sequence_2_bytes.json
Squeak JSON-tonyg	CRASH	n_string_overlong_sequence_6_bytes.json
Squeak JSON-tonyg	CRASH	n_string_overlong_sequence_6_bytes_null.json
Squeak JSON-tonyg	SHOULD_HAVE_FAILED	n_string_unescaped_crtl_char.json
Squeak JSON-tonyg	SHOULD_HAVE_FAILED	n_string_unescaped_newline.json
Squeak JSON-tonyg	SHOULD_HAVE_FAILED	n_string_unescaped_tab.json
Squeak JSON-tonyg	SHOULD_HAVE_FAILED	n_string_unicode_CapitalU.json
Squeak JSON-tonyg	SHOULD_HAVE_FAILED	n_string_UTF8_surrogate_U+D800.json
Squeak JSON-tonyg	SHOULD_HAVE_FAILED	n_string_with_trailing_garbage.json
Squeak JSON-tonyg	SHOULD_HAVE_FAILED	n_structure_array_trailing_garbage.json
Squeak JSON-tonyg	SHOULD_HAVE_FAILED	n_structure_array_with_extra_array_close.json
Squeak JSON-tonyg	SHOULD_HAVE_FAILED	n_structure_close_unopened_array.json
Squeak JSON-tonyg	SHOULD_HAVE_FAILED	n_structure_double_array.json
Squeak JSON-tonyg	CRASH	n_structure_lone-invalid-utf-8.json
Squeak JSON-tonyg	SHOULD_HAVE_FAILED	n_structure_number_with_trailing_garbage.json
Squeak JSON-tonyg	SHOULD_HAVE_FAILED	n_structure_object_followed_by_closing_object.json
Squeak JSON-tonyg	SHOULD_HAVE_FAILED	n_structure_object_with_comment.json
Squeak JSON-tonyg	SHOULD_HAVE_FAILED	n_structure_object_with_trailing_garbage.json
Squeak JSON-tonyg	CRASH	n_structure_single_point.json
Squeak JSON-tonyg	SHOULD_HAVE_FAILED	n_structure_trailing_#.json
Squeak JSON-tonyg	SHOULD_HAVE_FAILED	n_structure_whitespace_formfeed.json
Squeak JSON-tonyg	TIMEOUT	y_number_huge_exp.json
Squeak JSON-tonyg	TIMEOUT	y_number_real_underflow.json
Squeak JSON-tonyg	CRASH	y_string_nonCharacterInUTF-8_U+10FFFF.json
Squeak JSON-tonyg	SHOULD_HAVE_PASSED	y_string_utf16BE_no_BOM.json
Squeak JSON-tonyg	SHOULD_HAVE_PASSED	y_string_utf16LE_no_BOM.json
Swift Apple JSONSerialization	IMPLEMENTATION_FAIL	i_object_key_lone_2nd_surrogate.json
Swift Apple JSONSerialization	IMPLEMENTATION_FAIL	i_string_1st_surrogate_but_2nd_missing.json
Swift Apple JSONSerialization	IMPLEMENTATION_FAIL	i_string_1st_valid_surrogate_2nd_invalid.json
Swift Apple JSONSerialization	IMPLEMENTATION_FAIL	i_string_incomplete_surrogate_and_escape_valid.json
Swift Apple JSONSerialization	IMPLEMENTATION_FAIL	i_string_incomplete_surrogate_pair.json
Swift Apple JSONSerialization	IMPLEMENTATION_FAIL	i_string_incomplete_surrogates_escape_valid.json
Swift Apple JSONSerialization	IMPLEMENTATION_FAIL	i_string_invalid_lonely_surrogate.json
Swift Apple JSONSerialization	IMPLEMENTATION_FAIL	i_string_invalid_surrogate.json
Swift Apple JSONSerialization	IMPLEMENTATION_FAIL	i_string_inverted_surrogates_U+1D11E.json
Swift Apple JSONSerialization	IMPLEMENTATION_FAIL	i_string_lone_second_surrogate.json
Swift Apple JSONSerialization	IMPLEMENTATION_FAIL	i_string_not_in_unicode_range.json
Swift Apple JSONSerialization	IMPLEMENTATION_FAIL	i_string_truncated-utf-8.json
Swift Apple JSONSerialization	IMPLEMENTATION_PASS	i_string_unicode_U+10FFFE_nonchar.json
Swift Apple JSONSerialization	IMPLEMENTATION_PASS	i_string_unicode_U+1FFFE_nonchar.json
Swift Apple JSONSerialization	IMPLEMENTATION_PASS	i_string_unicode_U+FDD0_nonchar.json
Swift Apple JSONSerialization	IMPLEMENTATION_PASS	i_string_unicode_U+FFFE_nonchar.json
Swift Apple JSONSerialization	IMPLEMENTATION_PASS	i_string_UTF-16LE_with_BOM.json
Swift Apple JSONSerialization	IMPLEMENTATION_FAIL	i_string_UTF-8_invalid_sequence.json
Swift Apple JSONSerialization	IMPLEMENTATION_PASS	i_structure_500_nested_arrays.json
Swift Apple JSONSerialization	IMPLEMENTATION_PASS	i_structure_UTF-8_BOM_empty_object.json
Swift Apple JSONSerialization	SHOULD_HAVE_FAILED	n_array_extra_comma.json
Swift Apple JSONSerialization	SHOULD_HAVE_FAILED	n_array_number_and_comma.json
Swift Apple JSONSerialization	SHOULD_HAVE_FAILED	n_object_trailing_comma.json
Swift Apple JSONSerialization	SHOULD_HAVE_PASSED	y_number_double_huge_neg_exp.json
Swift Apple JSONSerialization	SHOULD_HAVE_PASSED	y_number_huge_exp.json
Swift Apple JSONSerialization	SHOULD_HAVE_PASSED	y_number_neg_int_huge_exp.json
Swift Apple JSONSerialization	SHOULD_HAVE_PASSED	y_number_pos_double_huge_exp.json
Swift Apple JSONSerialization	SHOULD_HAVE_PASSED	y_number_real_pos_overflow.json
Swift Apple JSONSerialization	SHOULD_HAVE_PASSED	y_number_real_underflow.json
Swift Freddy 2.1.0	IMPLEMENTATION_FAIL	i_object_key_lone_2nd_surrogate.json
Swift Freddy 2.1.0	IMPLEMENTATION_FAIL	i_string_1st_surrogate_but_2nd_missing.json
Swift Freddy 2.1.0	IMPLEMENTATION_FAIL	i_string_1st_valid_surrogate_2nd_invalid.json
Swift Freddy 2.1.0	IMPLEMENTATION_FAIL	i_string_incomplete_surrogate_and_escape_valid.json
Swift Freddy 2.1.0	IMPLEMENTATION_FAIL	i_string_incomplete_surrogate_pair.json
Swift Freddy 2.1.0	IMPLEMENTATION_FAIL	i_string_incomplete_surrogates_escape_valid.json
Swift Freddy 2.1.0	IMPLEMENTATION_FAIL	i_string_invalid_lonely_surrogate.json
Swift Freddy 2.1.0	IMPLEMENTATION_FAIL	i_string_invalid_surrogate.json
Swift Freddy 2.1.0	IMPLEMENTATION_FAIL	i_string_inverted_surrogates_U+1D11E.json
Swift Freddy 2.1.0	IMPLEMENTATION_FAIL	i_string_lone_second_surrogate.json
Swift Freddy 2.1.0	IMPLEMENTATION_FAIL	i_string_not_in_unicode_range.json
Swift Freddy 2.1.0	IMPLEMENTATION_FAIL	i_string_truncated-utf-8.json
Swift Freddy 2.1.0	IMPLEMENTATION_PASS	i_string_unicode_U+10FFFE_nonchar.json
Swift Freddy 2.1.0	IMPLEMENTATION_PASS	i_string_unicode_U+1FFFE_nonchar.json
Swift Freddy 2.1.0	IMPLEMENTATION_PASS	i_string_unicode_U+FDD0_nonchar.json
Swift Freddy 2.1.0	IMPLEMENTATION_PASS	i_string_unicode_U+FFFE_nonchar.json
Swift Freddy 2.1.0	IMPLEMENTATION_FAIL	i_string_UTF-16LE_with_BOM.json
Swift Freddy 2.1.0	IMPLEMENTATION_FAIL	i_string_UTF-8_invalid_sequence.json
Swift Freddy 2.1.0	IMPLEMENTATION_PASS	i_structure_500_nested_arrays.json
Swift Freddy 2.1.0	IMPLEMENTATION_PASS	i_structure_UTF-8_BOM_empty_object.json
Swift Freddy 2.1.0	CRASH	n_array_newlines_unclosed.json
Swift Freddy 2.1.0	CRASH	n_array_unclosed_trailing_comma.json
Swift Freddy 2.1.0	CRASH	n_object_missing_value.json
Swift Freddy 2.1.0	CRASH	n_single_space.json
Swift Freddy 2.1.0	CRASH	n_string_start_escape_unclosed.json
Swift Freddy 2.1.0	SHOULD_HAVE_FAILED	n_string_unescaped_crtl_char.json
Swift Freddy 2.1.0	SHOULD_HAVE_FAILED	n_string_unescaped_newline.json
Swift Freddy 2.1.0	SHOULD_HAVE_FAILED	n_string_unescaped_tab.json
Swift Freddy 2.1.0	CRASH	n_structure_object_unclosed_no_value.json
Swift Freddy 2.1.0	SHOULD_HAVE_PASSED	y_number_0e+1.json
Swift Freddy 2.1.0	SHOULD_HAVE_PASSED	y_number_0e1.json
Swift Freddy 2.1.0	SHOULD_HAVE_PASSED	y_string_utf16BE_no_BOM.json
Swift Freddy 2.1.0	SHOULD_HAVE_PASSED	y_string_utf16LE_no_BOM.json
Swift Freddy 20160830	IMPLEMENTATION_FAIL	i_object_key_lone_2nd_surrogate.json
Swift Freddy 20160830	IMPLEMENTATION_FAIL	i_string_1st_surrogate_but_2nd_missing.json
Swift Freddy 20160830	IMPLEMENTATION_FAIL	i_string_1st_valid_surrogate_2nd_invalid.json
Swift Freddy 20160830	IMPLEMENTATION_FAIL	i_string_incomplete_surrogate_and_escape_valid.json
Swift Freddy 20160830	IMPLEMENTATION_FAIL	i_string_incomplete_surrogate_pair.json
Swift Freddy 20160830	IMPLEMENTATION_FAIL	i_string_incomplete_surrogates_escape_valid.json
Swift Freddy 20160830	IMPLEMENTATION_FAIL	i_string_invalid_lonely_surrogate.json
Swift Freddy 20160830	IMPLEMENTATION_FAIL	i_string_invalid_surrogate.json
Swift Freddy 20160830	IMPLEMENTATION_FAIL	i_string_inverted_surrogates_U+1D11E.json
Swift Freddy 20160830	IMPLEMENTATION_FAIL	i_string_lone_second_surrogate.json
Swift Freddy 20160830	IMPLEMENTATION_FAIL	i_string_not_in_unicode_range.json
Swift Freddy 20160830	IMPLEMENTATION_FAIL	i_string_truncated-utf-8.json
Swift Freddy 20160830	IMPLEMENTATION_PASS	i_string_unicode_U+10FFFE_nonchar.json
Swift Freddy 20160830	IMPLEMENTATION_PASS	i_string_unicode_U+1FFFE_nonchar.json
Swift Freddy 20160830	IMPLEMENTATION_PASS	i_string_unicode_U+FDD0_nonchar.json
Swift Freddy 20160830	IMPLEMENTATION_PASS	i_string_unicode_U+FFFE_nonchar.json
Swift Freddy 20160830	IMPLEMENTATION_FAIL	i_string_UTF-16LE_with_BOM.json
Swift Freddy 20160830	IMPLEMENTATION_FAIL	i_string_UTF-8_invalid_sequence.json
Swift Freddy 20160830	IMPLEMENTATION_PASS	i_structure_500_nested_arrays.json
Swift Freddy 20160830	IMPLEMENTATION_PASS	i_structure_UTF-8_BOM_empty_object.json
Swift Freddy 20160830	CRASH	n_string_start_escape_unclosed.json
Swift Freddy 20160830	SHOULD_HAVE_FAILED	n_string_unescaped_crtl_char.json
Swift Freddy 20160830	SHOULD_HAVE_FAILED	n_string_unescaped_newline.json
Swift Freddy 20160830	SHOULD_HAVE_FAILED	n_string_unescaped_tab.json
Swift Freddy 20160830	SHOULD_HAVE_PASSED	y_number_0e+1.json
Swift Freddy 20160830	SHOULD_HAVE_PASSED	y_number_0e1.json
Swift Freddy 20160830	SHOULD_HAVE_PASSED	y_string_utf16BE_no_BOM.json
Swift Freddy 20160830	SHOULD_HAVE_PASSED	y_string_utf16LE_no_BOM.json
Swift Freddy 20161018	IMPLEMENTATION_FAIL	i_object_key_lone_2nd_surrogate.json
Swift Freddy 20161018	IMPLEMENTATION_FAIL	i_string_1st_surrogate_but_2nd_missing.json
Swift Freddy 20161018	IMPLEMENTATION_FAIL	i_string_1st_valid_surrogate_2nd_invalid.json
Swift Freddy 20161018	IMPLEMENTATION_FAIL	i_string_incomplete_surrogate_and_escape_valid.json
Swift Freddy 20161018	IMPLEMENTATION_FAIL	i_string_incomplete_surrogate_pair.json
Swift Freddy 20161018	IMPLEMENTATION_FAIL	i_string_incomplete_surrogates_escape_valid.json
Swift Freddy 20161018	IMPLEMENTATION_FAIL	i_string_invalid_lonely_surrogate.json
Swift Freddy 20161018	IMPLEMENTATION_FAIL	i_string_invalid_surrogate.json
Swift Freddy 20161018	IMPLEMENTATION_FAIL	i_string_inverted_surrogates_U+1D11E.json
Swift Freddy 20161018	IMPLEMENTATION_FAIL	i_string_lone_second_surrogate.json
Swift Freddy 20161018	IMPLEMENTATION_PASS	i_string_not_in_unicode_range.json
Swift Freddy 20161018	IMPLEMENTATION_PASS	i_string_truncated-utf-8.json
Swift Freddy 20161018	IMPLEMENTATION_PASS	i_string_unicode_U+10FFFE_nonchar.json
Swift Freddy 20161018	IMPLEMENTATION_PASS	i_string_unicode_U+1FFFE_nonchar.json
Swift Freddy 20161018	IMPLEMENTATION_PASS	i_string_unicode_U+FDD0_nonchar.json
Swift Freddy 20161018	IMPLEMENTATION_PASS	i_string_unicode_U+FFFE_nonchar.json
Swift Freddy 20161018	IMPLEMENTATION_FAIL	i_string_UTF-16LE_with_BOM.json
Swift Freddy 20161018	IMPLEMENTATION_PASS	i_string_UTF-8_invalid_sequence.json
Swift Freddy 20161018	IMPLEMENTATION_PASS	i_structure_500_nested_arrays.json
Swift Freddy 20161018	IMPLEMENTATION_PASS	i_structure_UTF-8_BOM_empty_object.json
Swift Freddy 20161018	SHOULD_HAVE_FAILED	n_string_invalid_utf-8.json
Swift Freddy 20161018	SHOULD_HAVE_FAILED	n_string_iso_latin_1.json
Swift Freddy 20161018	SHOULD_HAVE_FAILED	n_string_lone_utf8_continuation_byte.json
Swift Freddy 20161018	SHOULD_HAVE_FAILED	n_string_overlong_sequence_2_bytes.json
Swift Freddy 20161018	SHOULD_HAVE_FAILED	n_string_overlong_sequence_6_bytes.json
Swift Freddy 20161018	SHOULD_HAVE_FAILED	n_string_overlong_sequence_6_bytes_null.json
Swift Freddy 20161018	CRASH	n_string_start_escape_unclosed.json
Swift Freddy 20161018	SHOULD_HAVE_FAILED	n_string_unescaped_crtl_char.json
Swift Freddy 20161018	SHOULD_HAVE_FAILED	n_string_unescaped_newline.json
Swift Freddy 20161018	SHOULD_HAVE_FAILED	n_string_unescaped_tab.json
Swift Freddy 20161018	SHOULD_HAVE_FAILED	n_string_UTF8_surrogate_U+D800.json
Swift Freddy 20161018	SHOULD_HAVE_PASSED	y_string_utf16BE_no_BOM.json
Swift Freddy 20161018	SHOULD_HAVE_PASSED	y_string_utf16LE_no_BOM.json
Swift PMJSON 1.1	CRASH	i_object_key_lone_2nd_surrogate.json
Swift PMJSON 1.1	IMPLEMENTATION_FAIL	i_string_1st_surrogate_but_2nd_missing.json
Swift PMJSON 1.1	IMPLEMENTATION_FAIL	i_string_1st_valid_surrogate_2nd_invalid.json
Swift PMJSON 1.1	IMPLEMENTATION_FAIL	i_string_incomplete_surrogate_and_escape_valid.json
Swift PMJSON 1.1	CRASH	i_string_incomplete_surrogate_pair.json
Swift PMJSON 1.1	IMPLEMENTATION_FAIL	i_string_incomplete_surrogates_escape_valid.json
Swift PMJSON 1.1	IMPLEMENTATION_FAIL	i_string_invalid_lonely_surrogate.json
Swift PMJSON 1.1	IMPLEMENTATION_FAIL	i_string_invalid_surrogate.json
Swift PMJSON 1.1	CRASH	i_string_inverted_surrogates_U+1D11E.json
Swift PMJSON 1.1	CRASH	i_string_lone_second_surrogate.json
Swift PMJSON 1.1	IMPLEMENTATION_PASS	i_string_not_in_unicode_range.json
Swift PMJSON 1.1	IMPLEMENTATION_PASS	i_string_truncated-utf-8.json
Swift PMJSON 1.1	IMPLEMENTATION_PASS	i_string_unicode_U+10FFFE_nonchar.json
Swift PMJSON 1.1	IMPLEMENTATION_PASS	i_string_unicode_U+1FFFE_nonchar.json
Swift PMJSON 1.1	IMPLEMENTATION_PASS	i_string_unicode_U+FDD0_nonchar.json
Swift PMJSON 1.1	IMPLEMENTATION_PASS	i_string_unicode_U+FFFE_nonchar.json
Swift PMJSON 1.1	IMPLEMENTATION_FAIL	i_string_UTF-16LE_with_BOM.json
Swift PMJSON 1.1	IMPLEMENTATION_PASS	i_string_UTF-8_invalid_sequence.json
Swift PMJSON 1.1	IMPLEMENTATION_PASS	i_structure_500_nested_arrays.json
Swift PMJSON 1.1	IMPLEMENTATION_FAIL	i_structure_UTF-8_BOM_empty_object.json
Swift PMJSON 1.1	SHOULD_HAVE_FAILED	n_number_-01.json
Swift PMJSON 1.1	SHOULD_HAVE_FAILED	n_number_neg_int_starting_with_zero.json
Swift PMJSON 1.1	SHOULD_HAVE_FAILED	n_number_neg_real_without_int_part.json
Swift PMJSON 1.1	SHOULD_HAVE_FAILED	n_number_with_leading_zero.json
Swift PMJSON 1.1	SHOULD_HAVE_FAILED	n_string_invalid_utf-8.json
Swift PMJSON 1.1	SHOULD_HAVE_FAILED	n_string_iso_latin_1.json
Swift PMJSON 1.1	SHOULD_HAVE_FAILED	n_string_lone_utf8_continuation_byte.json
Swift PMJSON 1.1	SHOULD_HAVE_FAILED	n_string_overlong_sequence_2_bytes.json
Swift PMJSON 1.1	SHOULD_HAVE_FAILED	n_string_overlong_sequence_6_bytes.json
Swift PMJSON 1.1	SHOULD_HAVE_FAILED	n_string_overlong_sequence_6_bytes_null.json
Swift PMJSON 1.1	SHOULD_HAVE_FAILED	n_string_UTF8_surrogate_U+D800.json
Swift PMJSON 1.1	CRASH	n_structure_100000_opening_arrays.json
Swift PMJSON 1.1	CRASH	n_structure_open_array_object.json
Swift PMJSON 1.1	SHOULD_HAVE_PASSED	y_number_0e+1.json
Swift PMJSON 1.1	SHOULD_HAVE_PASSED	y_number_neg_int_huge_exp.json
Swift PMJSON 1.1	SHOULD_HAVE_PASSED	y_number_real_capital_e_neg_exp.json
Swift PMJSON 1.1	SHOULD_HAVE_PASSED	y_number_real_capital_e_pos_exp.json
Swift PMJSON 1.1	SHOULD_HAVE_PASSED	y_number_real_neg_exp.json
Swift PMJSON 1.1	SHOULD_HAVE_PASSED	y_number_real_pos_exponent.json
Swift PMJSON 1.1	SHOULD_HAVE_PASSED	y_number_real_underflow.json
Swift PMJSON 1.1	SHOULD_HAVE_PASSED	y_string_utf16BE_no_BOM.json
Swift PMJSON 1.1	SHOULD_HAVE_PASSED	y_string_utf16LE_no_BOM.json
Swift PMJSON 1.1	SHOULD_HAVE_PASSED	y_structure_lonely_null.json
Swift PMJSON 1.2	IMPLEMENTATION_FAIL	i_object_key_lone_2nd_surrogate.json
Swift PMJSON 1.2	IMPLEMENTATION_FAIL	i_string_1st_surrogate_but_2nd_missing.json
Swift PMJSON 1.2	IMPLEMENTATION_FAIL	i_string_1st_valid_surrogate_2nd_invalid.json
Swift PMJSON 1.2	IMPLEMENTATION_FAIL	i_string_incomplete_surrogate_and_escape_valid.json
Swift PMJSON 1.2	IMPLEMENTATION_FAIL	i_string_incomplete_surrogate_pair.json
Swift PMJSON 1.2	IMPLEMENTATION_FAIL	i_string_incomplete_surrogates_escape_valid.json
Swift PMJSON 1.2	IMPLEMENTATION_FAIL	i_string_invalid_lonely_surrogate.json
Swift PMJSON 1.2	IMPLEMENTATION_FAIL	i_string_invalid_surrogate.json
Swift PMJSON 1.2	IMPLEMENTATION_FAIL	i_string_inverted_surrogates_U+1D11E.json
Swift PMJSON 1.2	IMPLEMENTATION_FAIL	i_string_lone_second_surrogate.json
Swift PMJSON 1.2	IMPLEMENTATION_PASS	i_string_not_in_unicode_range.json
Swift PMJSON 1.2	IMPLEMENTATION_PASS	i_string_truncated-utf-8.json
Swift PMJSON 1.2	IMPLEMENTATION_PASS	i_string_unicode_U+10FFFE_nonchar.json
Swift PMJSON 1.2	IMPLEMENTATION_PASS	i_string_unicode_U+1FFFE_nonchar.json
Swift PMJSON 1.2	IMPLEMENTATION_PASS	i_string_unicode_U+FDD0_nonchar.json
Swift PMJSON 1.2	IMPLEMENTATION_PASS	i_string_unicode_U+FFFE_nonchar.json
Swift PMJSON 1.2	IMPLEMENTATION_PASS	i_string_UTF-16LE_with_BOM.json
Swift PMJSON 1.2	IMPLEMENTATION_PASS	i_string_UTF-8_invalid_sequence.json
Swift PMJSON 1.2	IMPLEMENTATION_PASS	i_structure_500_nested_arrays.json
Swift PMJSON 1.2	IMPLEMENTATION_PASS	i_structure_UTF-8_BOM_empty_object.json
Swift PMJSON 1.2	SHOULD_HAVE_FAILED	n_array_extra_comma.json
Swift PMJSON 1.2	SHOULD_HAVE_FAILED	n_array_number_and_comma.json
Swift PMJSON 1.2	SHOULD_HAVE_FAILED	n_number_-01.json
Swift PMJSON 1.2	SHOULD_HAVE_FAILED	n_number_neg_int_starting_with_zero.json
Swift PMJSON 1.2	SHOULD_HAVE_FAILED	n_number_neg_real_without_int_part.json
Swift PMJSON 1.2	SHOULD_HAVE_FAILED	n_number_with_leading_zero.json
Swift PMJSON 1.2	SHOULD_HAVE_FAILED	n_object_pi_in_key_and_trailing_comma.json
Swift PMJSON 1.2	SHOULD_HAVE_FAILED	n_object_trailing_comma.json
Swift PMJSON 1.2	SHOULD_HAVE_FAILED	n_string_invalid_utf-8.json
Swift PMJSON 1.2	SHOULD_HAVE_FAILED	n_string_iso_latin_1.json
Swift PMJSON 1.2	SHOULD_HAVE_FAILED	n_string_lone_utf8_continuation_byte.json
Swift PMJSON 1.2	SHOULD_HAVE_FAILED	n_string_overlong_sequence_2_bytes.json
Swift PMJSON 1.2	SHOULD_HAVE_FAILED	n_string_overlong_sequence_6_bytes.json
Swift PMJSON 1.2	SHOULD_HAVE_FAILED	n_string_overlong_sequence_6_bytes_null.json
Swift PMJSON 1.2	SHOULD_HAVE_FAILED	n_string_UTF8_surrogate_U+D800.json
Swift PMJSON 1.2	CRASH	n_structure_100000_opening_arrays.json
Swift PMJSON 1.2	CRASH	n_structure_open_array_object.json
Swift PMJSON 1.2	SHOULD_HAVE_PASSED	y_string_utf16BE_no_BOM.json
Swift PMJSON 1.2	SHOULD_HAVE_PASSED	y_string_utf16LE_no_BOM.json
Swift PMJSON 1.2	SHOULD_HAVE_PASSED	y_structure_lonely_null.json
Swift STJSON	IMPLEMENTATION_PASS	i_object_key_lone_2nd_surrogate.json
Swift STJSON	IMPLEMENTATION_PASS	i_string_1st_surrogate_but_2nd_missing.json
Swift STJSON	IMPLEMENTATION_PASS	i_string_1st_valid_surrogate_2nd_invalid.json
Swift STJSON	IMPLEMENTATION_PASS	i_string_incomplete_surrogate_and_escape_valid.json
Swift STJSON	IMPLEMENTATION_PASS	i_string_incomplete_surrogate_pair.json
Swift STJSON	IMPLEMENTATION_PASS	i_string_incomplete_surrogates_escape_valid.json
Swift STJSON	IMPLEMENTATION_PASS	i_string_invalid_lonely_surrogate.json
Swift STJSON	IMPLEMENTATION_PASS	i_string_invalid_surrogate.json
Swift STJSON	IMPLEMENTATION_PASS	i_string_inverted_surrogates_U+1D11E.json
Swift STJSON	IMPLEMENTATION_PASS	i_string_lone_second_surrogate.json
Swift STJSON	IMPLEMENTATION_FAIL	i_string_not_in_unicode_range.json
Swift STJSON	IMPLEMENTATION_FAIL	i_string_truncated-utf-8.json
Swift STJSON	IMPLEMENTATION_PASS	i_string_unicode_U+10FFFE_nonchar.json
Swift STJSON	IMPLEMENTATION_PASS	i_string_unicode_U+1FFFE_nonchar.json
Swift STJSON	IMPLEMENTATION_PASS	i_string_unicode_U+FDD0_nonchar.json
Swift STJSON	IMPLEMENTATION_PASS	i_string_unicode_U+FFFE_nonchar.json
Swift STJSON	IMPLEMENTATION_FAIL	i_string_UTF-16LE_with_BOM.json
Swift STJSON	IMPLEMENTATION_FAIL	i_string_UTF-8_invalid_sequence.json
Swift STJSON	IMPLEMENTATION_PASS	i_structure_500_nested_arrays.json
Swift STJSON	IMPLEMENTATION_PASS	i_structure_UTF-8_BOM_empty_object.json
Swift STJSON	SHOULD_HAVE_PASSED	y_string_utf16BE_no_BOM.json
Swift STJSON	SHOULD_HAVE_PASSED	y_string_utf16LE_no_BOM.json
Json.NET 9.0.1	IMPLEMENTATION_PASS	i_object_key_lone_2nd_surrogate.json
Json.NET 9.0.1	IMPLEMENTATION_PASS	i_string_1st_surrogate_but_2nd_missing.json
Json.NET 9.0.1	IMPLEMENTATION_PASS	i_string_1st_valid_surrogate_2nd_invalid.json
Json.NET 9.0.1	IMPLEMENTATION_PASS	i_string_incomplete_surrogate_and_escape_valid.json
Json.NET 9.0.1	IMPLEMENTATION_PASS	i_string_incomplete_surrogate_pair.json
Json.NET 9.0.1	IMPLEMENTATION_PASS	i_string_incomplete_surrogates_escape_valid.json
Json.NET 9.0.1	IMPLEMENTATION_PASS	i_string_invalid_lonely_surrogate.json
Json.NET 9.0.1	IMPLEMENTATION_PASS	i_string_invalid_surrogate.json
Json.NET 9.0.1	IMPLEMENTATION_PASS	i_string_inverted_surrogates_U+1D11E.json
Json.NET 9.0.1	IMPLEMENTATION_PASS	i_string_lone_second_surrogate.json
Json.NET 9.0.1	IMPLEMENTATION_PASS	i_string_not_in_unicode_range.json
Json.NET 9.0.1	IMPLEMENTATION_PASS	i_string_truncated-utf-8.json
Json.NET 9.0.1	IMPLEMENTATION_PASS	i_string_unicode_U+10FFFE_nonchar.json
Json.NET 9.0.1	IMPLEMENTATION_PASS	i_string_unicode_U+1FFFE_nonchar.json
Json.NET 9.0.1	IMPLEMENTATION_PASS	i_string_unicode_U+FDD0_nonchar.json
Json.NET 9.0.1	IMPLEMENTATION_PASS	i_string_unicode_U+FFFE_nonchar.json
Json.NET 9.0.1	IMPLEMENTATION_PASS	i_string_UTF-16LE_with_BOM.json
Json.NET 9.0.1	IMPLEMENTATION_PASS	i_string_UTF-8_invalid_sequence.json
Json.NET 9.0.1	IMPLEMENTATION_PASS	i_structure_500_nested_arrays.json
Json.NET 9.0.1	IMPLEMENTATION_PASS	i_structure_UTF-8_BOM_empty_object.json
Json.NET 9.0.1	SHOULD_HAVE_FAILED	n_array_comma_after_close.json
Json.NET 9.0.1	SHOULD_HAVE_FAILED	n_array_comma_and_number.json
Json.NET 9.0.1	SHOULD_HAVE_FAILED	n_array_double_comma.json
Json.NET 9.0.1	SHOULD_HAVE_FAILED	n_array_double_extra_comma.json
Json.NET 9.0.1	SHOULD_HAVE_FAILED	n_array_extra_close.json
Json.NET 9.0.1	SHOULD_HAVE_FAILED	n_array_extra_comma.json
Json.NET 9.0.1	SHOULD_HAVE_FAILED	n_array_incomplete.json
Json.NET 9.0.1	SHOULD_HAVE_FAILED	n_array_just_comma.json
Json.NET 9.0.1	SHOULD_HAVE_FAILED	n_array_missing_value.json
Json.NET 9.0.1	SHOULD_HAVE_FAILED	n_array_newlines_unclosed.json
Json.NET 9.0.1	SHOULD_HAVE_FAILED	n_array_number_and_comma.json
Json.NET 9.0.1	SHOULD_HAVE_FAILED	n_array_number_and_several_commas.json
Json.NET 9.0.1	SHOULD_HAVE_FAILED	n_array_unclosed.json
Json.NET 9.0.1	SHOULD_HAVE_FAILED	n_array_unclosed_trailing_comma.json
Json.NET 9.0.1	SHOULD_HAVE_FAILED	n_array_unclosed_with_new_lines.json
Json.NET 9.0.1	SHOULD_HAVE_FAILED	n_array_unclosed_with_object_inside.json
Json.NET 9.0.1	SHOULD_HAVE_FAILED	n_number_-01.json
Json.NET 9.0.1	SHOULD_HAVE_FAILED	n_number_-2..json
Json.NET 9.0.1	SHOULD_HAVE_FAILED	n_number_.2e-3.json
Json.NET 9.0.1	SHOULD_HAVE_FAILED	n_number_0.e1.json
Json.NET 9.0.1	SHOULD_HAVE_FAILED	n_number_2.e+3.json
Json.NET 9.0.1	SHOULD_HAVE_FAILED	n_number_2.e-3.json
Json.NET 9.0.1	SHOULD_HAVE_FAILED	n_number_2.e3.json
Json.NET 9.0.1	SHOULD_HAVE_FAILED	n_number_hex_1_digit.json
Json.NET 9.0.1	SHOULD_HAVE_FAILED	n_number_hex_2_digits.json
Json.NET 9.0.1	SHOULD_HAVE_FAILED	n_number_infinity.json
Json.NET 9.0.1	SHOULD_HAVE_FAILED	n_number_minus_infinity.json
Json.NET 9.0.1	SHOULD_HAVE_FAILED	n_number_NaN.json
Json.NET 9.0.1	SHOULD_HAVE_FAILED	n_number_neg_int_starting_with_zero.json
Json.NET 9.0.1	SHOULD_HAVE_FAILED	n_number_neg_real_without_int_part.json
Json.NET 9.0.1	SHOULD_HAVE_FAILED	n_number_real_without_fractional_part.json
Json.NET 9.0.1	SHOULD_HAVE_FAILED	n_number_starting_with_dot.json
Json.NET 9.0.1	SHOULD_HAVE_FAILED	n_number_then_00.json
Json.NET 9.0.1	SHOULD_HAVE_FAILED	n_number_with_leading_zero.json
Json.NET 9.0.1	SHOULD_HAVE_FAILED	n_object_key_with_single_quotes.json
Json.NET 9.0.1	SHOULD_HAVE_FAILED	n_object_non_string_key.json
Json.NET 9.0.1	SHOULD_HAVE_FAILED	n_object_non_string_key_but_huge_number_instead.json
Json.NET 9.0.1	SHOULD_HAVE_FAILED	n_object_pi_in_key_and_trailing_comma.json
Json.NET 9.0.1	SHOULD_HAVE_FAILED	n_object_repeated_null_null.json
Json.NET 9.0.1	SHOULD_HAVE_FAILED	n_object_single_quote.json
Json.NET 9.0.1	SHOULD_HAVE_FAILED	n_object_trailing_comma.json
Json.NET 9.0.1	SHOULD_HAVE_FAILED	n_object_trailing_comment.json
Json.NET 9.0.1	SHOULD_HAVE_FAILED	n_object_trailing_comment_open.json
Json.NET 9.0.1	SHOULD_HAVE_FAILED	n_object_trailing_comment_slash_open.json
Json.NET 9.0.1	SHOULD_HAVE_FAILED	n_object_trailing_comment_slash_open_incomplete.json
Json.NET 9.0.1	SHOULD_HAVE_FAILED	n_object_unquoted_key.json
Json.NET 9.0.1	SHOULD_HAVE_FAILED	n_object_with_trailing_garbage.json
Json.NET 9.0.1	SHOULD_HAVE_FAILED	n_single_space.json
Json.NET 9.0.1	SHOULD_HAVE_FAILED	n_string_invalid_utf-8.json
Json.NET 9.0.1	SHOULD_HAVE_FAILED	n_string_iso_latin_1.json
Json.NET 9.0.1	SHOULD_HAVE_FAILED	n_string_lone_utf8_continuation_byte.json
Json.NET 9.0.1	SHOULD_HAVE_FAILED	n_string_overlong_sequence_2_bytes.json
Json.NET 9.0.1	SHOULD_HAVE_FAILED	n_string_overlong_sequence_6_bytes.json
Json.NET 9.0.1	SHOULD_HAVE_FAILED	n_string_overlong_sequence_6_bytes_null.json
Json.NET 9.0.1	SHOULD_HAVE_FAILED	n_string_single_quote.json
Json.NET 9.0.1	SHOULD_HAVE_FAILED	n_string_unescaped_crtl_char.json
Json.NET 9.0.1	SHOULD_HAVE_FAILED	n_string_unescaped_newline.json
Json.NET 9.0.1	SHOULD_HAVE_FAILED	n_string_unescaped_tab.json
Json.NET 9.0.1	SHOULD_HAVE_FAILED	n_string_UTF8_surrogate_U+D800.json
Json.NET 9.0.1	SHOULD_HAVE_FAILED	n_string_with_trailing_garbage.json
Json.NET 9.0.1	SHOULD_HAVE_FAILED	n_structure_array_trailing_garbage.json
Json.NET 9.0.1	SHOULD_HAVE_FAILED	n_structure_array_with_extra_array_close.json
Json.NET 9.0.1	SHOULD_HAVE_FAILED	n_structure_close_unopened_array.json
Json.NET 9.0.1	SHOULD_HAVE_FAILED	n_structure_double_array.json
Json.NET 9.0.1	SHOULD_HAVE_FAILED	n_structure_lone-invalid-utf-8.json
Json.NET 9.0.1	SHOULD_HAVE_FAILED	n_structure_lone-open-bracket.json
Json.NET 9.0.1	SHOULD_HAVE_FAILED	n_structure_no_data.json
Json.NET 9.0.1	SHOULD_HAVE_FAILED	n_structure_null-byte-outside-string.json
Json.NET 9.0.1	SHOULD_HAVE_FAILED	n_structure_object_followed_by_closing_object.json
Json.NET 9.0.1	SHOULD_HAVE_FAILED	n_structure_object_with_comment.json
Json.NET 9.0.1	SHOULD_HAVE_FAILED	n_structure_object_with_trailing_garbage.json
Json.NET 9.0.1	SHOULD_HAVE_FAILED	n_structure_open_array_comma.json
Json.NET 9.0.1	SHOULD_HAVE_FAILED	n_structure_open_array_open_object.json
Json.NET 9.0.1	SHOULD_HAVE_FAILED	n_structure_open_array_string.json
Json.NET 9.0.1	SHOULD_HAVE_FAILED	n_structure_single_point.json
Json.NET 9.0.1	SHOULD_HAVE_FAILED	n_structure_trailing_#.json
Json.NET 9.0.1	SHOULD_HAVE_FAILED	n_structure_unclosed_array.json
Json.NET 9.0.1	SHOULD_HAVE_FAILED	n_structure_UTF8_BOM_no_data.json
Json.NET 9.0.1	SHOULD_HAVE_FAILED	n_structure_whitespace_formfeed.json
Json.NET 9.0.1	SHOULD_HAVE_PASSED	y_number_huge_exp.json
Json.NET 9.0.1	SHOULD_HAVE_PASSED	y_number_neg_int_huge_exp.json
Json.NET 9.0.1	SHOULD_HAVE_PASSED	y_number_pos_double_huge_exp.json
Json.NET 9.0.1	SHOULD_HAVE_PASSED	y_number_real_neg_overflow.json
Json.NET 9.0.1	SHOULD_HAVE_PASSED	y_number_real_pos_overflow.json
Json.NET 9.0.1	SHOULD_HAVE_PASSED	y_number_too_big_neg_int.json
Json.NET 9.0.1	SHOULD_HAVE_PASSED	y_number_too_big_pos_int.json
Json.NET 9.0.1	SHOULD_HAVE_PASSED	y_number_very_big_negative_int.json
PHP 5.5.36	SHOULD_HAVE_FAILED	n_number_0.e1.json
PHP 5.5.36	SHOULD_HAVE_PASSED	y_string_utf16LE_no_BOM.json
PHP 5.5.36	SHOULD_HAVE_FAILED	n_number_-2..json
PHP 5.5.36	IMPLEMENTATION_PASS	i_string_UTF-16_invalid_lonely_surrogate.json
PHP 5.5.36	IMPLEMENTATION_FAIL	i_string_UTF-8_invalid_sequence.json
PHP 5.5.36	IMPLEMENTATION_PASS	i_string_1st_surrogate_but_2nd_missing.json
PHP 5.5.36	IMPLEMENTATION_PASS	i_string_inverted_surrogates_U+1D11E.json
PHP 5.5.36	IMPLEMENTATION_PASS	i_string_incomplete_surrogate_and_escape_valid.json
PHP 5.5.36	IMPLEMENTATION_FAIL	i_string_truncated-utf-8.json
PHP 5.5.36	IMPLEMENTATION_PASS	i_string_lone_second_surrogate.json
PHP 5.5.36	IMPLEMENTATION_FAIL	i_structure_UTF-8_BOM_empty_object.json
PHP 5.5.36	IMPLEMENTATION_PASS	i_string_incomplete_surrogate_pair.json
PHP 5.5.36	SHOULD_HAVE_FAILED	n_number_2.e-3.json
PHP 5.5.36	SHOULD_HAVE_PASSED	y_string_utf16BE_no_BOM.json
PHP 5.5.36	SHOULD_HAVE_FAILED	n_number_real_without_fractional_part.json
PHP 5.5.36	IMPLEMENTATION_PASS	i_string_unicode_U+FFFE_nonchar.json
PHP 5.5.36	IMPLEMENTATION_PASS	i_structure_500_nested_arrays.json
PHP 5.5.36	IMPLEMENTATION_PASS	i_string_unicode_U+FDD0_nonchar.json
PHP 5.5.36	SHOULD_HAVE_FAILED	n_number_2.e3.json
PHP 5.5.36	SHOULD_HAVE_FAILED	n_number_2.e+3.json
PHP 5.5.36	IMPLEMENTATION_PASS	i_string_1st_valid_surrogate_2nd_invalid.json
PHP 5.5.36	IMPLEMENTATION_PASS	i_string_UTF-16_invalid_surrogate.json
PHP 5.5.36	IMPLEMENTATION_PASS	i_string_unicode_U+1FFFE_nonchar.json
PHP 5.5.36	IMPLEMENTATION_FAIL	i_string_not_in_unicode_range.json
PHP 5.5.36	IMPLEMENTATION_PASS	i_object_key_lone_2nd_surrogate.json
PHP 5.5.36	IMPLEMENTATION_PASS	i_string_incomplete_surrogates_escape_valid.json
PHP 5.5.36	SHOULD_HAVE_FAILED	n_structure_no_data.json
PHP 5.5.36	IMPLEMENTATION_PASS	i_string_unicode_U+10FFFE_nonchar.json
PHP 5.5.36	IMPLEMENTATION_FAIL	i_string_UTF-16LE_with_BOM.json
PHP 5.6.28	SHOULD_HAVE_FAILED	n_number_0.e1.json
PHP 5.6.28	SHOULD_HAVE_PASSED	y_string_utf16LE_no_BOM.json
PHP 5.6.28	SHOULD_HAVE_FAILED	n_number_-2..json
PHP 5.6.28	IMPLEMENTATION_PASS	i_string_UTF-16_invalid_lonely_surrogate.json
PHP 5.6.28	IMPLEMENTATION_FAIL	i_string_UTF-8_invalid_sequence.json
PHP 5.6.28	IMPLEMENTATION_PASS	i_string_1st_surrogate_but_2nd_missing.json
PHP 5.6.28	IMPLEMENTATION_PASS	i_string_inverted_surrogates_U+1D11E.json
PHP 5.6.28	IMPLEMENTATION_PASS	i_string_incomplete_surrogate_and_escape_valid.json
PHP 5.6.28	IMPLEMENTATION_FAIL	i_string_truncated-utf-8.json
PHP 5.6.28	IMPLEMENTATION_PASS	i_string_lone_second_surrogate.json
PHP 5.6.28	IMPLEMENTATION_FAIL	i_structure_UTF-8_BOM_empty_object.json
PHP 5.6.28	IMPLEMENTATION_PASS	i_string_incomplete_surrogate_pair.json
PHP 5.6.28	SHOULD_HAVE_FAILED	n_number_2.e-3.json
PHP 5.6.28	SHOULD_HAVE_PASSED	y_string_utf16BE_no_BOM.json
PHP 5.6.28	SHOULD_HAVE_FAILED	n_number_real_without_fractional_part.json
PHP 5.6.28	IMPLEMENTATION_PASS	i_string_unicode_U+FFFE_nonchar.json
PHP 5.6.28	IMPLEMENTATION_PASS	i_structure_500_nested_arrays.json
PHP 5.6.28	IMPLEMENTATION_PASS	i_string_unicode_U+FDD0_nonchar.json
PHP 5.6.28	SHOULD_HAVE_FAILED	n_number_2.e3.json
PHP 5.6.28	SHOULD_HAVE_FAILED	n_number_2.e+3.json
PHP 5.6.28	IMPLEMENTATION_PASS	i_string_1st_valid_surrogate_2nd_invalid.json
PHP 5.6.28	IMPLEMENTATION_PASS	i_string_UTF-16_invalid_surrogate.json
PHP 5.6.28	IMPLEMENTATION_PASS	i_string_unicode_U+1FFFE_nonchar.json
PHP 5.6.28	IMPLEMENTATION_FAIL	i_string_not_in_unicode_range.json
PHP 5.6.28	IMPLEMENTATION_PASS	i_object_key_lone_2nd_surrogate.json
PHP 5.6.28	IMPLEMENTATION_PASS	i_string_incomplete_surrogates_escape_valid.json
PHP 5.6.28	SHOULD_HAVE_FAILED	n_structure_no_data.json
PHP 5.6.28	IMPLEMENTATION_PASS	i_string_unicode_U+10FFFE_nonchar.json
PHP 5.6.28	IMPLEMENTATION_FAIL	i_string_UTF-16LE_with_BOM.json
PHP 7.0.10	SHOULD_HAVE_PASSED	y_string_utf16LE_no_BOM.json
PHP 7.0.10	IMPLEMENTATION_FAIL	i_string_UTF-16_invalid_lonely_surrogate.json
PHP 7.0.10	IMPLEMENTATION_FAIL	i_string_UTF-8_invalid_sequence.json
PHP 7.0.10	IMPLEMENTATION_FAIL	i_string_1st_surrogate_but_2nd_missing.json
PHP 7.0.10	IMPLEMENTATION_FAIL	i_string_inverted_surrogates_U+1D11E.json
PHP 7.0.10	IMPLEMENTATION_FAIL	i_string_incomplete_surrogate_and_escape_valid.json
PHP 7.0.10	IMPLEMENTATION_FAIL	i_string_truncated-utf-8.json
PHP 7.0.10	IMPLEMENTATION_FAIL	i_string_lone_second_surrogate.json
PHP 7.0.10	IMPLEMENTATION_FAIL	i_structure_UTF-8_BOM_empty_object.json
PHP 7.0.10	IMPLEMENTATION_FAIL	i_string_incomplete_surrogate_pair.json
PHP 7.0.10	SHOULD_HAVE_PASSED	y_string_utf16BE_no_BOM.json
PHP 7.0.10	IMPLEMENTATION_PASS	i_string_unicode_U+FFFE_nonchar.json
PHP 7.0.10	IMPLEMENTATION_PASS	i_structure_500_nested_arrays.json
PHP 7.0.10	IMPLEMENTATION_PASS	i_string_unicode_U+FDD0_nonchar.json
PHP 7.0.10	IMPLEMENTATION_FAIL	i_string_1st_valid_surrogate_2nd_invalid.json
PHP 7.0.10	IMPLEMENTATION_FAIL	i_string_UTF-16_invalid_surrogate.json
PHP 7.0.10	IMPLEMENTATION_PASS	i_string_unicode_U+1FFFE_nonchar.json
PHP 7.0.10	IMPLEMENTATION_FAIL	i_string_not_in_unicode_range.json
PHP 7.0.10	IMPLEMENTATION_FAIL	i_object_key_lone_2nd_surrogate.json
PHP 7.0.10	IMPLEMENTATION_FAIL	i_string_incomplete_surrogates_escape_valid.json
PHP 7.0.10	IMPLEMENTATION_PASS	i_string_unicode_U+10FFFE_nonchar.json
PHP 7.0.10	IMPLEMENTATION_FAIL	i_string_UTF-16LE_with_BOM.json
